        -:    0:Source:/home/drowlia/code_save/ds/Tree/BinaryTree.hpp
        -:    0:Graph:/home/drowlia/code_save/ds/cmake-build-debug-/CMakeFiles/ds.dir/Tree/BinaryTreeTest.cpp.gcno
        -:    0:Data:/home/drowlia/code_save/ds/cmake-build-debug-/CMakeFiles/ds.dir/Tree/BinaryTreeTest.cpp.gcda
        -:    0:Runs:1
        -:    1://
        -:    2:// Created by lsx31 on 24-12-9.
        -:    3://
        -:    4:
        -:    5:#pragma once
        -:    6:
        -:    7:#include <iostream>
        -:    8:#include <stdexcept>
        -:    9:
        -:   10:#include "../Queue/Queue.hpp"
        -:   11:
        -:   12:namespace ds {
        -:   13:
        -:   14:template <typename ElemType>
        -:   15:struct BinaryTreeNode {
        -:   16:	ElemType data_;
        -:   17:	BinaryTreeNode* left_;
        -:   18:	BinaryTreeNode* right_;
        -:   19:
function _ZN2ds14BinaryTreeNodeIiEC2ERKi called 138 returned 100% blocks executed 100%
      138:   20:	explicit BinaryTreeNode(const ElemType& value) : data_{value}, left_{nullptr}, right_{nullptr} {}
        -:   21:};
        -:   22:
        -:   23:template <typename ElemType>
        -:   24:struct BinaryTree {
        -:   25:private:
        -:   26:	BinaryTreeNode<ElemType>* root_;
        -:   27:
function _ZN2ds10BinaryTreeIiE12destroy_treeEPNS_14BinaryTreeNodeIiEE called 289 returned 100% blocks executed 100%
      289:   28:	void destroy_tree(BinaryTreeNode<ElemType>* node) {
      289:   29:		if (node != nullptr) {
      289:   29-block 2
branch  0 taken 133 (fallthrough)
branch  1 taken 156
      133:   30:			destroy_tree(node->left_);
      133:   30-block 3
call    0 returned 133
      133:   31:			destroy_tree(node->right_);
call    0 returned 133
      133:   32:			delete node;
branch  0 taken 133 (fallthrough)
branch  1 taken 0
      133:   32-block 6
call    2 returned 133
        -:   33:		}
      289:   34:	}
        -:   35:
function _ZN2ds10BinaryTreeIiE11insert_utilERPNS_14BinaryTreeNodeIiEERKi called 352 returned 100% blocks executed 100%
      352:   36:	void insert_util(BinaryTreeNode<ElemType>*& node, const ElemType& value) {
      352:   37:		if (node == nullptr) {
      352:   37-block 2
branch  0 taken 138 (fallthrough)
branch  1 taken 214
      138:   38:			node = new BinaryTreeNode<ElemType>(value);
      138:   38-block 3
call    0 returned 138
call    1 returned 138
      214:   39:		} else if (value < node->data_) {
      214:   39-block 6
branch  0 taken 107 (fallthrough)
branch  1 taken 107
      107:   40:			insert_util(node->left_, value);
      107:   40-block 7
call    0 returned 107
        -:   41:		} else {
      107:   42:			insert_util(node->right_, value);
      107:   42-block 8
call    0 returned 107
        -:   43:		}
      352:   44:	}
        -:   45:
function _ZN2ds10BinaryTreeIiE5visitEPNS_14BinaryTreeNodeIiEE called 56 returned 100% blocks executed 100%
       56:   46:	static void visit(BinaryTreeNode<ElemType>* node) {
       56:   47:		std::cout << node->data_ << " ";
       56:   47-block 2
call    0 returned 56
call    1 returned 56
       56:   48:	}
        -:   49:
function _ZNK2ds10BinaryTreeIiE14pre_order_utilEPNS_14BinaryTreeNodeIiEE called 15 returned 100% blocks executed 100%
       15:   50:	void pre_order_util(BinaryTreeNode<ElemType>* node) const {
       15:   51:		if (node != nullptr) {
       15:   51-block 2
branch  0 taken 7 (fallthrough)
branch  1 taken 8
        7:   52:			visit(node);
        7:   52-block 3
call    0 returned 7
        7:   53:			pre_order_util(node->left_);
call    0 returned 7
        7:   54:			pre_order_util(node->right_);
call    0 returned 7
        -:   55:		}
       15:   56:	}
function _ZNK2ds10BinaryTreeIiE13in_order_utilEPNS_14BinaryTreeNodeIiEE called 91 returned 100% blocks executed 100%
       91:   57:	void in_order_util(BinaryTreeNode<ElemType>* node) const {
       91:   58:		if (node != nullptr) {
       91:   58-block 2
branch  0 taken 42 (fallthrough)
branch  1 taken 49
       42:   59:			in_order_util(node->left_);
       42:   59-block 3
call    0 returned 42
       42:   60:			visit(node);
call    0 returned 42
       42:   61:			in_order_util(node->right_);
call    0 returned 42
        -:   62:		}
       91:   63:	}
function _ZNK2ds10BinaryTreeIiE15post_order_utilEPNS_14BinaryTreeNodeIiEE called 15 returned 100% blocks executed 100%
       15:   64:	void post_order_util(BinaryTreeNode<ElemType>* node) const {
       15:   65:		if (node != nullptr) {
       15:   65-block 2
branch  0 taken 7 (fallthrough)
branch  1 taken 8
        7:   66:			post_order_util(node->left_);
        7:   66-block 3
call    0 returned 7
        7:   67:			post_order_util(node->right_);
call    0 returned 7
        7:   68:			visit(node);
call    0 returned 7
        -:   69:		}
       15:   70:	}
        -:   71:
function _ZNK2ds10BinaryTreeIiE11search_utilEPKNS_14BinaryTreeNodeIiEERKi called 29 returned 100% blocks executed 100%
       29:   72:	bool search_util(const BinaryTreeNode<ElemType>* node, const ElemType& value) const {
       29:   73:		if (node == nullptr)
       29:   73-block 2
branch  0 taken 3 (fallthrough)
branch  1 taken 26
        3:   74:			return false;
        3:   74-block 3
       26:   75:		if (value == node->data_) {
       26:   75-block 4
branch  0 taken 7 (fallthrough)
branch  1 taken 19
        7:   76:			return true;
        7:   76-block 5
       19:   77:		} else if (value < node->data_) {
       19:   77-block 6
branch  0 taken 9 (fallthrough)
branch  1 taken 10
        9:   78:			return search_util(node->left_, value);
        9:   78-block 7
call    0 returned 9
        -:   79:		} else {
       10:   80:			return search_util(node->right_, value);
       10:   80-block 9
call    0 returned 10
        -:   81:		}
        -:   82:	}
function _ZNK2ds10BinaryTreeIiE19find_max_value_utilEPKNS_14BinaryTreeNodeIiEE called 3 returned 100% blocks executed 100%
        3:   83:	ElemType find_max_value_util(const BinaryTreeNode<ElemType>* node) const {
        3:   84:		if (node->right_ == nullptr)
        3:   84-block 2
branch  0 taken 1 (fallthrough)
branch  1 taken 2
        1:   85:			return node->data_;
        1:   85-block 3
        2:   86:		return find_max_value_util(node->right_);
        2:   86-block 4
call    0 returned 2
        -:   87:	}
function _ZNK2ds10BinaryTreeIiE19find_min_value_utilEPKNS_14BinaryTreeNodeIiEE called 3 returned 100% blocks executed 100%
        3:   88:	ElemType find_min_value_util(const BinaryTreeNode<ElemType>* node) const {
        3:   89:		if (node->left_ == nullptr)
        3:   89-block 2
branch  0 taken 1 (fallthrough)
branch  1 taken 2
        1:   90:			return node->data_;
        1:   90-block 3
        2:   91:		return find_min_value_util(node->left_);
        2:   91-block 4
call    0 returned 2
        -:   92:	}
function _ZNK2ds10BinaryTreeIiE13find_max_utilEPNS_14BinaryTreeNodeIiEE called 6 returned 100% blocks executed 100%
        6:   93:	BinaryTreeNode<ElemType>* find_max_util(BinaryTreeNode<ElemType>* node) const {
        6:   94:		if (node->right_ == nullptr)
        6:   94-block 2
branch  0 taken 2 (fallthrough)
branch  1 taken 4
        2:   95:			return node;
        2:   95-block 3
        4:   96:		return find_max_util(node->right_);
        4:   96-block 4
call    0 returned 4
        -:   97:	}
function _ZNK2ds10BinaryTreeIiE13find_min_utilEPNS_14BinaryTreeNodeIiEE called 7 returned 100% blocks executed 100%
        7:   98:	BinaryTreeNode<ElemType>* find_min_util(BinaryTreeNode<ElemType>* node) const {
        7:   99:		if (node->left_ == nullptr)
        7:   99-block 2
branch  0 taken 4 (fallthrough)
branch  1 taken 3
        4:  100:			return node;
        4:  100-block 3
        3:  101:		return find_min_util(node->left_);
        3:  101-block 4
call    0 returned 3
        -:  102:	}
        -:  103:
function _ZNK2ds10BinaryTreeIiE21calculate_height_utilEPNS_14BinaryTreeNodeIiEE called 50 returned 100% blocks executed 90%
       50:  104:	size_t calculate_height_util(BinaryTreeNode<ElemType>* node) const {
       50:  105:		if (node == nullptr) {
       50:  105-block 2
branch  0 taken 27 (fallthrough)
branch  1 taken 23
       27:  106:			return 0;
       27:  106-block 3
        -:  107:		} else {
       23:  108:			return std::max(calculate_height_util(node->left_), calculate_height_util(node->right_)) + 1;
       23:  108-block 4
call    0 returned 23
branch  1 taken 23 (fallthrough)
branch  2 taken 0 (throw)
       23:  108-block 5
call    3 returned 23
branch  4 taken 23 (fallthrough)
branch  5 taken 0 (throw)
       23:  108-block 6
call    6 returned 23
       23:  108-block 8
    $$$$$:  108-block 10
        -:  109:		}
        -:  110:	}
        -:  111:
function _ZNK2ds10BinaryTreeIiE11is_bst_utilEPNS_14BinaryTreeNodeIiEERKiS6_ called 54 returned 100% blocks executed 100%
       54:  112:	bool is_bst_util(BinaryTreeNode<ElemType>* node, const ElemType& min, const ElemType& max) const {
       54:  113:		if (node == nullptr)
       54:  113-block 2
branch  0 taken 29 (fallthrough)
branch  1 taken 25
       29:  114:			return true;
       29:  114-block 3
        -:  115:
       25:  116:		if (node->data_ <= min || node->data_ >= max) {
       25:  116-block 4
branch  0 taken 24 (fallthrough)
branch  1 taken 1
       24:  116-block 5
branch  2 taken 0 (fallthrough)
branch  3 taken 24
        1:  117:			return false;
        1:  117-block 6
        -:  118:		}
        -:  119:
       48:  120:		return is_bst_util(node->left_, min, node->data_) &&
       24:  120-block 7
call    0 returned 24
branch  1 taken 24 (fallthrough)
branch  2 taken 0
       22:  120-block 11
        2:  120-block 12
       48:  121:			   is_bst_util(node->right_, node->data_, max);
       24:  121-block 9
call    0 returned 24
branch  1 taken 22 (fallthrough)
branch  2 taken 2
       24:  121-block 13
        -:  122:	}
        -:  123:
function _ZN2ds10BinaryTreeIiE10erase_utilEPNS_14BinaryTreeNodeIiEERKi called 19 returned 100% blocks executed 86%
       19:  124:	BinaryTreeNode<ElemType>* erase_util(BinaryTreeNode<ElemType>* node, const ElemType& data) {
       19:  125:		if (node == nullptr) {
       19:  125-block 2
branch  0 taken 1 (fallthrough)
branch  1 taken 18
        1:  126:			return nullptr;
        1:  126-block 3
        -:  127:		}
        -:  128:
       18:  129:		if (data < node->data_) {
       18:  129-block 4
branch  0 taken 4 (fallthrough)
branch  1 taken 14
        4:  130:			node->left_ = erase_util(node->left_, data);
        4:  130-block 5
call    0 returned 4
       14:  131:		} else if (data > node->data_) {
       14:  131-block 7
branch  0 taken 6 (fallthrough)
branch  1 taken 8
        6:  132:			node->right_ = erase_util(node->right_, data);
        6:  132-block 8
call    0 returned 6
        -:  133:		} else {
        8:  134:			if (node->left_ == nullptr) {
        8:  134-block 10
branch  0 taken 5 (fallthrough)
branch  1 taken 3
        5:  135:				BinaryTreeNode<ElemType>* temp = node->right_;
        5:  136:				delete node;
        5:  136-block 11
branch  0 taken 5 (fallthrough)
branch  1 taken 0
        5:  136-block 12
call    2 returned 5
        5:  137:				return temp;
        5:  137-block 13
        3:  138:			} else if (node->right_ == nullptr) {
        3:  138-block 14
branch  0 taken 0 (fallthrough)
branch  1 taken 3
    #####:  139:				BinaryTreeNode<ElemType>* temp = node->left_;
    #####:  140:				delete node;
    %%%%%:  140-block 15
branch  0 never executed (fallthrough)
branch  1 never executed
    %%%%%:  140-block 16
call    2 never executed
    #####:  141:				return temp;
    %%%%%:  141-block 17
        -:  142:			}
        -:  143:
        3:  144:			BinaryTreeNode<ElemType>* temp = find_min_util(node->right_);
        3:  144-block 18
call    0 returned 3
        3:  145:			node->data_ = temp->data_;
        3:  146:			node->right_ = erase_util(node->right_, temp->data_);
call    0 returned 3
        -:  147:		}
       13:  148:		return node;
       13:  148-block 21
        -:  149:	}
        -:  150:
        -:  151:public:
function _ZN2ds10BinaryTreeIiEC2Ev called 23 returned 100% blocks executed 100%
       23:  152:	BinaryTree() : root_{nullptr} {}
        -:  153:
function _ZN2ds10BinaryTreeIiED2Ev called 23 returned 100% blocks executed 100%
       23:  154:	~BinaryTree() {
       23:  155:		destroy_tree(root_);
       23:  155-block 2
call    0 returned 23
       23:  156:	}
        -:  157:
function _ZN2ds10BinaryTreeIiE6insertERKi called 138 returned 100% blocks executed 100%
      138:  158:	void insert(const ElemType& value) {
      138:  159:		insert_util(root_, value);
      138:  159-block 2
call    0 returned 138
      138:  160:	}
        -:  161:
function _ZNK2ds10BinaryTreeIiE9pre_orderEv called 1 returned 100% blocks executed 100%
        1:  162:	void pre_order() const {
        1:  163:		pre_order_util(root_);
        1:  163-block 2
call    0 returned 1
        1:  164:		std::cout << std::endl;
call    0 returned 1
        1:  165:	}
        -:  166:
function _ZNK2ds10BinaryTreeIiE8in_orderEv called 7 returned 100% blocks executed 100%
        7:  167:	void in_order() const {
        7:  168:		in_order_util(root_);
        7:  168-block 2
call    0 returned 7
        7:  169:		std::cout << std::endl;
call    0 returned 7
        7:  170:	}
        -:  171:
function _ZNK2ds10BinaryTreeIiE10post_orderEv called 1 returned 100% blocks executed 100%
        1:  172:	void post_order() const {
        1:  173:		post_order_util(root_);
        1:  173-block 2
call    0 returned 1
        1:  174:		std::cout << std::endl;
call    0 returned 1
        1:  175:	}
        -:  176:
function _ZNK2ds10BinaryTreeIiE11level_orderEv called 1 returned 100% blocks executed 86%
        1:  177:	void level_order() const {
        1:  178:		if (root_ == nullptr)
        1:  178-block 2
branch  0 taken 0 (fallthrough)
branch  1 taken 1
    #####:  179:			return;
    %%%%%:  179-block 3
        -:  180:
        1:  181:		ds::Queue<BinaryTreeNode<ElemType>*> q;
        1:  181-block 4
call    0 returned 1
        1:  182:		q.enqueue(root_);
call    0 returned 1
branch  1 taken 1 (fallthrough)
branch  2 taken 0 (throw)
        -:  183:
        8:  184:		while (!q.is_empty()) {
        1:  184-block 6
        8:  184-block 15
call    0 returned 8
branch  1 taken 7
branch  2 taken 1 (fallthrough)
        7:  185:			BinaryTreeNode<ElemType>* current = q.peek();
        7:  185-block 7
call    0 returned 7
branch  1 taken 7 (fallthrough)
branch  2 taken 0 (throw)
        7:  186:			q.dequeue();
        7:  186-block 8
call    0 returned 7
branch  1 taken 7 (fallthrough)
branch  2 taken 0 (throw)
        -:  187:
        7:  188:			std::cout << current->data_ << " ";
        7:  188-block 9
call    0 returned 7
branch  1 taken 7 (fallthrough)
branch  2 taken 0 (throw)
        7:  188-block 10
call    3 returned 7
branch  4 taken 7 (fallthrough)
branch  5 taken 0 (throw)
        -:  189:
        7:  190:			if (current->left_ != nullptr) {
        7:  190-block 11
branch  0 taken 3 (fallthrough)
branch  1 taken 4
        3:  191:				q.enqueue(current->left_);
        3:  191-block 12
call    0 returned 3
branch  1 taken 3 (fallthrough)
branch  2 taken 0 (throw)
        -:  192:			}
        -:  193:
        7:  194:			if (current->right_ != nullptr) {
        7:  194-block 13
branch  0 taken 3 (fallthrough)
branch  1 taken 4
        3:  195:				q.enqueue(current->right_);
        3:  195-block 14
call    0 returned 3
branch  1 taken 3 (fallthrough)
branch  2 taken 0 (throw)
        -:  196:			}
        -:  197:		}
        1:  198:		std::cout << std::endl;
        1:  198-block 17
call    0 returned 1
branch  1 taken 1 (fallthrough)
branch  2 taken 0 (throw)
        1:  199:	}
        1:  199-block 18
call    0 returned 1
    $$$$$:  199-block 21
call    1 never executed
        -:  200:
function _ZNK2ds10BinaryTreeIiE6searchERKi called 10 returned 100% blocks executed 100%
       10:  201:	bool search(const ElemType& value) const {
       10:  202:		return search_util(root_, value);
       10:  202-block 2
call    0 returned 10
        -:  203:	}
        -:  204:
function _ZNK2ds10BinaryTreeIiE14find_max_valueEv called 2 returned 50% blocks executed 89%
        2:  205:	ElemType find_max_value() const {
        2:  206:		if (root_ == nullptr)
        2:  206-block 2
branch  0 taken 1 (fallthrough)
branch  1 taken 1
        1:  207:			throw std::runtime_error("can't find on empty tree.");
        1:  207-block 3
call    0 returned 1
call    1 returned 1
branch  2 taken 1 (fallthrough)
branch  3 taken 0 (throw)
        1:  207-block 5
call    4 returned 0
    $$$$$:  207-block 9
call    5 never executed
        -:  208:
        1:  209:		return find_max_value_util(root_);
        1:  209-block 6
call    0 returned 1
        1:  209-block 8
        -:  210:	}
        -:  211:
function _ZNK2ds10BinaryTreeIiE14find_min_valueEv called 2 returned 50% blocks executed 89%
        2:  212:	ElemType find_min_value() const {
        2:  213:		if (root_ == nullptr)
        2:  213-block 2
branch  0 taken 1 (fallthrough)
branch  1 taken 1
        1:  214:			throw std::runtime_error("can't find on empty tree.");
        1:  214-block 3
call    0 returned 1
call    1 returned 1
branch  2 taken 1 (fallthrough)
branch  3 taken 0 (throw)
        1:  214-block 5
call    4 returned 0
    $$$$$:  214-block 9
call    5 never executed
        -:  215:
        1:  216:		return find_min_value_util(root_);
        1:  216-block 6
call    0 returned 1
        1:  216-block 8
        -:  217:	}
        -:  218:
function _ZNK2ds10BinaryTreeIiE8find_maxEv called 2 returned 100% blocks executed 80%
        2:  219:	BinaryTreeNode<ElemType>* find_max() const {
        2:  220:		if (root_ == nullptr)
        2:  220-block 2
branch  0 taken 0 (fallthrough)
branch  1 taken 2
    #####:  221:			return nullptr;
    %%%%%:  221-block 3
        -:  222:
        2:  223:		return find_max_util(root_);
        2:  223-block 4
call    0 returned 2
        -:  224:	}
        -:  225:
function _ZNK2ds10BinaryTreeIiE8find_minEv called 1 returned 100% blocks executed 80%
        1:  226:	BinaryTreeNode<ElemType>* find_min() const {
        1:  227:		if (root_ == nullptr)
        1:  227-block 2
branch  0 taken 0 (fallthrough)
branch  1 taken 1
    #####:  228:			return nullptr;
    %%%%%:  228-block 3
        -:  229:
        1:  230:		return find_min_util(root_);
        1:  230-block 4
call    0 returned 1
        -:  231:	}
        -:  232:
function _ZNK2ds10BinaryTreeIiE16calculate_heightEv called 4 returned 100% blocks executed 100%
        4:  233:	[[nodiscard]] size_t calculate_height() const {
        4:  234:		return calculate_height_util(root_);
        4:  234-block 2
call    0 returned 4
        -:  235:	}
        -:  236:
function _ZNK2ds10BinaryTreeIiE6is_bstEv called 6 returned 100% blocks executed 88%
        6:  237:	[[nodiscard]] bool is_bst() const {
        6:  238:		return is_bst_util(root_, std::numeric_limits<ElemType>::min(), std::numeric_limits<ElemType>::max());
        6:  238-block 2
call    0 returned 6
call    1 returned 6
call    2 returned 6
branch  3 taken 6 (fallthrough)
branch  4 taken 0 (throw)
        6:  238-block 5
        6:  238-block 6
        6:  238-block 7
    $$$$$:  238-block 8
        -:  239:	}
        -:  240:
function _ZN2ds10BinaryTreeIiE5eraseERKi called 6 returned 100% blocks executed 100%
        6:  241:	void erase(const ElemType& data) {
        6:  242:		root_ = erase_util(root_, data);
        6:  242-block 2
call    0 returned 6
        6:  243:	}
        -:  244:};
        -:  245:
        -:  246:
        -:  247:
        -:  248:
        -:  249:
        -:  250:}
        -:  251:
        -:  252:
        -:  253:
        -:  254:
        -:  255:
        -:  256:
        -:  257:
        -:  258:
        -:  259:
        -:  260:
        -:  261:
        -:  262:
        -:  263:
        -:  264:
        -:  265:
        -:  266:
        -:  267:
        -:  268:
        -:  269:
        -:  270:
        -:  271:
