        -:    0:Source:/home/drowlia/code_save/ds/Pair/Pair.hpp
        -:    0:Graph:/home/drowlia/code_save/ds/cmake-build-debug-/CMakeFiles/ds.dir/Pair/PairTest.cpp.gcno
        -:    0:Data:/home/drowlia/code_save/ds/cmake-build-debug-/CMakeFiles/ds.dir/Pair/PairTest.cpp.gcda
        -:    0:Runs:1
        -:    1://
        -:    2:// Created by lsx31 on 24-12-14.
        -:    3://
        -:    4:
        -:    5:#pragma once
        -:    6:
        -:    7:namespace ds {
        -:    8:
        -:    9:template <typename T1, typename T2>
        -:   10:struct  Pair {
        -:   11:
        -:   12:	T1 first;
        -:   13:	T2 second;
        -:   14:
function _ZN2ds4PairIiNSt7__cxx1112basic_stringIcSt11char_traitsIcESaIcEEEEC2Ev called 2 returned 100% blocks executed 100%
        2:   15:	Pair() : first(), second() {}
        2:   15-block 2
call    0 returned 2
function _ZN2ds4PairIiNSt7__cxx1112basic_stringIcSt11char_traitsIcESaIcEEEEC2ERKiRKS6_ called 0 returned 0% blocks executed 0%
    #####:   16:	Pair (const T1& a, const T2& b) : first{a}, second{b} {}
    %%%%%:   16-block 2
call    0 never executed
        -:   17:
function _ZN2ds4PairIiNSt7__cxx1112basic_stringIcSt11char_traitsIcESaIcEEEEaSERKS7_ called 2 returned 100% blocks executed 100%
        2:   18:	Pair& operator=(const Pair<T1, T2>& ano_pair) {
        2:   19:		if (this != &ano_pair) {
        2:   19-block 2
branch  0 taken 1 (fallthrough)
branch  1 taken 1
        1:   20:			first = ano_pair.first;
        1:   21:			second = ano_pair.second;
        1:   21-block 3
call    0 returned 1
        -:   22:		}
        2:   23:		return *this;
        2:   23-block 4
        -:   24:	}
        -:   25:
function _ZNK2ds4PairIiNSt7__cxx1112basic_stringIcSt11char_traitsIcESaIcEEEEeqERKS7_ called 2 returned 100% blocks executed 100%
        2:   26:	bool operator==(const Pair& ano_pair) const {
        2:   27:		return first == ano_pair.first && second == ano_pair.second;
        2:   27-block 2
branch  0 taken 1 (fallthrough)
branch  1 taken 1
        1:   27-block 3
call    2 returned 1
branch  3 taken 1 (fallthrough)
branch  4 taken 0
        1:   27-block 5
        1:   27-block 6
        2:   27-block 7
        -:   28:	}
        -:   29:
function _ZNK2ds4PairIiNSt7__cxx1112basic_stringIcSt11char_traitsIcESaIcEEEEneERKS7_ called 1 returned 100% blocks executed 100%
        1:   30:	bool operator!=(const Pair& ano_pair) const {
        1:   31:		return !(*this == ano_pair);
        1:   31-block 2
call    0 returned 1
        -:   32:	}
        -:   33:};
        -:   34:
        -:   35:}
