        -:    0:Source:/usr/include/gtest/internal/gtest-port.h
        -:    0:Graph:/home/drowlia/code_save/ds/cmake-build-debug-/CMakeFiles/ds.dir/SeqTable/SeqTableTest.cpp.gcno
        -:    0:Data:/home/drowlia/code_save/ds/cmake-build-debug-/CMakeFiles/ds.dir/SeqTable/SeqTableTest.cpp.gcda
        -:    0:Runs:1
        -:    1:// Copyright 2005, Google Inc.
        -:    2:// All rights reserved.
        -:    3://
        -:    4:// Redistribution and use in source and binary forms, with or without
        -:    5:// modification, are permitted provided that the following conditions are
        -:    6:// met:
        -:    7://
        -:    8://     * Redistributions of source code must retain the above copyright
        -:    9:// notice, this list of conditions and the following disclaimer.
        -:   10://     * Redistributions in binary form must reproduce the above
        -:   11:// copyright notice, this list of conditions and the following disclaimer
        -:   12:// in the documentation and/or other materials provided with the
        -:   13:// distribution.
        -:   14://     * Neither the name of Google Inc. nor the names of its
        -:   15:// contributors may be used to endorse or promote products derived from
        -:   16:// this software without specific prior written permission.
        -:   17://
        -:   18:// THIS SOFTWARE IS PROVIDED BY THE COPYRIGHT HOLDERS AND CONTRIBUTORS
        -:   19:// "AS IS" AND ANY EXPRESS OR IMPLIED WARRANTIES, INCLUDING, BUT NOT
        -:   20:// LIMITED TO, THE IMPLIED WARRANTIES OF MERCHANTABILITY AND FITNESS FOR
        -:   21:// A PARTICULAR PURPOSE ARE DISCLAIMED. IN NO EVENT SHALL THE COPYRIGHT
        -:   22:// OWNER OR CONTRIBUTORS BE LIABLE FOR ANY DIRECT, INDIRECT, INCIDENTAL,
        -:   23:// SPECIAL, EXEMPLARY, OR CONSEQUENTIAL DAMAGES (INCLUDING, BUT NOT
        -:   24:// LIMITED TO, PROCUREMENT OF SUBSTITUTE GOODS OR SERVICES; LOSS OF USE,
        -:   25:// DATA, OR PROFITS; OR BUSINESS INTERRUPTION) HOWEVER CAUSED AND ON ANY
        -:   26:// THEORY OF LIABILITY, WHETHER IN CONTRACT, STRICT LIABILITY, OR TORT
        -:   27:// (INCLUDING NEGLIGENCE OR OTHERWISE) ARISING IN ANY WAY OUT OF THE USE
        -:   28:// OF THIS SOFTWARE, EVEN IF ADVISED OF THE POSSIBILITY OF SUCH DAMAGE.
        -:   29:
        -:   30:// Low-level types and utilities for porting Google Test to various
        -:   31:// platforms.  All macros ending with _ and symbols defined in an
        -:   32:// internal namespace are subject to change without notice.  Code
        -:   33:// outside Google Test MUST NOT USE THEM DIRECTLY.  Macros that don't
        -:   34:// end with _ are part of Google Test's public API and can be used by
        -:   35:// code outside Google Test.
        -:   36://
        -:   37:// This file is fundamental to Google Test.  All other Google Test source
        -:   38:// files are expected to #include this.  Therefore, it cannot #include
        -:   39:// any other Google Test header.
        -:   40:
        -:   41:// IWYU pragma: private, include "gtest/gtest.h"
        -:   42:// IWYU pragma: friend gtest/.*
        -:   43:// IWYU pragma: friend gmock/.*
        -:   44:
        -:   45:#ifndef GOOGLETEST_INCLUDE_GTEST_INTERNAL_GTEST_PORT_H_
        -:   46:#define GOOGLETEST_INCLUDE_GTEST_INTERNAL_GTEST_PORT_H_
        -:   47:
        -:   48:// Environment-describing macros
        -:   49:// -----------------------------
        -:   50://
        -:   51:// Google Test can be used in many different environments.  Macros in
        -:   52:// this section tell Google Test what kind of environment it is being
        -:   53:// used in, such that Google Test can provide environment-specific
        -:   54:// features and implementations.
        -:   55://
        -:   56:// Google Test tries to automatically detect the properties of its
        -:   57:// environment, so users usually don't need to worry about these
        -:   58:// macros.  However, the automatic detection is not perfect.
        -:   59:// Sometimes it's necessary for a user to define some of the following
        -:   60:// macros in the build script to override Google Test's decisions.
        -:   61://
        -:   62:// If the user doesn't define a macro in the list, Google Test will
        -:   63:// provide a default definition.  After this header is #included, all
        -:   64:// macros in this list will be defined to either 1 or 0.
        -:   65://
        -:   66:// Notes to maintainers:
        -:   67://   - Each macro here is a user-tweakable knob; do not grow the list
        -:   68://     lightly.
        -:   69://   - Use #if to key off these macros.  Don't use #ifdef or "#if
        -:   70://     defined(...)", which will not work as these macros are ALWAYS
        -:   71://     defined.
        -:   72://
        -:   73://   GTEST_HAS_CLONE          - Define it to 1/0 to indicate that clone(2)
        -:   74://                              is/isn't available.
        -:   75://   GTEST_HAS_EXCEPTIONS     - Define it to 1/0 to indicate that exceptions
        -:   76://                              are enabled.
        -:   77://   GTEST_HAS_POSIX_RE       - Define it to 1/0 to indicate that POSIX regular
        -:   78://                              expressions are/aren't available.
        -:   79://   GTEST_HAS_PTHREAD        - Define it to 1/0 to indicate that <pthread.h>
        -:   80://                              is/isn't available.
        -:   81://   GTEST_HAS_RTTI           - Define it to 1/0 to indicate that RTTI is/isn't
        -:   82://                              enabled.
        -:   83://   GTEST_HAS_STD_WSTRING    - Define it to 1/0 to indicate that
        -:   84://                              std::wstring does/doesn't work (Google Test can
        -:   85://                              be used where std::wstring is unavailable).
        -:   86://   GTEST_HAS_FILE_SYSTEM    - Define it to 1/0 to indicate whether or not a
        -:   87://                              file system is/isn't available.
        -:   88://   GTEST_HAS_SEH            - Define it to 1/0 to indicate whether the
        -:   89://                              compiler supports Microsoft's "Structured
        -:   90://                              Exception Handling".
        -:   91://   GTEST_HAS_STREAM_REDIRECTION
        -:   92://                            - Define it to 1/0 to indicate whether the
        -:   93://                              platform supports I/O stream redirection using
        -:   94://                              dup() and dup2().
        -:   95://   GTEST_LINKED_AS_SHARED_LIBRARY
        -:   96://                            - Define to 1 when compiling tests that use
        -:   97://                              Google Test as a shared library (known as
        -:   98://                              DLL on Windows).
        -:   99://   GTEST_CREATE_SHARED_LIBRARY
        -:  100://                            - Define to 1 when compiling Google Test itself
        -:  101://                              as a shared library.
        -:  102://   GTEST_DEFAULT_DEATH_TEST_STYLE
        -:  103://                            - The default value of --gtest_death_test_style.
        -:  104://                              The legacy default has been "fast" in the open
        -:  105://                              source version since 2008. The recommended value
        -:  106://                              is "threadsafe", and can be set in
        -:  107://                              custom/gtest-port.h.
        -:  108:
        -:  109:// Platform-indicating macros
        -:  110:// --------------------------
        -:  111://
        -:  112:// Macros indicating the platform on which Google Test is being used
        -:  113:// (a macro is defined to 1 if compiled on the given platform;
        -:  114:// otherwise UNDEFINED -- it's never defined to 0.).  Google Test
        -:  115:// defines these macros automatically.  Code outside Google Test MUST
        -:  116:// NOT define them.
        -:  117://
        -:  118://   GTEST_OS_AIX      - IBM AIX
        -:  119://   GTEST_OS_CYGWIN   - Cygwin
        -:  120://   GTEST_OS_DRAGONFLY - DragonFlyBSD
        -:  121://   GTEST_OS_FREEBSD  - FreeBSD
        -:  122://   GTEST_OS_FUCHSIA  - Fuchsia
        -:  123://   GTEST_OS_GNU_HURD - GNU/Hurd
        -:  124://   GTEST_OS_GNU_KFREEBSD - GNU/kFreeBSD
        -:  125://   GTEST_OS_HAIKU    - Haiku
        -:  126://   GTEST_OS_HPUX     - HP-UX
        -:  127://   GTEST_OS_LINUX    - Linux
        -:  128://     GTEST_OS_LINUX_ANDROID - Google Android
        -:  129://   GTEST_OS_MAC      - Mac OS X
        -:  130://     GTEST_OS_IOS    - iOS
        -:  131://   GTEST_OS_NACL     - Google Native Client (NaCl)
        -:  132://   GTEST_OS_NETBSD   - NetBSD
        -:  133://   GTEST_OS_OPENBSD  - OpenBSD
        -:  134://   GTEST_OS_OS2      - OS/2
        -:  135://   GTEST_OS_QNX      - QNX
        -:  136://   GTEST_OS_SOLARIS  - Sun Solaris
        -:  137://   GTEST_OS_WINDOWS  - Windows (Desktop, MinGW, or Mobile)
        -:  138://     GTEST_OS_WINDOWS_DESKTOP  - Windows Desktop
        -:  139://     GTEST_OS_WINDOWS_MINGW    - MinGW
        -:  140://     GTEST_OS_WINDOWS_MOBILE   - Windows Mobile
        -:  141://     GTEST_OS_WINDOWS_PHONE    - Windows Phone
        -:  142://     GTEST_OS_WINDOWS_RT       - Windows Store App/WinRT
        -:  143://   GTEST_OS_ZOS      - z/OS
        -:  144://
        -:  145:// Among the platforms, Cygwin, Linux, Mac OS X, and Windows have the
        -:  146:// most stable support.  Since core members of the Google Test project
        -:  147:// don't have access to other platforms, support for them may be less
        -:  148:// stable.  If you notice any problems on your platform, please notify
        -:  149:// googletestframework@googlegroups.com (patches for fixing them are
        -:  150:// even more welcome!).
        -:  151://
        -:  152:// It is possible that none of the GTEST_OS_* macros are defined.
        -:  153:
        -:  154:// Feature-indicating macros
        -:  155:// -------------------------
        -:  156://
        -:  157:// Macros indicating which Google Test features are available (a macro
        -:  158:// is defined to 1 if the corresponding feature is supported;
        -:  159:// otherwise UNDEFINED -- it's never defined to 0.).  Google Test
        -:  160:// defines these macros automatically.  Code outside Google Test MUST
        -:  161:// NOT define them.
        -:  162://
        -:  163:// These macros are public so that portable tests can be written.
        -:  164:// Such tests typically surround code using a feature with an #ifdef
        -:  165:// which controls that code.  For example:
        -:  166://
        -:  167:// #ifdef GTEST_HAS_DEATH_TEST
        -:  168://   EXPECT_DEATH(DoSomethingDeadly());
        -:  169:// #endif
        -:  170://
        -:  171://   GTEST_HAS_DEATH_TEST   - death tests
        -:  172://   GTEST_HAS_TYPED_TEST   - typed tests
        -:  173://   GTEST_HAS_TYPED_TEST_P - type-parameterized tests
        -:  174://   GTEST_IS_THREADSAFE    - Google Test is thread-safe.
        -:  175://   GTEST_USES_RE2         - the RE2 regular expression library is used
        -:  176://   GTEST_USES_POSIX_RE    - enhanced POSIX regex is used. Do not confuse with
        -:  177://                            GTEST_HAS_POSIX_RE (see above) which users can
        -:  178://                            define themselves.
        -:  179://   GTEST_USES_SIMPLE_RE   - our own simple regex is used;
        -:  180://                            the above RE\b(s) are mutually exclusive.
        -:  181://   GTEST_HAS_ABSL         - Google Test is compiled with Abseil.
        -:  182:
        -:  183:// Misc public macros
        -:  184:// ------------------
        -:  185://
        -:  186://   GTEST_FLAG(flag_name)  - references the variable corresponding to
        -:  187://                            the given Google Test flag.
        -:  188:
        -:  189:// Internal utilities
        -:  190:// ------------------
        -:  191://
        -:  192:// The following macros and utilities are for Google Test's INTERNAL
        -:  193:// use only.  Code outside Google Test MUST NOT USE THEM DIRECTLY.
        -:  194://
        -:  195:// Macros for basic C++ coding:
        -:  196://   GTEST_AMBIGUOUS_ELSE_BLOCKER_ - for disabling a gcc warning.
        -:  197://   GTEST_MUST_USE_RESULT_   - declares that a function's result must be used.
        -:  198://   GTEST_INTENTIONAL_CONST_COND_PUSH_ - start code section where MSVC C4127 is
        -:  199://                                        suppressed (constant conditional).
        -:  200://   GTEST_INTENTIONAL_CONST_COND_POP_  - finish code section where MSVC C4127
        -:  201://                                        is suppressed.
        -:  202://   GTEST_INTERNAL_HAS_ANY - for enabling UniversalPrinter<std::any> or
        -:  203://                            UniversalPrinter<absl::any> specializations.
        -:  204://                            Always defined to 0 or 1.
        -:  205://   GTEST_INTERNAL_HAS_OPTIONAL - for enabling UniversalPrinter<std::optional>
        -:  206://   or
        -:  207://                                 UniversalPrinter<absl::optional>
        -:  208://                                 specializations. Always defined to 0 or 1.
        -:  209://   GTEST_INTERNAL_HAS_STD_SPAN - for enabling UniversalPrinter<std::span>
        -:  210://                                 specializations. Always defined to 0 or 1
        -:  211://   GTEST_INTERNAL_HAS_STRING_VIEW - for enabling Matcher<std::string_view> or
        -:  212://                                    Matcher<absl::string_view>
        -:  213://                                    specializations. Always defined to 0 or 1.
        -:  214://   GTEST_INTERNAL_HAS_VARIANT - for enabling UniversalPrinter<std::variant> or
        -:  215://                                UniversalPrinter<absl::variant>
        -:  216://                                specializations. Always defined to 0 or 1.
        -:  217://   GTEST_USE_OWN_FLAGFILE_FLAG_ - Always defined to 0 or 1.
        -:  218://   GTEST_HAS_CXXABI_H_ - Always defined to 0 or 1.
        -:  219://   GTEST_CAN_STREAM_RESULTS_ - Always defined to 0 or 1.
        -:  220://   GTEST_HAS_ALT_PATH_SEP_ - Always defined to 0 or 1.
        -:  221://   GTEST_WIDE_STRING_USES_UTF16_ - Always defined to 0 or 1.
        -:  222://   GTEST_HAS_MUTEX_AND_THREAD_LOCAL_ - Always defined to 0 or 1.
        -:  223://   GTEST_HAS_NOTIFICATION_- Always defined to 0 or 1.
        -:  224://
        -:  225:// Synchronization:
        -:  226://   Mutex, MutexLock, ThreadLocal, GetThreadCount()
        -:  227://                            - synchronization primitives.
        -:  228://
        -:  229:// Regular expressions:
        -:  230://   RE             - a simple regular expression class using
        -:  231://                     1) the RE2 syntax on all platforms when built with RE2
        -:  232://                        and Abseil as dependencies
        -:  233://                     2) the POSIX Extended Regular Expression syntax on
        -:  234://                        UNIX-like platforms,
        -:  235://                     3) A reduced regular exception syntax on other platforms,
        -:  236://                        including Windows.
        -:  237:// Logging:
        -:  238://   GTEST_LOG_()   - logs messages at the specified severity level.
        -:  239://   LogToStderr()  - directs all log messages to stderr.
        -:  240://   FlushInfoLog() - flushes informational log messages.
        -:  241://
        -:  242:// Stdout and stderr capturing:
        -:  243://   CaptureStdout()     - starts capturing stdout.
        -:  244://   GetCapturedStdout() - stops capturing stdout and returns the captured
        -:  245://                         string.
        -:  246://   CaptureStderr()     - starts capturing stderr.
        -:  247://   GetCapturedStderr() - stops capturing stderr and returns the captured
        -:  248://                         string.
        -:  249://
        -:  250:// Integer types:
        -:  251://   TypeWithSize   - maps an integer to a int type.
        -:  252://   TimeInMillis   - integers of known sizes.
        -:  253://   BiggestInt     - the biggest signed integer type.
        -:  254://
        -:  255:// Command-line utilities:
        -:  256://   GetInjectableArgvs() - returns the command line as a vector of strings.
        -:  257://
        -:  258:// Environment variable utilities:
        -:  259://   GetEnv()             - gets the value of an environment variable.
        -:  260://   BoolFromGTestEnv()   - parses a bool environment variable.
        -:  261://   Int32FromGTestEnv()  - parses an int32_t environment variable.
        -:  262://   StringFromGTestEnv() - parses a string environment variable.
        -:  263://
        -:  264:// Deprecation warnings:
        -:  265://   GTEST_INTERNAL_DEPRECATED(message) - attribute marking a function as
        -:  266://                                        deprecated; calling a marked function
        -:  267://                                        should generate a compiler warning
        -:  268:
        -:  269:// The definition of GTEST_INTERNAL_CPLUSPLUS_LANG comes first because it can
        -:  270:// potentially be used as an #include guard.
        -:  271:#if defined(_MSVC_LANG)
        -:  272:#define GTEST_INTERNAL_CPLUSPLUS_LANG _MSVC_LANG
        -:  273:#elif defined(__cplusplus)
        -:  274:#define GTEST_INTERNAL_CPLUSPLUS_LANG __cplusplus
        -:  275:#endif
        -:  276:
        -:  277:#if !defined(GTEST_INTERNAL_CPLUSPLUS_LANG) || \
        -:  278:    GTEST_INTERNAL_CPLUSPLUS_LANG < 201402L
        -:  279:#error C++ versions less than C++14 are not supported.
        -:  280:#endif
        -:  281:
        -:  282:// MSVC >= 19.11 (VS 2017 Update 3) supports __has_include.
        -:  283:#ifdef __has_include
        -:  284:#define GTEST_INTERNAL_HAS_INCLUDE __has_include
        -:  285:#else
        -:  286:#define GTEST_INTERNAL_HAS_INCLUDE(...) 0
        -:  287:#endif
        -:  288:
        -:  289:// Detect C++ feature test macros as gracefully as possible.
        -:  290:// MSVC >= 19.15, Clang >= 3.4.1, and GCC >= 4.1.2 support feature test macros.
        -:  291:#if GTEST_INTERNAL_CPLUSPLUS_LANG >= 202002L && \
        -:  292:    (!defined(__has_include) || GTEST_INTERNAL_HAS_INCLUDE(<version>))
        -:  293:#include <version>  // C++20 and later
        -:  294:#elif (!defined(__has_include) || GTEST_INTERNAL_HAS_INCLUDE(<ciso646>))
        -:  295:#include <ciso646>  // Pre-C++20
        -:  296:#endif
        -:  297:
        -:  298:#include <ctype.h>   // for isspace, etc
        -:  299:#include <stddef.h>  // for ptrdiff_t
        -:  300:#include <stdio.h>
        -:  301:#include <stdlib.h>
        -:  302:#include <string.h>
        -:  303:
        -:  304:#include <cerrno>
        -:  305:// #include <condition_variable>  // Guarded by GTEST_IS_THREADSAFE below
        -:  306:#include <cstdint>
        -:  307:#include <iostream>
        -:  308:#include <limits>
        -:  309:#include <locale>
        -:  310:#include <memory>
        -:  311:#include <ostream>
        -:  312:#include <string>
        -:  313:// #include <mutex>  // Guarded by GTEST_IS_THREADSAFE below
        -:  314:#include <tuple>
        -:  315:#include <type_traits>
        -:  316:#include <vector>
        -:  317:
        -:  318:#ifndef _WIN32_WCE
        -:  319:#include <sys/stat.h>
        -:  320:#include <sys/types.h>
        -:  321:#endif  // !_WIN32_WCE
        -:  322:
        -:  323:#if defined __APPLE__
        -:  324:#include <AvailabilityMacros.h>
        -:  325:#include <TargetConditionals.h>
        -:  326:#endif
        -:  327:
        -:  328:#include "gtest/internal/custom/gtest-port.h"
        -:  329:#include "gtest/internal/gtest-port-arch.h"
        -:  330:
        -:  331:#ifndef GTEST_HAS_MUTEX_AND_THREAD_LOCAL_
        -:  332:#define GTEST_HAS_MUTEX_AND_THREAD_LOCAL_ 0
        -:  333:#endif
        -:  334:
        -:  335:#ifndef GTEST_HAS_NOTIFICATION_
        -:  336:#define GTEST_HAS_NOTIFICATION_ 0
        -:  337:#endif
        -:  338:
        -:  339:#if defined(GTEST_HAS_ABSL) && !defined(GTEST_NO_ABSL_FLAGS)
        -:  340:#define GTEST_INTERNAL_HAS_ABSL_FLAGS  // Used only in this file.
        -:  341:#include "absl/flags/declare.h"
        -:  342:#include "absl/flags/flag.h"
        -:  343:#include "absl/flags/reflection.h"
        -:  344:#endif
        -:  345:
        -:  346:#if !defined(GTEST_DEV_EMAIL_)
        -:  347:#define GTEST_DEV_EMAIL_ "googletestframework@@googlegroups.com"
        -:  348:#define GTEST_FLAG_PREFIX_ "gtest_"
        -:  349:#define GTEST_FLAG_PREFIX_DASH_ "gtest-"
        -:  350:#define GTEST_FLAG_PREFIX_UPPER_ "GTEST_"
        -:  351:#define GTEST_NAME_ "Google Test"
        -:  352:#define GTEST_PROJECT_URL_ "https://github.com/google/googletest/"
        -:  353:#endif  // !defined(GTEST_DEV_EMAIL_)
        -:  354:
        -:  355:#if !defined(GTEST_INIT_GOOGLE_TEST_NAME_)
        -:  356:#define GTEST_INIT_GOOGLE_TEST_NAME_ "testing::InitGoogleTest"
        -:  357:#endif  // !defined(GTEST_INIT_GOOGLE_TEST_NAME_)
        -:  358:
        -:  359:// Determines the version of gcc that is used to compile this.
        -:  360:#ifdef __GNUC__
        -:  361:// 40302 means version 4.3.2.
        -:  362:#define GTEST_GCC_VER_ \
        -:  363:  (__GNUC__ * 10000 + __GNUC_MINOR__ * 100 + __GNUC_PATCHLEVEL__)
        -:  364:#endif  // __GNUC__
        -:  365:
        -:  366:// Macros for disabling Microsoft Visual C++ warnings.
        -:  367://
        -:  368://   GTEST_DISABLE_MSC_WARNINGS_PUSH_(4800 4385)
        -:  369://   /* code that triggers warnings C4800 and C4385 */
        -:  370://   GTEST_DISABLE_MSC_WARNINGS_POP_()
        -:  371:#if defined(_MSC_VER)
        -:  372:#define GTEST_DISABLE_MSC_WARNINGS_PUSH_(warnings) \
        -:  373:  __pragma(warning(push)) __pragma(warning(disable : warnings))
        -:  374:#define GTEST_DISABLE_MSC_WARNINGS_POP_() __pragma(warning(pop))
        -:  375:#else
        -:  376:// Not all compilers are MSVC
        -:  377:#define GTEST_DISABLE_MSC_WARNINGS_PUSH_(warnings)
        -:  378:#define GTEST_DISABLE_MSC_WARNINGS_POP_()
        -:  379:#endif
        -:  380:
        -:  381:// Clang on Windows does not understand MSVC's pragma warning.
        -:  382:// We need clang-specific way to disable function deprecation warning.
        -:  383:#ifdef __clang__
        -:  384:#define GTEST_DISABLE_MSC_DEPRECATED_PUSH_()                            \
        -:  385:  _Pragma("clang diagnostic push")                                      \
        -:  386:      _Pragma("clang diagnostic ignored \"-Wdeprecated-declarations\"") \
        -:  387:          _Pragma("clang diagnostic ignored \"-Wdeprecated-implementations\"")
        -:  388:#define GTEST_DISABLE_MSC_DEPRECATED_POP_() _Pragma("clang diagnostic pop")
        -:  389:#else
        -:  390:#define GTEST_DISABLE_MSC_DEPRECATED_PUSH_() \
        -:  391:  GTEST_DISABLE_MSC_WARNINGS_PUSH_(4996)
        -:  392:#define GTEST_DISABLE_MSC_DEPRECATED_POP_() GTEST_DISABLE_MSC_WARNINGS_POP_()
        -:  393:#endif
        -:  394:
        -:  395:// Brings in definitions for functions used in the testing::internal::posix
        -:  396:// namespace (read, write, close, chdir, isatty, stat). We do not currently
        -:  397:// use them on Windows Mobile.
        -:  398:#ifdef GTEST_OS_WINDOWS
        -:  399:#ifndef GTEST_OS_WINDOWS_MOBILE
        -:  400:#include <direct.h>
        -:  401:#include <io.h>
        -:  402:#endif
        -:  403:// In order to avoid having to include <windows.h>, use forward declaration
        -:  404:#if defined(GTEST_OS_WINDOWS_MINGW) && !defined(__MINGW64_VERSION_MAJOR)
        -:  405:// MinGW defined _CRITICAL_SECTION and _RTL_CRITICAL_SECTION as two
        -:  406:// separate (equivalent) structs, instead of using typedef
        -:  407:typedef struct _CRITICAL_SECTION GTEST_CRITICAL_SECTION;
        -:  408:#else
        -:  409:// Assume CRITICAL_SECTION is a typedef of _RTL_CRITICAL_SECTION.
        -:  410:// This assumption is verified by
        -:  411:// WindowsTypesTest.CRITICAL_SECTIONIs_RTL_CRITICAL_SECTION.
        -:  412:typedef struct _RTL_CRITICAL_SECTION GTEST_CRITICAL_SECTION;
        -:  413:#endif
        -:  414:#elif defined(GTEST_OS_XTENSA)
        -:  415:#include <unistd.h>
        -:  416:// Xtensa toolchains define strcasecmp in the string.h header instead of
        -:  417:// strings.h. string.h is already included.
        -:  418:#else
        -:  419:// This assumes that non-Windows OSes provide unistd.h. For OSes where this
        -:  420:// is not the case, we need to include headers that provide the functions
        -:  421:// mentioned above.
        -:  422:#include <strings.h>
        -:  423:#include <unistd.h>
        -:  424:#endif  // GTEST_OS_WINDOWS
        -:  425:
        -:  426:#ifdef GTEST_OS_LINUX_ANDROID
        -:  427:// Used to define __ANDROID_API__ matching the target NDK API level.
        -:  428:#include <android/api-level.h>  // NOLINT
        -:  429:#endif
        -:  430:
        -:  431:// Defines this to true if and only if Google Test can use POSIX regular
        -:  432:// expressions.
        -:  433:#ifndef GTEST_HAS_POSIX_RE
        -:  434:#ifdef GTEST_OS_LINUX_ANDROID
        -:  435:// On Android, <regex.h> is only available starting with Gingerbread.
        -:  436:#define GTEST_HAS_POSIX_RE (__ANDROID_API__ >= 9)
        -:  437:#else
        -:  438:#if !(defined(GTEST_OS_WINDOWS) || defined(GTEST_OS_XTENSA) || \
        -:  439:      defined(GTEST_OS_QURT))
        -:  440:#define GTEST_HAS_POSIX_RE 1
        -:  441:#else
        -:  442:#define GTEST_HAS_POSIX_RE 0
        -:  443:#endif
        -:  444:#endif  // GTEST_OS_LINUX_ANDROID
        -:  445:#endif
        -:  446:
        -:  447:// Select the regular expression implementation.
        -:  448:#ifdef GTEST_HAS_ABSL
        -:  449:// When using Abseil, RE2 is required.
        -:  450:#include "absl/strings/string_view.h"
        -:  451:#include "re2/re2.h"
        -:  452:#define GTEST_USES_RE2 1
        -:  453:#elif GTEST_HAS_POSIX_RE
        -:  454:#include <regex.h>  // NOLINT
        -:  455:#define GTEST_USES_POSIX_RE 1
        -:  456:#else
        -:  457:// Use our own simple regex implementation.
        -:  458:#define GTEST_USES_SIMPLE_RE 1
        -:  459:#endif
        -:  460:
        -:  461:#ifndef GTEST_HAS_EXCEPTIONS
        -:  462:// The user didn't tell us whether exceptions are enabled, so we need
        -:  463:// to figure it out.
        -:  464:#if defined(_MSC_VER) && defined(_CPPUNWIND)
        -:  465:// MSVC defines _CPPUNWIND to 1 if and only if exceptions are enabled.
        -:  466:#define GTEST_HAS_EXCEPTIONS 1
        -:  467:#elif defined(__BORLANDC__)
        -:  468:// C++Builder's implementation of the STL uses the _HAS_EXCEPTIONS
        -:  469:// macro to enable exceptions, so we'll do the same.
        -:  470:// Assumes that exceptions are enabled by default.
        -:  471:#ifndef _HAS_EXCEPTIONS
        -:  472:#define _HAS_EXCEPTIONS 1
        -:  473:#endif  // _HAS_EXCEPTIONS
        -:  474:#define GTEST_HAS_EXCEPTIONS _HAS_EXCEPTIONS
        -:  475:#elif defined(__clang__)
        -:  476:// clang defines __EXCEPTIONS if and only if exceptions are enabled before clang
        -:  477:// 220714, but if and only if cleanups are enabled after that. In Obj-C++ files,
        -:  478:// there can be cleanups for ObjC exceptions which also need cleanups, even if
        -:  479:// C++ exceptions are disabled. clang has __has_feature(cxx_exceptions) which
        -:  480:// checks for C++ exceptions starting at clang r206352, but which checked for
        -:  481:// cleanups prior to that. To reliably check for C++ exception availability with
        -:  482:// clang, check for
        -:  483:// __EXCEPTIONS && __has_feature(cxx_exceptions).
        -:  484:#if defined(__EXCEPTIONS) && __EXCEPTIONS && __has_feature(cxx_exceptions)
        -:  485:#define GTEST_HAS_EXCEPTIONS 1
        -:  486:#else
        -:  487:#define GTEST_HAS_EXCEPTIONS 0
        -:  488:#endif
        -:  489:#elif defined(__GNUC__) && defined(__EXCEPTIONS) && __EXCEPTIONS
        -:  490:// gcc defines __EXCEPTIONS to 1 if and only if exceptions are enabled.
        -:  491:#define GTEST_HAS_EXCEPTIONS 1
        -:  492:#elif defined(__SUNPRO_CC)
        -:  493:// Sun Pro CC supports exceptions.  However, there is no compile-time way of
        -:  494:// detecting whether they are enabled or not.  Therefore, we assume that
        -:  495:// they are enabled unless the user tells us otherwise.
        -:  496:#define GTEST_HAS_EXCEPTIONS 1
        -:  497:#elif defined(__IBMCPP__) && defined(__EXCEPTIONS) && __EXCEPTIONS
        -:  498:// xlC defines __EXCEPTIONS to 1 if and only if exceptions are enabled.
        -:  499:#define GTEST_HAS_EXCEPTIONS 1
        -:  500:#elif defined(__HP_aCC)
        -:  501:// Exception handling is in effect by default in HP aCC compiler. It has to
        -:  502:// be turned of by +noeh compiler option if desired.
        -:  503:#define GTEST_HAS_EXCEPTIONS 1
        -:  504:#else
        -:  505:// For other compilers, we assume exceptions are disabled to be
        -:  506:// conservative.
        -:  507:#define GTEST_HAS_EXCEPTIONS 0
        -:  508:#endif  // defined(_MSC_VER) || defined(__BORLANDC__)
        -:  509:#endif  // GTEST_HAS_EXCEPTIONS
        -:  510:
        -:  511:#ifndef GTEST_HAS_STD_WSTRING
        -:  512:// The user didn't tell us whether ::std::wstring is available, so we need
        -:  513:// to figure it out.
        -:  514:// Cygwin 1.7 and below doesn't support ::std::wstring.
        -:  515:// Solaris' libc++ doesn't support it either.  Android has
        -:  516:// no support for it at least as recent as Froyo (2.2).
        -:  517:#if (!(defined(GTEST_OS_LINUX_ANDROID) || defined(GTEST_OS_CYGWIN) || \
        -:  518:       defined(GTEST_OS_SOLARIS) || defined(GTEST_OS_HAIKU) ||        \
        -:  519:       defined(GTEST_OS_ESP32) || defined(GTEST_OS_ESP8266) ||        \
        -:  520:       defined(GTEST_OS_XTENSA) || defined(GTEST_OS_QURT) ||          \
        -:  521:       defined(GTEST_OS_NXP_QN9090) || defined(GTEST_OS_NRF52)))
        -:  522:#define GTEST_HAS_STD_WSTRING 1
        -:  523:#else
        -:  524:#define GTEST_HAS_STD_WSTRING 0
        -:  525:#endif
        -:  526:#endif  // GTEST_HAS_STD_WSTRING
        -:  527:
        -:  528:#ifndef GTEST_HAS_FILE_SYSTEM
        -:  529:// Most platforms support a file system.
        -:  530:#define GTEST_HAS_FILE_SYSTEM 1
        -:  531:#endif  // GTEST_HAS_FILE_SYSTEM
        -:  532:
        -:  533:// Determines whether RTTI is available.
        -:  534:#ifndef GTEST_HAS_RTTI
        -:  535:// The user didn't tell us whether RTTI is enabled, so we need to
        -:  536:// figure it out.
        -:  537:
        -:  538:#ifdef _MSC_VER
        -:  539:
        -:  540:#ifdef _CPPRTTI  // MSVC defines this macro if and only if RTTI is enabled.
        -:  541:#define GTEST_HAS_RTTI 1
        -:  542:#else
        -:  543:#define GTEST_HAS_RTTI 0
        -:  544:#endif
        -:  545:
        -:  546:// Starting with version 4.3.2, gcc defines __GXX_RTTI if and only if RTTI is
        -:  547:// enabled.
        -:  548:#elif defined(__GNUC__)
        -:  549:
        -:  550:#ifdef __GXX_RTTI
        -:  551:// When building against STLport with the Android NDK and with
        -:  552:// -frtti -fno-exceptions, the build fails at link time with undefined
        -:  553:// references to __cxa_bad_typeid. Note sure if STL or toolchain bug,
        -:  554:// so disable RTTI when detected.
        -:  555:#if defined(GTEST_OS_LINUX_ANDROID) && defined(_STLPORT_MAJOR) && \
        -:  556:    !defined(__EXCEPTIONS)
        -:  557:#define GTEST_HAS_RTTI 0
        -:  558:#else
        -:  559:#define GTEST_HAS_RTTI 1
        -:  560:#endif  // GTEST_OS_LINUX_ANDROID && __STLPORT_MAJOR && !__EXCEPTIONS
        -:  561:#else
        -:  562:#define GTEST_HAS_RTTI 0
        -:  563:#endif  // __GXX_RTTI
        -:  564:
        -:  565:// Clang defines __GXX_RTTI starting with version 3.0, but its manual recommends
        -:  566:// using has_feature instead. has_feature(cxx_rtti) is supported since 2.7, the
        -:  567:// first version with C++ support.
        -:  568:#elif defined(__clang__)
        -:  569:
        -:  570:#define GTEST_HAS_RTTI __has_feature(cxx_rtti)
        -:  571:
        -:  572:// Starting with version 9.0 IBM Visual Age defines __RTTI_ALL__ to 1 if
        -:  573:// both the typeid and dynamic_cast features are present.
        -:  574:#elif defined(__IBMCPP__) && (__IBMCPP__ >= 900)
        -:  575:
        -:  576:#ifdef __RTTI_ALL__
        -:  577:#define GTEST_HAS_RTTI 1
        -:  578:#else
        -:  579:#define GTEST_HAS_RTTI 0
        -:  580:#endif
        -:  581:
        -:  582:#else
        -:  583:
        -:  584:// For all other compilers, we assume RTTI is enabled.
        -:  585:#define GTEST_HAS_RTTI 1
        -:  586:
        -:  587:#endif  // _MSC_VER
        -:  588:
        -:  589:#endif  // GTEST_HAS_RTTI
        -:  590:
        -:  591:// It's this header's responsibility to #include <typeinfo> when RTTI
        -:  592:// is enabled.
        -:  593:#if GTEST_HAS_RTTI
        -:  594:#include <typeinfo>
        -:  595:#endif
        -:  596:
        -:  597:// Determines whether Google Test can use the pthreads library.
        -:  598:#ifndef GTEST_HAS_PTHREAD
        -:  599:// The user didn't tell us explicitly, so we make reasonable assumptions about
        -:  600:// which platforms have pthreads support.
        -:  601://
        -:  602:// To disable threading support in Google Test, add -DGTEST_HAS_PTHREAD=0
        -:  603:// to your compiler flags.
        -:  604:#if (defined(GTEST_OS_LINUX) || defined(GTEST_OS_MAC) ||              \
        -:  605:     defined(GTEST_OS_HPUX) || defined(GTEST_OS_QNX) ||               \
        -:  606:     defined(GTEST_OS_FREEBSD) || defined(GTEST_OS_NACL) ||           \
        -:  607:     defined(GTEST_OS_NETBSD) || defined(GTEST_OS_FUCHSIA) ||         \
        -:  608:     defined(GTEST_OS_DRAGONFLY) || defined(GTEST_OS_GNU_KFREEBSD) || \
        -:  609:     defined(GTEST_OS_OPENBSD) || defined(GTEST_OS_HAIKU) ||          \
        -:  610:     defined(GTEST_OS_GNU_HURD) || defined(GTEST_OS_SOLARIS) ||       \
        -:  611:     defined(GTEST_OS_AIX) || defined(GTEST_OS_ZOS))
        -:  612:#define GTEST_HAS_PTHREAD 1
        -:  613:#else
        -:  614:#define GTEST_HAS_PTHREAD 0
        -:  615:#endif
        -:  616:#endif  // GTEST_HAS_PTHREAD
        -:  617:
        -:  618:#if GTEST_HAS_PTHREAD
        -:  619:// gtest-port.h guarantees to #include <pthread.h> when GTEST_HAS_PTHREAD is
        -:  620:// true.
        -:  621:#include <pthread.h>  // NOLINT
        -:  622:
        -:  623:// For timespec and nanosleep, used below.
        -:  624:#include <time.h>  // NOLINT
        -:  625:#endif
        -:  626:
        -:  627:// Determines whether clone(2) is supported.
        -:  628:// Usually it will only be available on Linux, excluding
        -:  629:// Linux on the Itanium architecture.
        -:  630:// Also see https://linux.die.net/man/2/clone.
        -:  631:#ifndef GTEST_HAS_CLONE
        -:  632:// The user didn't tell us, so we need to figure it out.
        -:  633:
        -:  634:#if defined(GTEST_OS_LINUX) && !defined(__ia64__)
        -:  635:#if defined(GTEST_OS_LINUX_ANDROID)
        -:  636:// On Android, clone() became available at different API levels for each 32-bit
        -:  637:// architecture.
        -:  638:#if defined(__LP64__) || (defined(__arm__) && __ANDROID_API__ >= 9) || \
        -:  639:    (defined(__mips__) && __ANDROID_API__ >= 12) ||                    \
        -:  640:    (defined(__i386__) && __ANDROID_API__ >= 17)
        -:  641:#define GTEST_HAS_CLONE 1
        -:  642:#else
        -:  643:#define GTEST_HAS_CLONE 0
        -:  644:#endif
        -:  645:#else
        -:  646:#define GTEST_HAS_CLONE 1
        -:  647:#endif
        -:  648:#else
        -:  649:#define GTEST_HAS_CLONE 0
        -:  650:#endif  // GTEST_OS_LINUX && !defined(__ia64__)
        -:  651:
        -:  652:#endif  // GTEST_HAS_CLONE
        -:  653:
        -:  654:// Determines whether to support stream redirection. This is used to test
        -:  655:// output correctness and to implement death tests.
        -:  656:#ifndef GTEST_HAS_STREAM_REDIRECTION
        -:  657:// By default, we assume that stream redirection is supported on all
        -:  658:// platforms except known mobile / embedded ones. Also, if the port doesn't have
        -:  659:// a file system, stream redirection is not supported.
        -:  660:#if defined(GTEST_OS_WINDOWS_MOBILE) || defined(GTEST_OS_WINDOWS_PHONE) || \
        -:  661:    defined(GTEST_OS_WINDOWS_RT) || defined(GTEST_OS_WINDOWS_GAMES) ||     \
        -:  662:    defined(GTEST_OS_ESP8266) || defined(GTEST_OS_XTENSA) ||               \
        -:  663:    defined(GTEST_OS_QURT) || !GTEST_HAS_FILE_SYSTEM
        -:  664:#define GTEST_HAS_STREAM_REDIRECTION 0
        -:  665:#else
        -:  666:#define GTEST_HAS_STREAM_REDIRECTION 1
        -:  667:#endif  // !GTEST_OS_WINDOWS_MOBILE
        -:  668:#endif  // GTEST_HAS_STREAM_REDIRECTION
        -:  669:
        -:  670:// Determines whether to support death tests.
        -:  671:// pops up a dialog window that cannot be suppressed programmatically.
        -:  672:#if (defined(GTEST_OS_LINUX) || defined(GTEST_OS_CYGWIN) ||           \
        -:  673:     defined(GTEST_OS_SOLARIS) || defined(GTEST_OS_ZOS) ||            \
        -:  674:     (defined(GTEST_OS_MAC) && !defined(GTEST_OS_IOS)) ||             \
        -:  675:     (defined(GTEST_OS_WINDOWS_DESKTOP) && _MSC_VER) ||               \
        -:  676:     defined(GTEST_OS_WINDOWS_MINGW) || defined(GTEST_OS_AIX) ||      \
        -:  677:     defined(GTEST_OS_HPUX) || defined(GTEST_OS_OPENBSD) ||           \
        -:  678:     defined(GTEST_OS_QNX) || defined(GTEST_OS_FREEBSD) ||            \
        -:  679:     defined(GTEST_OS_NETBSD) || defined(GTEST_OS_FUCHSIA) ||         \
        -:  680:     defined(GTEST_OS_DRAGONFLY) || defined(GTEST_OS_GNU_KFREEBSD) || \
        -:  681:     defined(GTEST_OS_HAIKU) || defined(GTEST_OS_GNU_HURD))
        -:  682:// Death tests require a file system to work properly.
        -:  683:#if GTEST_HAS_FILE_SYSTEM
        -:  684:#define GTEST_HAS_DEATH_TEST 1
        -:  685:#endif  // GTEST_HAS_FILE_SYSTEM
        -:  686:#endif
        -:  687:
        -:  688:// Determines whether to support type-driven tests.
        -:  689:
        -:  690:// Typed tests need <typeinfo> and variadic macros, which GCC, VC++ 8.0,
        -:  691:// Sun Pro CC, IBM Visual Age, and HP aCC support.
        -:  692:#if defined(__GNUC__) || defined(_MSC_VER) || defined(__SUNPRO_CC) || \
        -:  693:    defined(__IBMCPP__) || defined(__HP_aCC)
        -:  694:#define GTEST_HAS_TYPED_TEST 1
        -:  695:#define GTEST_HAS_TYPED_TEST_P 1
        -:  696:#endif
        -:  697:
        -:  698:// Determines whether the system compiler uses UTF-16 for encoding wide strings.
        -:  699:#if defined(GTEST_OS_WINDOWS) || defined(GTEST_OS_CYGWIN) || \
        -:  700:    defined(GTEST_OS_AIX) || defined(GTEST_OS_OS2)
        -:  701:#define GTEST_WIDE_STRING_USES_UTF16_ 1
        -:  702:#else
        -:  703:#define GTEST_WIDE_STRING_USES_UTF16_ 0
        -:  704:#endif
        -:  705:
        -:  706:// Determines whether test results can be streamed to a socket.
        -:  707:#if defined(GTEST_OS_LINUX) || defined(GTEST_OS_GNU_KFREEBSD) || \
        -:  708:    defined(GTEST_OS_DRAGONFLY) || defined(GTEST_OS_FREEBSD) ||  \
        -:  709:    defined(GTEST_OS_NETBSD) || defined(GTEST_OS_OPENBSD) ||     \
        -:  710:    defined(GTEST_OS_GNU_HURD) || defined(GTEST_OS_MAC)
        -:  711:#define GTEST_CAN_STREAM_RESULTS_ 1
        -:  712:#else
        -:  713:#define GTEST_CAN_STREAM_RESULTS_ 0
        -:  714:#endif
        -:  715:
        -:  716:// Defines some utility macros.
        -:  717:
        -:  718:// The GNU compiler emits a warning if nested "if" statements are followed by
        -:  719:// an "else" statement and braces are not used to explicitly disambiguate the
        -:  720:// "else" binding.  This leads to problems with code like:
        -:  721://
        -:  722://   if (gate)
        -:  723://     ASSERT_*(condition) << "Some message";
        -:  724://
        -:  725:// The "switch (0) case 0:" idiom is used to suppress this.
        -:  726:#ifdef __INTEL_COMPILER
        -:  727:#define GTEST_AMBIGUOUS_ELSE_BLOCKER_
        -:  728:#else
        -:  729:#define GTEST_AMBIGUOUS_ELSE_BLOCKER_ \
        -:  730:  switch (0)                          \
        -:  731:  case 0:                             \
        -:  732:  default:  // NOLINT
        -:  733:#endif
        -:  734:
        -:  735:// GTEST_HAVE_ATTRIBUTE_
        -:  736://
        -:  737:// A function-like feature checking macro that is a wrapper around
        -:  738:// `__has_attribute`, which is defined by GCC 5+ and Clang and evaluates to a
        -:  739:// nonzero constant integer if the attribute is supported or 0 if not.
        -:  740://
        -:  741:// It evaluates to zero if `__has_attribute` is not defined by the compiler.
        -:  742://
        -:  743:// GCC: https://gcc.gnu.org/gcc-5/changes.html
        -:  744:// Clang: https://clang.llvm.org/docs/LanguageExtensions.html
        -:  745:#ifdef __has_attribute
        -:  746:#define GTEST_HAVE_ATTRIBUTE_(x) __has_attribute(x)
        -:  747:#else
        -:  748:#define GTEST_HAVE_ATTRIBUTE_(x) 0
        -:  749:#endif
        -:  750:
        -:  751:// GTEST_INTERNAL_HAVE_CPP_ATTRIBUTE
        -:  752://
        -:  753:// A function-like feature checking macro that accepts C++11 style attributes.
        -:  754:// It's a wrapper around `__has_cpp_attribute`, defined by ISO C++ SD-6
        -:  755:// (https://en.cppreference.com/w/cpp/experimental/feature_test). If we don't
        -:  756:// find `__has_cpp_attribute`, will evaluate to 0.
        -:  757:#if defined(__has_cpp_attribute)
        -:  758:// NOTE: requiring __cplusplus above should not be necessary, but
        -:  759:// works around https://bugs.llvm.org/show_bug.cgi?id=23435.
        -:  760:#define GTEST_INTERNAL_HAVE_CPP_ATTRIBUTE(x) __has_cpp_attribute(x)
        -:  761:#else
        -:  762:#define GTEST_INTERNAL_HAVE_CPP_ATTRIBUTE(x) 0
        -:  763:#endif
        -:  764:
        -:  765:// GTEST_HAVE_FEATURE_
        -:  766://
        -:  767:// A function-like feature checking macro that is a wrapper around
        -:  768:// `__has_feature`.
        -:  769:#ifdef __has_feature
        -:  770:#define GTEST_HAVE_FEATURE_(x) __has_feature(x)
        -:  771:#else
        -:  772:#define GTEST_HAVE_FEATURE_(x) 0
        -:  773:#endif
        -:  774:
        -:  775:// Use this annotation after a variable or parameter declaration to tell the
        -:  776:// compiler the variable/parameter may be used.
        -:  777:// Example:
        -:  778://
        -:  779://   GTEST_INTERNAL_ATTRIBUTE_MAYBE_UNUSED int foo = bar();
        -:  780://
        -:  781:// This can be removed once we only support only C++17 or newer and
        -:  782:// [[maybe_unused]] is available on all supported platforms.
        -:  783:#if GTEST_INTERNAL_CPLUSPLUS_LANG > 201402L && \
        -:  784:    GTEST_INTERNAL_HAVE_CPP_ATTRIBUTE(maybe_unused)
        -:  785:#define GTEST_INTERNAL_ATTRIBUTE_MAYBE_UNUSED [[maybe_unused]]
        -:  786:#elif GTEST_HAVE_ATTRIBUTE_(unused)
        -:  787:// This is inferior to [[maybe_unused]] as it can produce a
        -:  788:// -Wused-but-marked-unused warning on optionally used symbols, but it is all we
        -:  789:// have.
        -:  790:#define GTEST_INTERNAL_ATTRIBUTE_MAYBE_UNUSED __attribute__((__unused__))
        -:  791:#else
        -:  792:#define GTEST_INTERNAL_ATTRIBUTE_MAYBE_UNUSED
        -:  793:#endif
        -:  794:
        -:  795:// Use this annotation before a function that takes a printf format string.
        -:  796:#if GTEST_HAVE_ATTRIBUTE_(format) && defined(__MINGW_PRINTF_FORMAT)
        -:  797:// MinGW has two different printf implementations. Ensure the format macro
        -:  798:// matches the selected implementation. See
        -:  799:// https://sourceforge.net/p/mingw-w64/wiki2/gnu%20printf/.
        -:  800:#define GTEST_ATTRIBUTE_PRINTF_(string_index, first_to_check) \
        -:  801:  __attribute__((format(__MINGW_PRINTF_FORMAT, string_index, first_to_check)))
        -:  802:#elif GTEST_HAVE_ATTRIBUTE_(format)
        -:  803:#define GTEST_ATTRIBUTE_PRINTF_(string_index, first_to_check) \
        -:  804:  __attribute__((format(printf, string_index, first_to_check)))
        -:  805:#else
        -:  806:#define GTEST_ATTRIBUTE_PRINTF_(string_index, first_to_check)
        -:  807:#endif
        -:  808:
        -:  809:// Tell the compiler to warn about unused return values for functions declared
        -:  810:// with this macro.  The macro should be used on function declarations
        -:  811:// following the argument list:
        -:  812://
        -:  813://   Sprocket* AllocateSprocket() GTEST_MUST_USE_RESULT_;
        -:  814:#if GTEST_HAVE_ATTRIBUTE_(warn_unused_result)
        -:  815:#define GTEST_MUST_USE_RESULT_ __attribute__((warn_unused_result))
        -:  816:#else
        -:  817:#define GTEST_MUST_USE_RESULT_
        -:  818:#endif
        -:  819:
        -:  820:// MS C++ compiler emits warning when a conditional expression is compile time
        -:  821:// constant. In some contexts this warning is false positive and needs to be
        -:  822:// suppressed. Use the following two macros in such cases:
        -:  823://
        -:  824:// GTEST_INTENTIONAL_CONST_COND_PUSH_()
        -:  825:// while (true) {
        -:  826:// GTEST_INTENTIONAL_CONST_COND_POP_()
        -:  827:// }
        -:  828:#define GTEST_INTENTIONAL_CONST_COND_PUSH_() \
        -:  829:  GTEST_DISABLE_MSC_WARNINGS_PUSH_(4127)
        -:  830:#define GTEST_INTENTIONAL_CONST_COND_POP_() GTEST_DISABLE_MSC_WARNINGS_POP_()
        -:  831:
        -:  832:// Determine whether the compiler supports Microsoft's Structured Exception
        -:  833:// Handling.  This is supported by several Windows compilers but generally
        -:  834:// does not exist on any other system.
        -:  835:#ifndef GTEST_HAS_SEH
        -:  836:// The user didn't tell us, so we need to figure it out.
        -:  837:
        -:  838:#if defined(_MSC_VER) || defined(__BORLANDC__)
        -:  839:// These two compilers are known to support SEH.
        -:  840:#define GTEST_HAS_SEH 1
        -:  841:#else
        -:  842:// Assume no SEH.
        -:  843:#define GTEST_HAS_SEH 0
        -:  844:#endif
        -:  845:
        -:  846:#endif  // GTEST_HAS_SEH
        -:  847:
        -:  848:#ifndef GTEST_IS_THREADSAFE
        -:  849:
        -:  850:#if (GTEST_HAS_MUTEX_AND_THREAD_LOCAL_ ||                              \
        -:  851:     (defined(GTEST_OS_WINDOWS) && !defined(GTEST_OS_WINDOWS_PHONE) && \
        -:  852:      !defined(GTEST_OS_WINDOWS_RT)) ||                                \
        -:  853:     GTEST_HAS_PTHREAD)
        -:  854:#define GTEST_IS_THREADSAFE 1
        -:  855:#endif
        -:  856:
        -:  857:#endif  // GTEST_IS_THREADSAFE
        -:  858:
        -:  859:#ifdef GTEST_IS_THREADSAFE
        -:  860:// Some platforms don't support including these threading related headers.
        -:  861:#include <condition_variable>  // NOLINT
        -:  862:#include <mutex>               // NOLINT
        -:  863:#endif                         // GTEST_IS_THREADSAFE
        -:  864:
        -:  865:// GTEST_API_ qualifies all symbols that must be exported. The definitions below
        -:  866:// are guarded by #ifndef to give embedders a chance to define GTEST_API_ in
        -:  867:// gtest/internal/custom/gtest-port.h
        -:  868:#ifndef GTEST_API_
        -:  869:
        -:  870:#ifdef _MSC_VER
        -:  871:#if defined(GTEST_LINKED_AS_SHARED_LIBRARY) && GTEST_LINKED_AS_SHARED_LIBRARY
        -:  872:#define GTEST_API_ __declspec(dllimport)
        -:  873:#elif defined(GTEST_CREATE_SHARED_LIBRARY) && GTEST_CREATE_SHARED_LIBRARY
        -:  874:#define GTEST_API_ __declspec(dllexport)
        -:  875:#endif
        -:  876:#elif GTEST_HAVE_ATTRIBUTE_(visibility)
        -:  877:#define GTEST_API_ __attribute__((visibility("default")))
        -:  878:#endif  // _MSC_VER
        -:  879:
        -:  880:#endif  // GTEST_API_
        -:  881:
        -:  882:#ifndef GTEST_API_
        -:  883:#define GTEST_API_
        -:  884:#endif  // GTEST_API_
        -:  885:
        -:  886:#ifndef GTEST_DEFAULT_DEATH_TEST_STYLE
        -:  887:#define GTEST_DEFAULT_DEATH_TEST_STYLE "fast"
        -:  888:#endif  // GTEST_DEFAULT_DEATH_TEST_STYLE
        -:  889:
        -:  890:#if GTEST_HAVE_ATTRIBUTE_(noinline)
        -:  891:// Ask the compiler to never inline a given function.
        -:  892:#define GTEST_NO_INLINE_ __attribute__((noinline))
        -:  893:#else
        -:  894:#define GTEST_NO_INLINE_
        -:  895:#endif
        -:  896:
        -:  897:#if GTEST_HAVE_ATTRIBUTE_(disable_tail_calls)
        -:  898:// Ask the compiler not to perform tail call optimization inside
        -:  899:// the marked function.
        -:  900:#define GTEST_NO_TAIL_CALL_ __attribute__((disable_tail_calls))
        -:  901:#elif defined(__GNUC__) && !defined(__NVCOMPILER)
        -:  902:#define GTEST_NO_TAIL_CALL_ \
        -:  903:  __attribute__((optimize("no-optimize-sibling-calls")))
        -:  904:#else
        -:  905:#define GTEST_NO_TAIL_CALL_
        -:  906:#endif
        -:  907:
        -:  908:// _LIBCPP_VERSION is defined by the libc++ library from the LLVM project.
        -:  909:#if !defined(GTEST_HAS_CXXABI_H_)
        -:  910:#if defined(__GLIBCXX__) || (defined(_LIBCPP_VERSION) && !defined(_MSC_VER))
        -:  911:#define GTEST_HAS_CXXABI_H_ 1
        -:  912:#else
        -:  913:#define GTEST_HAS_CXXABI_H_ 0
        -:  914:#endif
        -:  915:#endif
        -:  916:
        -:  917:// A function level attribute to disable checking for use of uninitialized
        -:  918:// memory when built with MemorySanitizer.
        -:  919:#if GTEST_HAVE_ATTRIBUTE_(no_sanitize_memory)
        -:  920:#define GTEST_ATTRIBUTE_NO_SANITIZE_MEMORY_ __attribute__((no_sanitize_memory))
        -:  921:#else
        -:  922:#define GTEST_ATTRIBUTE_NO_SANITIZE_MEMORY_
        -:  923:#endif
        -:  924:
        -:  925:// A function level attribute to disable AddressSanitizer instrumentation.
        -:  926:#if GTEST_HAVE_ATTRIBUTE_(no_sanitize_address)
        -:  927:#define GTEST_ATTRIBUTE_NO_SANITIZE_ADDRESS_ \
        -:  928:  __attribute__((no_sanitize_address))
        -:  929:#else
        -:  930:#define GTEST_ATTRIBUTE_NO_SANITIZE_ADDRESS_
        -:  931:#endif
        -:  932:
        -:  933:// A function level attribute to disable HWAddressSanitizer instrumentation.
        -:  934:#if GTEST_HAVE_FEATURE_(hwaddress_sanitizer) && \
        -:  935:    GTEST_HAVE_ATTRIBUTE_(no_sanitize)
        -:  936:#define GTEST_ATTRIBUTE_NO_SANITIZE_HWADDRESS_ \
        -:  937:  __attribute__((no_sanitize("hwaddress")))
        -:  938:#else
        -:  939:#define GTEST_ATTRIBUTE_NO_SANITIZE_HWADDRESS_
        -:  940:#endif
        -:  941:
        -:  942:// A function level attribute to disable ThreadSanitizer instrumentation.
        -:  943:#if GTEST_HAVE_ATTRIBUTE_(no_sanitize_thread)
        -:  944:#define GTEST_ATTRIBUTE_NO_SANITIZE_THREAD_ __attribute((no_sanitize_thread))
        -:  945:#else
        -:  946:#define GTEST_ATTRIBUTE_NO_SANITIZE_THREAD_
        -:  947:#endif
        -:  948:
        -:  949:namespace testing {
        -:  950:
        -:  951:class Message;
        -:  952:
        -:  953:// Legacy imports for backwards compatibility.
        -:  954:// New code should use std:: names directly.
        -:  955:using std::get;
        -:  956:using std::make_tuple;
        -:  957:using std::tuple;
        -:  958:using std::tuple_element;
        -:  959:using std::tuple_size;
        -:  960:
        -:  961:namespace internal {
        -:  962:
        -:  963:// A secret type that Google Test users don't know about.  It has no
        -:  964:// accessible constructors on purpose.  Therefore it's impossible to create a
        -:  965:// Secret object, which is what we want.
        -:  966:class Secret {
        -:  967:  Secret(const Secret&) = delete;
        -:  968:};
        -:  969:
        -:  970:// A helper for suppressing warnings on constant condition.  It just
        -:  971:// returns 'condition'.
        -:  972:GTEST_API_ bool IsTrue(bool condition);
        -:  973:
        -:  974:// Defines RE.
        -:  975:
        -:  976:#ifdef GTEST_USES_RE2
        -:  977:
        -:  978:// This is almost `using RE = ::RE2`, except it is copy-constructible, and it
        -:  979:// needs to disambiguate the `std::string`, `absl::string_view`, and `const
        -:  980:// char*` constructors.
        -:  981:class GTEST_API_ RE {
        -:  982: public:
        -:  983:  RE(absl::string_view regex) : regex_(regex) {}                  // NOLINT
        -:  984:  RE(const char* regex) : RE(absl::string_view(regex)) {}         // NOLINT
        -:  985:  RE(const std::string& regex) : RE(absl::string_view(regex)) {}  // NOLINT
        -:  986:  RE(const RE& other) : RE(other.pattern()) {}
        -:  987:
        -:  988:  const std::string& pattern() const { return regex_.pattern(); }
        -:  989:
        -:  990:  static bool FullMatch(absl::string_view str, const RE& re) {
        -:  991:    return RE2::FullMatch(str, re.regex_);
        -:  992:  }
        -:  993:  static bool PartialMatch(absl::string_view str, const RE& re) {
        -:  994:    return RE2::PartialMatch(str, re.regex_);
        -:  995:  }
        -:  996:
        -:  997: private:
        -:  998:  RE2 regex_;
        -:  999:};
        -: 1000:
        -: 1001:#elif defined(GTEST_USES_POSIX_RE) || defined(GTEST_USES_SIMPLE_RE)
        -: 1002:GTEST_DISABLE_MSC_WARNINGS_PUSH_(4251 \
        -: 1003:/* class A needs to have dll-interface to be used by clients of class B */)
        -: 1004:
        -: 1005:// A simple C++ wrapper for <regex.h>.  It uses the POSIX Extended
        -: 1006:// Regular Expression syntax.
        -: 1007:class GTEST_API_ RE {
        -: 1008: public:
        -: 1009:  // A copy constructor is required by the Standard to initialize object
        -: 1010:  // references from r-values.
        -: 1011:  RE(const RE& other) { Init(other.pattern()); }
        -: 1012:
        -: 1013:  // Constructs an RE from a string.
        -: 1014:  RE(const ::std::string& regex) { Init(regex.c_str()); }  // NOLINT
        -: 1015:
        -: 1016:  RE(const char* regex) { Init(regex); }  // NOLINT
        -: 1017:  ~RE();
        -: 1018:
        -: 1019:  // Returns the string representation of the regex.
        -: 1020:  const char* pattern() const { return pattern_.c_str(); }
        -: 1021:
        -: 1022:  // FullMatch(str, re) returns true if and only if regular expression re
        -: 1023:  // matches the entire str.
        -: 1024:  // PartialMatch(str, re) returns true if and only if regular expression re
        -: 1025:  // matches a substring of str (including str itself).
        -: 1026:  static bool FullMatch(const ::std::string& str, const RE& re) {
        -: 1027:    return FullMatch(str.c_str(), re);
        -: 1028:  }
        -: 1029:  static bool PartialMatch(const ::std::string& str, const RE& re) {
        -: 1030:    return PartialMatch(str.c_str(), re);
        -: 1031:  }
        -: 1032:
        -: 1033:  static bool FullMatch(const char* str, const RE& re);
        -: 1034:  static bool PartialMatch(const char* str, const RE& re);
        -: 1035:
        -: 1036: private:
        -: 1037:  void Init(const char* regex);
        -: 1038:  std::string pattern_;
        -: 1039:  bool is_valid_;
        -: 1040:
        -: 1041:#ifdef GTEST_USES_POSIX_RE
        -: 1042:
        -: 1043:  regex_t full_regex_;     // For FullMatch().
        -: 1044:  regex_t partial_regex_;  // For PartialMatch().
        -: 1045:
        -: 1046:#else  // GTEST_USES_SIMPLE_RE
        -: 1047:
        -: 1048:  std::string full_pattern_;  // For FullMatch();
        -: 1049:
        -: 1050:#endif
        -: 1051:};
        -: 1052:GTEST_DISABLE_MSC_WARNINGS_POP_()  // 4251
        -: 1053:#endif  // ::testing::internal::RE implementation
        -: 1054:
        -: 1055:// Formats a source file path and a line number as they would appear
        -: 1056:// in an error message from the compiler used to compile this code.
        -: 1057:GTEST_API_ ::std::string FormatFileLocation(const char* file, int line);
        -: 1058:
        -: 1059:// Formats a file location for compiler-independent XML output.
        -: 1060:// Although this function is not platform dependent, we put it next to
        -: 1061:// FormatFileLocation in order to contrast the two functions.
        -: 1062:GTEST_API_ ::std::string FormatCompilerIndependentFileLocation(const char* file,
        -: 1063:                                                               int line);
        -: 1064:
        -: 1065:// Defines logging utilities:
        -: 1066://   GTEST_LOG_(severity) - logs messages at the specified severity level. The
        -: 1067://                          message itself is streamed into the macro.
        -: 1068://   LogToStderr()  - directs all log messages to stderr.
        -: 1069://   FlushInfoLog() - flushes informational log messages.
        -: 1070:
        -: 1071:enum GTestLogSeverity { GTEST_INFO, GTEST_WARNING, GTEST_ERROR, GTEST_FATAL };
        -: 1072:
        -: 1073:// Formats log entry severity, provides a stream object for streaming the
        -: 1074:// log message, and terminates the message with a newline when going out of
        -: 1075:// scope.
        -: 1076:class GTEST_API_ GTestLog {
        -: 1077: public:
        -: 1078:  GTestLog(GTestLogSeverity severity, const char* file, int line);
        -: 1079:
        -: 1080:  // Flushes the buffers and, if severity is GTEST_FATAL, aborts the program.
        -: 1081:  ~GTestLog();
        -: 1082:
function _ZN7testing8internal8GTestLog9GetStreamEv called 0 returned 0% blocks executed 0%
    #####: 1083:  ::std::ostream& GetStream() { return ::std::cerr; }
    %%%%%: 1083-block 2
        -: 1084:
        -: 1085: private:
        -: 1086:  const GTestLogSeverity severity_;
        -: 1087:
        -: 1088:  GTestLog(const GTestLog&) = delete;
        -: 1089:  GTestLog& operator=(const GTestLog&) = delete;
        -: 1090:};
        -: 1091:
        -: 1092:#if !defined(GTEST_LOG_)
        -: 1093:
        -: 1094:#define GTEST_LOG_(severity)                                           \
        -: 1095:  ::testing::internal::GTestLog(::testing::internal::GTEST_##severity, \
        -: 1096:                                __FILE__, __LINE__)                    \
        -: 1097:      .GetStream()
        -: 1098:
        -: 1099:inline void LogToStderr() {}
        -: 1100:inline void FlushInfoLog() { fflush(nullptr); }
        -: 1101:
        -: 1102:#endif  // !defined(GTEST_LOG_)
        -: 1103:
        -: 1104:#if !defined(GTEST_CHECK_)
        -: 1105:// INTERNAL IMPLEMENTATION - DO NOT USE.
        -: 1106://
        -: 1107:// GTEST_CHECK_ is an all-mode assert. It aborts the program if the condition
        -: 1108:// is not satisfied.
        -: 1109://  Synopsis:
        -: 1110://    GTEST_CHECK_(boolean_condition);
        -: 1111://     or
        -: 1112://    GTEST_CHECK_(boolean_condition) << "Additional message";
        -: 1113://
        -: 1114://    This checks the condition and if the condition is not satisfied
        -: 1115://    it prints message about the condition violation, including the
        -: 1116://    condition itself, plus additional message streamed into it, if any,
        -: 1117://    and then it aborts the program. It aborts the program irrespective of
        -: 1118://    whether it is built in the debug mode or not.
        -: 1119:#define GTEST_CHECK_(condition)               \
        -: 1120:  GTEST_AMBIGUOUS_ELSE_BLOCKER_               \
        -: 1121:  if (::testing::internal::IsTrue(condition)) \
        -: 1122:    ;                                         \
        -: 1123:  else                                        \
        -: 1124:    GTEST_LOG_(FATAL) << "Condition " #condition " failed. "
        -: 1125:#endif  // !defined(GTEST_CHECK_)
        -: 1126:
        -: 1127:// An all-mode assert to verify that the given POSIX-style function
        -: 1128:// call returns 0 (indicating success).  Known limitation: this
        -: 1129:// doesn't expand to a balanced 'if' statement, so enclose the macro
        -: 1130:// in {} if you need to use it as the only statement in an 'if'
        -: 1131:// branch.
        -: 1132:#define GTEST_CHECK_POSIX_SUCCESS_(posix_call) \
        -: 1133:  if (const int gtest_error = (posix_call))    \
        -: 1134:  GTEST_LOG_(FATAL) << #posix_call << "failed with error " << gtest_error
        -: 1135:
        -: 1136:// Transforms "T" into "const T&" according to standard reference collapsing
        -: 1137:// rules (this is only needed as a backport for C++98 compilers that do not
        -: 1138:// support reference collapsing). Specifically, it transforms:
        -: 1139://
        -: 1140://   char         ==> const char&
        -: 1141://   const char   ==> const char&
        -: 1142://   char&        ==> char&
        -: 1143://   const char&  ==> const char&
        -: 1144://
        -: 1145:// Note that the non-const reference will not have "const" added. This is
        -: 1146:// standard, and necessary so that "T" can always bind to "const T&".
        -: 1147:template <typename T>
        -: 1148:struct ConstRef {
        -: 1149:  typedef const T& type;
        -: 1150:};
        -: 1151:template <typename T>
        -: 1152:struct ConstRef<T&> {
        -: 1153:  typedef T& type;
        -: 1154:};
        -: 1155:
        -: 1156:// The argument T must depend on some template parameters.
        -: 1157:#define GTEST_REFERENCE_TO_CONST_(T) \
        -: 1158:  typename ::testing::internal::ConstRef<T>::type
        -: 1159:
        -: 1160:// INTERNAL IMPLEMENTATION - DO NOT USE IN USER CODE.
        -: 1161://
        -: 1162:// Use ImplicitCast_ as a safe version of static_cast for upcasting in
        -: 1163:// the type hierarchy (e.g. casting a Foo* to a SuperclassOfFoo* or a
        -: 1164:// const Foo*).  When you use ImplicitCast_, the compiler checks that
        -: 1165:// the cast is safe.  Such explicit ImplicitCast_s are necessary in
        -: 1166:// surprisingly many situations where C++ demands an exact type match
        -: 1167:// instead of an argument type convertible to a target type.
        -: 1168://
        -: 1169:// The syntax for using ImplicitCast_ is the same as for static_cast:
        -: 1170://
        -: 1171://   ImplicitCast_<ToType>(expr)
        -: 1172://
        -: 1173:// ImplicitCast_ would have been part of the C++ standard library,
        -: 1174:// but the proposal was submitted too late.  It will probably make
        -: 1175:// its way into the language in the future.
        -: 1176://
        -: 1177:// This relatively ugly name is intentional. It prevents clashes with
        -: 1178:// similar functions users may have (e.g., implicit_cast). The internal
        -: 1179:// namespace alone is not enough because the function can be found by ADL.
        -: 1180:template <typename To>
        -: 1181:inline To ImplicitCast_(To x) {
        -: 1182:  return x;
        -: 1183:}
        -: 1184:
        -: 1185:// Downcasts the pointer of type Base to Derived.
        -: 1186:// Derived must be a subclass of Base. The parameter MUST
        -: 1187:// point to a class of type Derived, not any subclass of it.
        -: 1188:// When RTTI is available, the function performs a runtime
        -: 1189:// check to enforce this.
        -: 1190:template <class Derived, class Base>
        -: 1191:Derived* CheckedDowncastToActualType(Base* base) {
        -: 1192:  static_assert(std::is_base_of<Base, Derived>::value,
        -: 1193:                "target type not derived from source type");
        -: 1194:#if GTEST_HAS_RTTI
        -: 1195:  GTEST_CHECK_(base == nullptr || dynamic_cast<Derived*>(base) != nullptr);
        -: 1196:#endif
        -: 1197:  return static_cast<Derived*>(base);
        -: 1198:}
        -: 1199:
        -: 1200:#if GTEST_HAS_STREAM_REDIRECTION
        -: 1201:
        -: 1202:// Defines the stderr capturer:
        -: 1203://   CaptureStdout     - starts capturing stdout.
        -: 1204://   GetCapturedStdout - stops capturing stdout and returns the captured string.
        -: 1205://   CaptureStderr     - starts capturing stderr.
        -: 1206://   GetCapturedStderr - stops capturing stderr and returns the captured string.
        -: 1207://
        -: 1208:GTEST_API_ void CaptureStdout();
        -: 1209:GTEST_API_ std::string GetCapturedStdout();
        -: 1210:GTEST_API_ void CaptureStderr();
        -: 1211:GTEST_API_ std::string GetCapturedStderr();
        -: 1212:
        -: 1213:#endif  // GTEST_HAS_STREAM_REDIRECTION
        -: 1214:// Returns the size (in bytes) of a file.
        -: 1215:GTEST_API_ size_t GetFileSize(FILE* file);
        -: 1216:
        -: 1217:// Reads the entire content of a file as a string.
        -: 1218:GTEST_API_ std::string ReadEntireFile(FILE* file);
        -: 1219:
        -: 1220:// All command line arguments.
        -: 1221:GTEST_API_ std::vector<std::string> GetArgvs();
        -: 1222:
        -: 1223:#ifdef GTEST_HAS_DEATH_TEST
        -: 1224:
        -: 1225:std::vector<std::string> GetInjectableArgvs();
        -: 1226:// Deprecated: pass the args vector by value instead.
        -: 1227:void SetInjectableArgvs(const std::vector<std::string>* new_argvs);
        -: 1228:void SetInjectableArgvs(const std::vector<std::string>& new_argvs);
        -: 1229:void ClearInjectableArgvs();
        -: 1230:
        -: 1231:#endif  // GTEST_HAS_DEATH_TEST
        -: 1232:
        -: 1233:// Defines synchronization primitives.
        -: 1234:#ifdef GTEST_IS_THREADSAFE
        -: 1235:
        -: 1236:#ifdef GTEST_OS_WINDOWS
        -: 1237:// Provides leak-safe Windows kernel handle ownership.
        -: 1238:// Used in death tests and in threading support.
        -: 1239:class GTEST_API_ AutoHandle {
        -: 1240: public:
        -: 1241:  // Assume that Win32 HANDLE type is equivalent to void*. Doing so allows us to
        -: 1242:  // avoid including <windows.h> in this header file. Including <windows.h> is
        -: 1243:  // undesirable because it defines a lot of symbols and macros that tend to
        -: 1244:  // conflict with client code. This assumption is verified by
        -: 1245:  // WindowsTypesTest.HANDLEIsVoidStar.
        -: 1246:  typedef void* Handle;
        -: 1247:  AutoHandle();
        -: 1248:  explicit AutoHandle(Handle handle);
        -: 1249:
        -: 1250:  ~AutoHandle();
        -: 1251:
        -: 1252:  Handle Get() const;
        -: 1253:  void Reset();
        -: 1254:  void Reset(Handle handle);
        -: 1255:
        -: 1256: private:
        -: 1257:  // Returns true if and only if the handle is a valid handle object that can be
        -: 1258:  // closed.
        -: 1259:  bool IsCloseable() const;
        -: 1260:
        -: 1261:  Handle handle_;
        -: 1262:
        -: 1263:  AutoHandle(const AutoHandle&) = delete;
        -: 1264:  AutoHandle& operator=(const AutoHandle&) = delete;
        -: 1265:};
        -: 1266:#endif
        -: 1267:
        -: 1268:#if GTEST_HAS_NOTIFICATION_
        -: 1269:// Notification has already been imported into the namespace.
        -: 1270:// Nothing to do here.
        -: 1271:
        -: 1272:#else
        -: 1273:GTEST_DISABLE_MSC_WARNINGS_PUSH_(4251 \
        -: 1274:/* class A needs to have dll-interface to be used by clients of class B */)
        -: 1275:
        -: 1276:// Allows a controller thread to pause execution of newly created
        -: 1277:// threads until notified.  Instances of this class must be created
        -: 1278:// and destroyed in the controller thread.
        -: 1279://
        -: 1280:// This class is only for testing Google Test's own constructs. Do not
        -: 1281:// use it in user tests, either directly or indirectly.
        -: 1282:// TODO(b/203539622): Replace unconditionally with absl::Notification.
        -: 1283:class GTEST_API_ Notification {
        -: 1284: public:
        -: 1285:  Notification() : notified_(false) {}
        -: 1286:  Notification(const Notification&) = delete;
        -: 1287:  Notification& operator=(const Notification&) = delete;
        -: 1288:
        -: 1289:  // Notifies all threads created with this notification to start. Must
        -: 1290:  // be called from the controller thread.
        -: 1291:  void Notify() {
        -: 1292:    std::lock_guard<std::mutex> lock(mu_);
        -: 1293:    notified_ = true;
        -: 1294:    cv_.notify_all();
        -: 1295:  }
        -: 1296:
        -: 1297:  // Blocks until the controller thread notifies. Must be called from a test
        -: 1298:  // thread.
        -: 1299:  void WaitForNotification() {
        -: 1300:    std::unique_lock<std::mutex> lock(mu_);
        -: 1301:    cv_.wait(lock, [this]() { return notified_; });
        -: 1302:  }
        -: 1303:
        -: 1304: private:
        -: 1305:  std::mutex mu_;
        -: 1306:  std::condition_variable cv_;
        -: 1307:  bool notified_;
        -: 1308:};
        -: 1309:GTEST_DISABLE_MSC_WARNINGS_POP_()  // 4251
        -: 1310:#endif  // GTEST_HAS_NOTIFICATION_
        -: 1311:
        -: 1312:// On MinGW, we can have both GTEST_OS_WINDOWS and GTEST_HAS_PTHREAD
        -: 1313:// defined, but we don't want to use MinGW's pthreads implementation, which
        -: 1314:// has conformance problems with some versions of the POSIX standard.
        -: 1315:#if GTEST_HAS_PTHREAD && !defined(GTEST_OS_WINDOWS_MINGW)
        -: 1316:
        -: 1317:// As a C-function, ThreadFuncWithCLinkage cannot be templated itself.
        -: 1318:// Consequently, it cannot select a correct instantiation of ThreadWithParam
        -: 1319:// in order to call its Run(). Introducing ThreadWithParamBase as a
        -: 1320:// non-templated base class for ThreadWithParam allows us to bypass this
        -: 1321:// problem.
        -: 1322:class ThreadWithParamBase {
        -: 1323: public:
        -: 1324:  virtual ~ThreadWithParamBase() = default;
        -: 1325:  virtual void Run() = 0;
        -: 1326:};
        -: 1327:
        -: 1328:// pthread_create() accepts a pointer to a function type with the C linkage.
        -: 1329:// According to the Standard (7.5/1), function types with different linkages
        -: 1330:// are different even if they are otherwise identical.  Some compilers (for
        -: 1331:// example, SunStudio) treat them as different types.  Since class methods
        -: 1332:// cannot be defined with C-linkage we need to define a free C-function to
        -: 1333:// pass into pthread_create().
        -: 1334:extern "C" inline void* ThreadFuncWithCLinkage(void* thread) {
        -: 1335:  static_cast<ThreadWithParamBase*>(thread)->Run();
        -: 1336:  return nullptr;
        -: 1337:}
        -: 1338:
        -: 1339:// Helper class for testing Google Test's multi-threading constructs.
        -: 1340:// To use it, write:
        -: 1341://
        -: 1342://   void ThreadFunc(int param) { /* Do things with param */ }
        -: 1343://   Notification thread_can_start;
        -: 1344://   ...
        -: 1345://   // The thread_can_start parameter is optional; you can supply NULL.
        -: 1346://   ThreadWithParam<int> thread(&ThreadFunc, 5, &thread_can_start);
        -: 1347://   thread_can_start.Notify();
        -: 1348://
        -: 1349:// These classes are only for testing Google Test's own constructs. Do
        -: 1350:// not use them in user tests, either directly or indirectly.
        -: 1351:template <typename T>
        -: 1352:class ThreadWithParam : public ThreadWithParamBase {
        -: 1353: public:
        -: 1354:  typedef void UserThreadFunc(T);
        -: 1355:
        -: 1356:  ThreadWithParam(UserThreadFunc* func, T param, Notification* thread_can_start)
        -: 1357:      : func_(func),
        -: 1358:        param_(param),
        -: 1359:        thread_can_start_(thread_can_start),
        -: 1360:        finished_(false) {
        -: 1361:    ThreadWithParamBase* const base = this;
        -: 1362:    // The thread can be created only after all fields except thread_
        -: 1363:    // have been initialized.
        -: 1364:    GTEST_CHECK_POSIX_SUCCESS_(
        -: 1365:        pthread_create(&thread_, nullptr, &ThreadFuncWithCLinkage, base));
        -: 1366:  }
        -: 1367:  ~ThreadWithParam() override { Join(); }
        -: 1368:
        -: 1369:  void Join() {
        -: 1370:    if (!finished_) {
        -: 1371:      GTEST_CHECK_POSIX_SUCCESS_(pthread_join(thread_, nullptr));
        -: 1372:      finished_ = true;
        -: 1373:    }
        -: 1374:  }
        -: 1375:
        -: 1376:  void Run() override {
        -: 1377:    if (thread_can_start_ != nullptr) thread_can_start_->WaitForNotification();
        -: 1378:    func_(param_);
        -: 1379:  }
        -: 1380:
        -: 1381: private:
        -: 1382:  UserThreadFunc* const func_;  // User-supplied thread function.
        -: 1383:  const T param_;  // User-supplied parameter to the thread function.
        -: 1384:  // When non-NULL, used to block execution until the controller thread
        -: 1385:  // notifies.
        -: 1386:  Notification* const thread_can_start_;
        -: 1387:  bool finished_;  // true if and only if we know that the thread function has
        -: 1388:                   // finished.
        -: 1389:  pthread_t thread_;  // The native thread object.
        -: 1390:
        -: 1391:  ThreadWithParam(const ThreadWithParam&) = delete;
        -: 1392:  ThreadWithParam& operator=(const ThreadWithParam&) = delete;
        -: 1393:};
        -: 1394:#endif  // !GTEST_OS_WINDOWS && GTEST_HAS_PTHREAD ||
        -: 1395:        // GTEST_HAS_MUTEX_AND_THREAD_LOCAL_
        -: 1396:
        -: 1397:#if GTEST_HAS_MUTEX_AND_THREAD_LOCAL_
        -: 1398:// Mutex and ThreadLocal have already been imported into the namespace.
        -: 1399:// Nothing to do here.
        -: 1400:
        -: 1401:#elif defined(GTEST_OS_WINDOWS) && !defined(GTEST_OS_WINDOWS_PHONE) && \
        -: 1402:    !defined(GTEST_OS_WINDOWS_RT)
        -: 1403:
        -: 1404:// Mutex implements mutex on Windows platforms.  It is used in conjunction
        -: 1405:// with class MutexLock:
        -: 1406://
        -: 1407://   Mutex mutex;
        -: 1408://   ...
        -: 1409://   MutexLock lock(&mutex);  // Acquires the mutex and releases it at the
        -: 1410://                            // end of the current scope.
        -: 1411://
        -: 1412:// A static Mutex *must* be defined or declared using one of the following
        -: 1413:// macros:
        -: 1414://   GTEST_DEFINE_STATIC_MUTEX_(g_some_mutex);
        -: 1415://   GTEST_DECLARE_STATIC_MUTEX_(g_some_mutex);
        -: 1416://
        -: 1417:// (A non-static Mutex is defined/declared in the usual way).
        -: 1418:class GTEST_API_ Mutex {
        -: 1419: public:
        -: 1420:  enum MutexType { kStatic = 0, kDynamic = 1 };
        -: 1421:  // We rely on kStaticMutex being 0 as it is to what the linker initializes
        -: 1422:  // type_ in static mutexes.  critical_section_ will be initialized lazily
        -: 1423:  // in ThreadSafeLazyInit().
        -: 1424:  enum StaticConstructorSelector { kStaticMutex = 0 };
        -: 1425:
        -: 1426:  // This constructor intentionally does nothing.  It relies on type_ being
        -: 1427:  // statically initialized to 0 (effectively setting it to kStatic) and on
        -: 1428:  // ThreadSafeLazyInit() to lazily initialize the rest of the members.
        -: 1429:  explicit Mutex(StaticConstructorSelector /*dummy*/) {}
        -: 1430:
        -: 1431:  Mutex();
        -: 1432:  ~Mutex();
        -: 1433:
        -: 1434:  void Lock();
        -: 1435:
        -: 1436:  void Unlock();
        -: 1437:
        -: 1438:  // Does nothing if the current thread holds the mutex. Otherwise, crashes
        -: 1439:  // with high probability.
        -: 1440:  void AssertHeld();
        -: 1441:
        -: 1442: private:
        -: 1443:  // Initializes owner_thread_id_ and critical_section_ in static mutexes.
        -: 1444:  void ThreadSafeLazyInit();
        -: 1445:
        -: 1446:  // Per https://blogs.msdn.microsoft.com/oldnewthing/20040223-00/?p=40503,
        -: 1447:  // we assume that 0 is an invalid value for thread IDs.
        -: 1448:  unsigned int owner_thread_id_;
        -: 1449:
        -: 1450:  // For static mutexes, we rely on these members being initialized to zeros
        -: 1451:  // by the linker.
        -: 1452:  MutexType type_;
        -: 1453:  long critical_section_init_phase_;  // NOLINT
        -: 1454:  GTEST_CRITICAL_SECTION* critical_section_;
        -: 1455:
        -: 1456:  Mutex(const Mutex&) = delete;
        -: 1457:  Mutex& operator=(const Mutex&) = delete;
        -: 1458:};
        -: 1459:
        -: 1460:#define GTEST_DECLARE_STATIC_MUTEX_(mutex) \
        -: 1461:  extern ::testing::internal::Mutex mutex
        -: 1462:
        -: 1463:#define GTEST_DEFINE_STATIC_MUTEX_(mutex) \
        -: 1464:  ::testing::internal::Mutex mutex(::testing::internal::Mutex::kStaticMutex)
        -: 1465:
        -: 1466:// We cannot name this class MutexLock because the ctor declaration would
        -: 1467:// conflict with a macro named MutexLock, which is defined on some
        -: 1468:// platforms. That macro is used as a defensive measure to prevent against
        -: 1469:// inadvertent misuses of MutexLock like "MutexLock(&mu)" rather than
        -: 1470:// "MutexLock l(&mu)".  Hence the typedef trick below.
        -: 1471:class GTestMutexLock {
[...]
        -: 2155:inline int FClose(FILE* fp) { return fclose(fp); }
        -: 2156:#if !defined(GTEST_OS_WINDOWS_MOBILE) && !defined(GTEST_OS_QURT)
        -: 2157:inline int Read(int fd, void* buf, unsigned int count) {
        -: 2158:  return static_cast<int>(read(fd, buf, count));
        -: 2159:}
        -: 2160:inline int Write(int fd, const void* buf, unsigned int count) {
        -: 2161:  return static_cast<int>(write(fd, buf, count));
        -: 2162:}
        -: 2163:inline int Close(int fd) { return close(fd); }
        -: 2164:#endif  // !GTEST_OS_WINDOWS_MOBILE && !GTEST_OS_QURT
        -: 2165:#endif  // GTEST_HAS_FILE_SYSTEM
        -: 2166:
        -: 2167:#if !defined(GTEST_OS_WINDOWS_MOBILE) && !defined(GTEST_OS_QURT)
        -: 2168:inline const char* StrError(int errnum) { return strerror(errnum); }
        -: 2169:#endif  // !GTEST_OS_WINDOWS_MOBILE && !GTEST_OS_QURT
        -: 2170:
        -: 2171:inline const char* GetEnv(const char* name) {
        -: 2172:#if defined(GTEST_OS_WINDOWS_MOBILE) || defined(GTEST_OS_WINDOWS_PHONE) || \
        -: 2173:    defined(GTEST_OS_ESP8266) || defined(GTEST_OS_XTENSA) ||               \
        -: 2174:    defined(GTEST_OS_QURT)
        -: 2175:  // We are on an embedded platform, which has no environment variables.
        -: 2176:  static_cast<void>(name);  // To prevent 'unused argument' warning.
        -: 2177:  return nullptr;
        -: 2178:#elif defined(__BORLANDC__) || defined(__SunOS_5_8) || defined(__SunOS_5_9)
        -: 2179:  // Environment variables which we programmatically clear will be set to the
        -: 2180:  // empty string rather than unset (NULL).  Handle that case.
        -: 2181:  const char* const env = getenv(name);
        -: 2182:  return (env != nullptr && env[0] != '\0') ? env : nullptr;
        -: 2183:#else
        -: 2184:  return getenv(name);
        -: 2185:#endif
        -: 2186:}
        -: 2187:
        -: 2188:GTEST_DISABLE_MSC_DEPRECATED_POP_()
        -: 2189:
        -: 2190:#ifdef GTEST_OS_WINDOWS_MOBILE
        -: 2191:// Windows CE has no C library. The abort() function is used in
        -: 2192:// several places in Google Test. This implementation provides a reasonable
        -: 2193:// imitation of standard behaviour.
        -: 2194:[[noreturn]] void Abort();
        -: 2195:#else
        -: 2196:[[noreturn]] inline void Abort() { abort(); }
        -: 2197:#endif  // GTEST_OS_WINDOWS_MOBILE
        -: 2198:
        -: 2199:}  // namespace posix
        -: 2200:
        -: 2201:// MSVC "deprecates" snprintf and issues warnings wherever it is used.  In
        -: 2202:// order to avoid these warnings, we need to use _snprintf or _snprintf_s on
        -: 2203:// MSVC-based platforms.  We map the GTEST_SNPRINTF_ macro to the appropriate
        -: 2204:// function in order to achieve that.  We use macro definition here because
        -: 2205:// snprintf is a variadic function.
        -: 2206:#if defined(_MSC_VER) && !defined(GTEST_OS_WINDOWS_MOBILE)
        -: 2207:// MSVC 2005 and above support variadic macros.
        -: 2208:#define GTEST_SNPRINTF_(buffer, size, format, ...) \
        -: 2209:  _snprintf_s(buffer, size, size, format, __VA_ARGS__)
        -: 2210:#elif defined(_MSC_VER)
        -: 2211:// Windows CE does not define _snprintf_s
        -: 2212:#define GTEST_SNPRINTF_ _snprintf
        -: 2213:#else
        -: 2214:#define GTEST_SNPRINTF_ snprintf
        -: 2215:#endif
        -: 2216:
        -: 2217:// The biggest signed integer type the compiler supports.
        -: 2218://
        -: 2219:// long long is guaranteed to be at least 64-bits in C++11.
        -: 2220:using BiggestInt = long long;  // NOLINT
        -: 2221:
        -: 2222:// The maximum number a BiggestInt can represent.
        -: 2223:constexpr BiggestInt kMaxBiggestInt = (std::numeric_limits<BiggestInt>::max)();
        -: 2224:
        -: 2225:// This template class serves as a compile-time function from size to
        -: 2226:// type.  It maps a size in bytes to a primitive type with that
        -: 2227:// size. e.g.
        -: 2228://
        -: 2229://   TypeWithSize<4>::UInt
        -: 2230://
        -: 2231:// is typedef-ed to be unsigned int (unsigned integer made up of 4
        -: 2232:// bytes).
        -: 2233://
        -: 2234:// Such functionality should belong to STL, but I cannot find it
        -: 2235:// there.
        -: 2236://
        -: 2237:// Google Test uses this class in the implementation of floating-point
        -: 2238:// comparison.
        -: 2239://
        -: 2240:// For now it only handles UInt (unsigned int) as that's all Google Test
        -: 2241:// needs.  Other types can be easily added in the future if need
        -: 2242:// arises.
        -: 2243:template <size_t size>
        -: 2244:class TypeWithSize {
        -: 2245: public:
        -: 2246:  // This prevents the user from using TypeWithSize<N> with incorrect
        -: 2247:  // values of N.
        -: 2248:  using UInt = void;
        -: 2249:};
        -: 2250:
        -: 2251:// The specialization for size 4.
        -: 2252:template <>
        -: 2253:class TypeWithSize<4> {
        -: 2254: public:
        -: 2255:  using Int = std::int32_t;
        -: 2256:  using UInt = std::uint32_t;
        -: 2257:};
        -: 2258:
        -: 2259:// The specialization for size 8.
        -: 2260:template <>
        -: 2261:class TypeWithSize<8> {
        -: 2262: public:
        -: 2263:  using Int = std::int64_t;
        -: 2264:  using UInt = std::uint64_t;
        -: 2265:};
        -: 2266:
        -: 2267:// Integer types of known sizes.
        -: 2268:using TimeInMillis = int64_t;  // Represents time in milliseconds.
        -: 2269:
        -: 2270:// Utilities for command line flags and environment variables.
        -: 2271:
        -: 2272:// Macro for referencing flags.
        -: 2273:#if !defined(GTEST_FLAG)
        -: 2274:#define GTEST_FLAG_NAME_(name) gtest_##name
        -: 2275:#define GTEST_FLAG(name) FLAGS_gtest_##name
        -: 2276:#endif  // !defined(GTEST_FLAG)
        -: 2277:
        -: 2278:// Pick a command line flags implementation.
        -: 2279:#ifdef GTEST_INTERNAL_HAS_ABSL_FLAGS
        -: 2280:
        -: 2281:// Macros for defining flags.
        -: 2282:#define GTEST_DEFINE_bool_(name, default_val, doc) \
        -: 2283:  ABSL_FLAG(bool, GTEST_FLAG_NAME_(name), default_val, doc)
        -: 2284:#define GTEST_DEFINE_int32_(name, default_val, doc) \
        -: 2285:  ABSL_FLAG(int32_t, GTEST_FLAG_NAME_(name), default_val, doc)
        -: 2286:#define GTEST_DEFINE_string_(name, default_val, doc) \
        -: 2287:  ABSL_FLAG(std::string, GTEST_FLAG_NAME_(name), default_val, doc)
        -: 2288:
        -: 2289:// Macros for declaring flags.
        -: 2290:#define GTEST_DECLARE_bool_(name) \
        -: 2291:  ABSL_DECLARE_FLAG(bool, GTEST_FLAG_NAME_(name))
        -: 2292:#define GTEST_DECLARE_int32_(name) \
        -: 2293:  ABSL_DECLARE_FLAG(int32_t, GTEST_FLAG_NAME_(name))
        -: 2294:#define GTEST_DECLARE_string_(name) \
        -: 2295:  ABSL_DECLARE_FLAG(std::string, GTEST_FLAG_NAME_(name))
        -: 2296:
        -: 2297:#define GTEST_FLAG_SAVER_ ::absl::FlagSaver
        -: 2298:
        -: 2299:#define GTEST_FLAG_GET(name) ::absl::GetFlag(GTEST_FLAG(name))
        -: 2300:#define GTEST_FLAG_SET(name, value) \
        -: 2301:  (void)(::absl::SetFlag(&GTEST_FLAG(name), value))
        -: 2302:#define GTEST_USE_OWN_FLAGFILE_FLAG_ 0
        -: 2303:
        -: 2304:#undef GTEST_INTERNAL_HAS_ABSL_FLAGS
        -: 2305:#else  // ndef GTEST_INTERNAL_HAS_ABSL_FLAGS
        -: 2306:
        -: 2307:// Macros for defining flags.
        -: 2308:#define GTEST_DEFINE_bool_(name, default_val, doc)  \
        -: 2309:  namespace testing {                               \
        -: 2310:  GTEST_API_ bool GTEST_FLAG(name) = (default_val); \
        -: 2311:  }                                                 \
        -: 2312:  static_assert(true, "no-op to require trailing semicolon")
        -: 2313:#define GTEST_DEFINE_int32_(name, default_val, doc)         \
        -: 2314:  namespace testing {                                       \
        -: 2315:  GTEST_API_ std::int32_t GTEST_FLAG(name) = (default_val); \
        -: 2316:  }                                                         \
        -: 2317:  static_assert(true, "no-op to require trailing semicolon")
        -: 2318:#define GTEST_DEFINE_string_(name, default_val, doc)         \
        -: 2319:  namespace testing {                                        \
        -: 2320:  GTEST_API_ ::std::string GTEST_FLAG(name) = (default_val); \
        -: 2321:  }                                                          \
        -: 2322:  static_assert(true, "no-op to require trailing semicolon")
        -: 2323:
        -: 2324:// Macros for declaring flags.
        -: 2325:#define GTEST_DECLARE_bool_(name)          \
        -: 2326:  namespace testing {                      \
        -: 2327:  GTEST_API_ extern bool GTEST_FLAG(name); \
        -: 2328:  }                                        \
        -: 2329:  static_assert(true, "no-op to require trailing semicolon")
        -: 2330:#define GTEST_DECLARE_int32_(name)                 \
        -: 2331:  namespace testing {                              \
        -: 2332:  GTEST_API_ extern std::int32_t GTEST_FLAG(name); \
        -: 2333:  }                                                \
        -: 2334:  static_assert(true, "no-op to require trailing semicolon")
        -: 2335:#define GTEST_DECLARE_string_(name)                 \
        -: 2336:  namespace testing {                               \
        -: 2337:  GTEST_API_ extern ::std::string GTEST_FLAG(name); \
        -: 2338:  }                                                 \
        -: 2339:  static_assert(true, "no-op to require trailing semicolon")
        -: 2340:
        -: 2341:#define GTEST_FLAG_SAVER_ ::testing::internal::GTestFlagSaver
        -: 2342:
        -: 2343:#define GTEST_FLAG_GET(name) ::testing::GTEST_FLAG(name)
        -: 2344:#define GTEST_FLAG_SET(name, value) (void)(::testing::GTEST_FLAG(name) = value)
        -: 2345:#define GTEST_USE_OWN_FLAGFILE_FLAG_ 1
        -: 2346:
        -: 2347:#endif  // GTEST_INTERNAL_HAS_ABSL_FLAGS
        -: 2348:
        -: 2349:// Thread annotations
        -: 2350:#if !defined(GTEST_EXCLUSIVE_LOCK_REQUIRED_)
        -: 2351:#define GTEST_EXCLUSIVE_LOCK_REQUIRED_(locks)
        -: 2352:#define GTEST_LOCK_EXCLUDED_(locks)
        -: 2353:#endif  // !defined(GTEST_EXCLUSIVE_LOCK_REQUIRED_)
        -: 2354:
        -: 2355:// Parses 'str' for a 32-bit signed integer.  If successful, writes the result
        -: 2356:// to *value and returns true; otherwise leaves *value unchanged and returns
        -: 2357:// false.
        -: 2358:GTEST_API_ bool ParseInt32(const Message& src_text, const char* str,
        -: 2359:                           int32_t* value);
        -: 2360:
        -: 2361:// Parses a bool/int32_t/string from the environment variable
        -: 2362:// corresponding to the given Google Test flag.
        -: 2363:bool BoolFromGTestEnv(const char* flag, bool default_val);
        -: 2364:GTEST_API_ int32_t Int32FromGTestEnv(const char* flag, int32_t default_val);
        -: 2365:std::string OutputFlagAlsoCheckEnvVar();
        -: 2366:const char* StringFromGTestEnv(const char* flag, const char* default_val);
        -: 2367:
        -: 2368:}  // namespace internal
        -: 2369:}  // namespace testing
        -: 2370:
        -: 2371:#if !defined(GTEST_INTERNAL_DEPRECATED)
        -: 2372:
        -: 2373:// Internal Macro to mark an API deprecated, for googletest usage only
        -: 2374:// Usage: class GTEST_INTERNAL_DEPRECATED(message) MyClass or
        -: 2375:// GTEST_INTERNAL_DEPRECATED(message) <return_type> myFunction(); Every usage of
        -: 2376:// a deprecated entity will trigger a warning when compiled with
        -: 2377:// `-Wdeprecated-declarations` option (clang, gcc, any __GNUC__ compiler).
        -: 2378:// For msvc /W3 option will need to be used
        -: 2379:// Note that for 'other' compilers this macro evaluates to nothing to prevent
        -: 2380:// compilations errors.
        -: 2381:#if defined(_MSC_VER)
        -: 2382:#define GTEST_INTERNAL_DEPRECATED(message) __declspec(deprecated(message))
        -: 2383:#elif defined(__GNUC__)
        -: 2384:#define GTEST_INTERNAL_DEPRECATED(message) __attribute__((deprecated(message)))
        -: 2385:#else
        -: 2386:#define GTEST_INTERNAL_DEPRECATED(message)
        -: 2387:#endif
        -: 2388:
        -: 2389:#endif  // !defined(GTEST_INTERNAL_DEPRECATED)
        -: 2390:
        -: 2391:#ifdef GTEST_HAS_ABSL
        -: 2392:// Always use absl::any for UniversalPrinter<> specializations if googletest
        -: 2393:// is built with absl support.
        -: 2394:#define GTEST_INTERNAL_HAS_ANY 1
        -: 2395:#include "absl/types/any.h"
        -: 2396:namespace testing {
        -: 2397:namespace internal {
        -: 2398:using Any = ::absl::any;
        -: 2399:}  // namespace internal
        -: 2400:}  // namespace testing
        -: 2401:#else
        -: 2402:#if defined(__cpp_lib_any) || (GTEST_INTERNAL_HAS_INCLUDE(<any>) &&        \
        -: 2403:                               GTEST_INTERNAL_CPLUSPLUS_LANG >= 201703L && \
        -: 2404:                               (!defined(_MSC_VER) || GTEST_HAS_RTTI))
        -: 2405:// Otherwise for C++17 and higher use std::any for UniversalPrinter<>
        -: 2406:// specializations.
        -: 2407:#define GTEST_INTERNAL_HAS_ANY 1
        -: 2408:#include <any>
        -: 2409:namespace testing {
        -: 2410:namespace internal {
        -: 2411:using Any = ::std::any;
        -: 2412:}  // namespace internal
        -: 2413:}  // namespace testing
        -: 2414:// The case where absl is configured NOT to alias std::any is not
        -: 2415:// supported.
        -: 2416:#endif  // __cpp_lib_any
        -: 2417:#endif  // GTEST_HAS_ABSL
        -: 2418:
        -: 2419:#ifndef GTEST_INTERNAL_HAS_ANY
        -: 2420:#define GTEST_INTERNAL_HAS_ANY 0
        -: 2421:#endif
        -: 2422:
        -: 2423:#ifdef GTEST_HAS_ABSL
        -: 2424:// Always use absl::optional for UniversalPrinter<> specializations if
        -: 2425:// googletest is built with absl support.
        -: 2426:#define GTEST_INTERNAL_HAS_OPTIONAL 1
        -: 2427:#include "absl/types/optional.h"
        -: 2428:namespace testing {
        -: 2429:namespace internal {
        -: 2430:template <typename T>
        -: 2431:using Optional = ::absl::optional<T>;
        -: 2432:inline ::absl::nullopt_t Nullopt() { return ::absl::nullopt; }
        -: 2433:}  // namespace internal
        -: 2434:}  // namespace testing
        -: 2435:#else
        -: 2436:#if defined(__cpp_lib_optional) || (GTEST_INTERNAL_HAS_INCLUDE(<optional>) && \
        -: 2437:                                    GTEST_INTERNAL_CPLUSPLUS_LANG >= 201703L)
        -: 2438:// Otherwise for C++17 and higher use std::optional for UniversalPrinter<>
        -: 2439:// specializations.
        -: 2440:#define GTEST_INTERNAL_HAS_OPTIONAL 1
        -: 2441:#include <optional>
        -: 2442:namespace testing {
        -: 2443:namespace internal {
        -: 2444:template <typename T>
        -: 2445:using Optional = ::std::optional<T>;
        -: 2446:inline ::std::nullopt_t Nullopt() { return ::std::nullopt; }
        -: 2447:}  // namespace internal
        -: 2448:}  // namespace testing
        -: 2449:// The case where absl is configured NOT to alias std::optional is not
        -: 2450:// supported.
        -: 2451:#endif  // __cpp_lib_optional
        -: 2452:#endif  // GTEST_HAS_ABSL
        -: 2453:
        -: 2454:#ifndef GTEST_INTERNAL_HAS_OPTIONAL
        -: 2455:#define GTEST_INTERNAL_HAS_OPTIONAL 0
        -: 2456:#endif
        -: 2457:
        -: 2458:#if defined(__cpp_lib_span) || (GTEST_INTERNAL_HAS_INCLUDE(<span>) && \
        -: 2459:                                GTEST_INTERNAL_CPLUSPLUS_LANG >= 202002L)
        -: 2460:#define GTEST_INTERNAL_HAS_STD_SPAN 1
        -: 2461:#endif  // __cpp_lib_span
        -: 2462:
        -: 2463:#ifndef GTEST_INTERNAL_HAS_STD_SPAN
        -: 2464:#define GTEST_INTERNAL_HAS_STD_SPAN 0
        -: 2465:#endif
        -: 2466:
        -: 2467:#ifdef GTEST_HAS_ABSL
        -: 2468:// Always use absl::string_view for Matcher<> specializations if googletest
        -: 2469:// is built with absl support.
        -: 2470:#define GTEST_INTERNAL_HAS_STRING_VIEW 1
        -: 2471:#include "absl/strings/string_view.h"
        -: 2472:namespace testing {
        -: 2473:namespace internal {
        -: 2474:using StringView = ::absl::string_view;
        -: 2475:}  // namespace internal
        -: 2476:}  // namespace testing
        -: 2477:#else
        -: 2478:#if defined(__cpp_lib_string_view) ||             \
        -: 2479:    (GTEST_INTERNAL_HAS_INCLUDE(<string_view>) && \
        -: 2480:     GTEST_INTERNAL_CPLUSPLUS_LANG >= 201703L)
        -: 2481:// Otherwise for C++17 and higher use std::string_view for Matcher<>
        -: 2482:// specializations.
        -: 2483:#define GTEST_INTERNAL_HAS_STRING_VIEW 1
        -: 2484:#include <string_view>
        -: 2485:namespace testing {
        -: 2486:namespace internal {
        -: 2487:using StringView = ::std::string_view;
        -: 2488:}  // namespace internal
        -: 2489:}  // namespace testing
        -: 2490:// The case where absl is configured NOT to alias std::string_view is not
        -: 2491:// supported.
        -: 2492:#endif  // __cpp_lib_string_view
        -: 2493:#endif  // GTEST_HAS_ABSL
        -: 2494:
        -: 2495:#ifndef GTEST_INTERNAL_HAS_STRING_VIEW
        -: 2496:#define GTEST_INTERNAL_HAS_STRING_VIEW 0
        -: 2497:#endif
        -: 2498:
        -: 2499:#ifdef GTEST_HAS_ABSL
        -: 2500:// Always use absl::variant for UniversalPrinter<> specializations if googletest
        -: 2501:// is built with absl support.
        -: 2502:#define GTEST_INTERNAL_HAS_VARIANT 1
        -: 2503:#include "absl/types/variant.h"
        -: 2504:namespace testing {
        -: 2505:namespace internal {
        -: 2506:template <typename... T>
        -: 2507:using Variant = ::absl::variant<T...>;
        -: 2508:}  // namespace internal
        -: 2509:}  // namespace testing
        -: 2510:#else
        -: 2511:#if defined(__cpp_lib_variant) || (GTEST_INTERNAL_HAS_INCLUDE(<variant>) && \
        -: 2512:                                   GTEST_INTERNAL_CPLUSPLUS_LANG >= 201703L)
        -: 2513:// Otherwise for C++17 and higher use std::variant for UniversalPrinter<>
        -: 2514:// specializations.
        -: 2515:#define GTEST_INTERNAL_HAS_VARIANT 1
        -: 2516:#include <variant>
        -: 2517:namespace testing {
        -: 2518:namespace internal {
        -: 2519:template <typename... T>
        -: 2520:using Variant = ::std::variant<T...>;
        -: 2521:}  // namespace internal
        -: 2522:}  // namespace testing
        -: 2523:// The case where absl is configured NOT to alias std::variant is not supported.
        -: 2524:#endif  // __cpp_lib_variant
        -: 2525:#endif  // GTEST_HAS_ABSL
        -: 2526:
        -: 2527:#ifndef GTEST_INTERNAL_HAS_VARIANT
        -: 2528:#define GTEST_INTERNAL_HAS_VARIANT 0
        -: 2529:#endif
        -: 2530:
        -: 2531:#if (defined(__cpp_constexpr) && !defined(__cpp_inline_variables)) || \
        -: 2532:    (defined(GTEST_INTERNAL_CPLUSPLUS_LANG) &&                        \
        -: 2533:     GTEST_INTERNAL_CPLUSPLUS_LANG < 201703L)
        -: 2534:#define GTEST_INTERNAL_NEED_REDUNDANT_CONSTEXPR_DECL 1
        -: 2535:#endif
        -: 2536:
        -: 2537:#endif  // GOOGLETEST_INCLUDE_GTEST_INTERNAL_GTEST_PORT_H_
