        -:    0:Source:/home/drowlia/code_save/ds/Stack/StackTest.cpp
        -:    0:Graph:/home/drowlia/code_save/ds/cmake-build-debug-/CMakeFiles/ds.dir/Stack/StackTest.cpp.gcno
        -:    0:Data:/home/drowlia/code_save/ds/cmake-build-debug-/CMakeFiles/ds.dir/Stack/StackTest.cpp.gcda
        -:    0:Runs:1
        -:    1://
        -:    2:// Created by drowlia on 24-12-9.
        -:    3://
        -:    4:
        -:    5:#include <gtest/gtest.h>
        -:    6:#include "Stack.hpp"
        -:    7:
        -:    8:using namespace ds;
        -:    9:
        4:   10:TEST(StackTest, Constructor_Default) {
        1:   11:    Stack<int> stack(10);
       1*:   12:    EXPECT_EQ(stack.size(), 0);
       1*:   13:    EXPECT_TRUE(stack.empty());
        1:   14:}
------------------
_ZN34StackTest_Constructor_Default_TestC2Ev:
function _ZN34StackTest_Constructor_Default_TestC2Ev called 1 returned 100% blocks executed 100%
        1:   10:TEST(StackTest, Constructor_Default) {
        1:   10-block 2
call    0 returned 1
------------------
_ZN34StackTest_Constructor_Default_TestD0Ev:
function _ZN34StackTest_Constructor_Default_TestD0Ev called 1 returned 100% blocks executed 100%
        1:   10:TEST(StackTest, Constructor_Default) {
        1:   10-block 2
call    0 returned 1
call    1 returned 1
------------------
_ZN34StackTest_Constructor_Default_TestD2Ev:
function _ZN34StackTest_Constructor_Default_TestD2Ev called 1 returned 100% blocks executed 100%
        1:   10:TEST(StackTest, Constructor_Default) {
        1:   10-block 2
call    0 returned 1
------------------
_ZN34StackTest_Constructor_Default_Test8TestBodyEv:
function _ZN34StackTest_Constructor_Default_Test8TestBodyEv called 1 returned 100% blocks executed 25%
        1:   10:TEST(StackTest, Constructor_Default) {
        1:   11:    Stack<int> stack(10);
        1:   11-block 2
call    0 returned 1
branch  1 taken 1 (fallthrough)
branch  2 taken 0 (throw)
       1*:   12:    EXPECT_EQ(stack.size(), 0);
        1:   12-block 3
call    0 returned 1
branch  1 taken 1 (fallthrough)
branch  2 taken 0 (throw)
        1:   12-block 4
call    3 returned 1
branch  4 taken 1 (fallthrough)
branch  5 taken 0 (throw)
        1:   12-block 5
call    6 returned 1
branch  7 taken 0 (fallthrough)
branch  8 taken 1
    %%%%%:   12-block 7
call    9 never executed
branch 10 never executed (fallthrough)
branch 11 never executed (throw)
    %%%%%:   12-block 8
call   12 never executed
call   13 never executed
branch 14 never executed (fallthrough)
branch 15 never executed (throw)
    %%%%%:   12-block 10
call   16 never executed
branch 17 never executed (fallthrough)
branch 18 never executed (throw)
    %%%%%:   12-block 11
call   19 never executed
call   20 never executed
        1:   12-block 14
call   21 returned 1
    $$$$$:   12-block 31
    $$$$$:   12-block 32
    $$$$$:   12-block 33
call   22 never executed
    $$$$$:   12-block 35
    $$$$$:   12-block 36
call   23 never executed
    $$$$$:   12-block 38
    $$$$$:   12-block 39
call   24 never executed
       1*:   13:    EXPECT_TRUE(stack.empty());
call    0 returned 1
branch  1 taken 1 (fallthrough)
branch  2 taken 0 (throw)
        1:   13-block 16
call    3 returned 1
call    4 returned 1
branch  5 taken 0 (fallthrough)
branch  6 taken 1
    %%%%%:   13-block 19
call    7 never executed
branch  8 never executed (fallthrough)
branch  9 never executed (throw)
    %%%%%:   13-block 20
call   10 never executed
branch 11 never executed (fallthrough)
branch 12 never executed (throw)
    %%%%%:   13-block 21
call   13 never executed
call   14 never executed
branch 15 never executed (fallthrough)
branch 16 never executed (throw)
    %%%%%:   13-block 23
call   17 never executed
branch 18 never executed (fallthrough)
branch 19 never executed (throw)
    %%%%%:   13-block 24
call   20 never executed
call   21 never executed
call   22 never executed
        1:   13-block 28
call   23 returned 1
    $$$$$:   13-block 42
    $$$$$:   13-block 43
call   24 never executed
    $$$$$:   13-block 45
call   25 never executed
    $$$$$:   13-block 47
    $$$$$:   13-block 48
    $$$$$:   13-block 49
call   26 never executed
    $$$$$:   13-block 51
    $$$$$:   13-block 52
call   27 never executed
        1:   14:}
call    0 returned 1
    $$$$$:   14-block 55
call    1 never executed
------------------
        -:   15:
        4:   16:TEST(StackTest, Push) {
        1:   17:    Stack<int> stack(3);
        1:   18:    stack.push(1);
        1:   19:    stack.push(2);
        1:   20:    stack.push(3);
        -:   21:
       1*:   22:    EXPECT_EQ(stack.size(), 3);
       1*:   23:    EXPECT_FALSE(stack.empty());
        1:   24:}
------------------
_ZN19StackTest_Push_TestC2Ev:
function _ZN19StackTest_Push_TestC2Ev called 1 returned 100% blocks executed 100%
        1:   16:TEST(StackTest, Push) {
        1:   16-block 2
call    0 returned 1
------------------
_ZN19StackTest_Push_TestD0Ev:
function _ZN19StackTest_Push_TestD0Ev called 1 returned 100% blocks executed 100%
        1:   16:TEST(StackTest, Push) {
        1:   16-block 2
call    0 returned 1
call    1 returned 1
------------------
_ZN19StackTest_Push_TestD2Ev:
function _ZN19StackTest_Push_TestD2Ev called 1 returned 100% blocks executed 100%
        1:   16:TEST(StackTest, Push) {
        1:   16-block 2
call    0 returned 1
------------------
_ZN19StackTest_Push_Test8TestBodyEv:
function _ZN19StackTest_Push_Test8TestBodyEv called 1 returned 100% blocks executed 29%
        1:   16:TEST(StackTest, Push) {
        1:   17:    Stack<int> stack(3);
        1:   17-block 2
call    0 returned 1
branch  1 taken 1 (fallthrough)
branch  2 taken 0 (throw)
        1:   18:    stack.push(1);
        1:   18-block 3
call    0 returned 1
branch  1 taken 1 (fallthrough)
branch  2 taken 0 (throw)
        1:   19:    stack.push(2);
        1:   19-block 4
call    0 returned 1
branch  1 taken 1 (fallthrough)
branch  2 taken 0 (throw)
        1:   20:    stack.push(3);
        1:   20-block 5
call    0 returned 1
branch  1 taken 1 (fallthrough)
branch  2 taken 0 (throw)
        -:   21:
       1*:   22:    EXPECT_EQ(stack.size(), 3);
        1:   22-block 6
call    0 returned 1
branch  1 taken 1 (fallthrough)
branch  2 taken 0 (throw)
        1:   22-block 7
call    3 returned 1
branch  4 taken 1 (fallthrough)
branch  5 taken 0 (throw)
        1:   22-block 8
call    6 returned 1
branch  7 taken 0 (fallthrough)
branch  8 taken 1
    %%%%%:   22-block 10
call    9 never executed
branch 10 never executed (fallthrough)
branch 11 never executed (throw)
    %%%%%:   22-block 11
call   12 never executed
call   13 never executed
branch 14 never executed (fallthrough)
branch 15 never executed (throw)
    %%%%%:   22-block 13
call   16 never executed
branch 17 never executed (fallthrough)
branch 18 never executed (throw)
    %%%%%:   22-block 14
call   19 never executed
call   20 never executed
        1:   22-block 17
call   21 returned 1
    $$$$$:   22-block 34
    $$$$$:   22-block 35
    $$$$$:   22-block 36
call   22 never executed
    $$$$$:   22-block 38
    $$$$$:   22-block 39
call   23 never executed
    $$$$$:   22-block 41
    $$$$$:   22-block 42
call   24 never executed
       1*:   23:    EXPECT_FALSE(stack.empty());
call    0 returned 1
branch  1 taken 1 (fallthrough)
branch  2 taken 0 (throw)
        1:   23-block 19
call    3 returned 1
call    4 returned 1
branch  5 taken 0 (fallthrough)
branch  6 taken 1
    %%%%%:   23-block 22
call    7 never executed
branch  8 never executed (fallthrough)
branch  9 never executed (throw)
    %%%%%:   23-block 23
call   10 never executed
branch 11 never executed (fallthrough)
branch 12 never executed (throw)
    %%%%%:   23-block 24
call   13 never executed
call   14 never executed
branch 15 never executed (fallthrough)
branch 16 never executed (throw)
    %%%%%:   23-block 26
call   17 never executed
branch 18 never executed (fallthrough)
branch 19 never executed (throw)
    %%%%%:   23-block 27
call   20 never executed
call   21 never executed
call   22 never executed
        1:   23-block 31
call   23 returned 1
    $$$$$:   23-block 45
    $$$$$:   23-block 46
call   24 never executed
    $$$$$:   23-block 48
call   25 never executed
    $$$$$:   23-block 50
    $$$$$:   23-block 51
    $$$$$:   23-block 52
call   26 never executed
    $$$$$:   23-block 54
    $$$$$:   23-block 55
call   27 never executed
        1:   24:}
call    0 returned 1
    $$$$$:   24-block 58
call    1 never executed
------------------
        -:   25:
        4:   26:TEST(StackTest, Pop) {
        1:   27:    Stack<int> stack(3);
        1:   28:    stack.push(1);
        1:   29:    stack.push(2);
        1:   30:    stack.push(3);
        -:   31:
        1:   32:    stack.pop();
       1*:   33:    EXPECT_EQ(stack.size(), 2);
       1*:   34:    EXPECT_EQ(stack.top(), 2);
        -:   35:
        1:   36:    stack.pop();
       1*:   37:    EXPECT_EQ(stack.size(), 1);
       1*:   38:    EXPECT_EQ(stack.top(), 1);
        -:   39:
        1:   40:    stack.pop();
       1*:   41:    EXPECT_EQ(stack.size(), 0);
       1*:   42:    EXPECT_TRUE(stack.empty());
        1:   43:}
------------------
_ZN18StackTest_Pop_TestC2Ev:
function _ZN18StackTest_Pop_TestC2Ev called 1 returned 100% blocks executed 100%
        1:   26:TEST(StackTest, Pop) {
        1:   26-block 2
call    0 returned 1
------------------
_ZN18StackTest_Pop_TestD0Ev:
function _ZN18StackTest_Pop_TestD0Ev called 1 returned 100% blocks executed 100%
        1:   26:TEST(StackTest, Pop) {
        1:   26-block 2
call    0 returned 1
call    1 returned 1
------------------
_ZN18StackTest_Pop_TestD2Ev:
function _ZN18StackTest_Pop_TestD2Ev called 1 returned 100% blocks executed 100%
        1:   26:TEST(StackTest, Pop) {
        1:   26-block 2
call    0 returned 1
------------------
_ZN18StackTest_Pop_Test8TestBodyEv:
function _ZN18StackTest_Pop_Test8TestBodyEv called 1 returned 100% blocks executed 26%
        1:   26:TEST(StackTest, Pop) {
        1:   27:    Stack<int> stack(3);
        1:   27-block 2
call    0 returned 1
branch  1 taken 1 (fallthrough)
branch  2 taken 0 (throw)
        1:   28:    stack.push(1);
        1:   28-block 3
call    0 returned 1
branch  1 taken 1 (fallthrough)
branch  2 taken 0 (throw)
        1:   29:    stack.push(2);
        1:   29-block 4
call    0 returned 1
branch  1 taken 1 (fallthrough)
branch  2 taken 0 (throw)
        1:   30:    stack.push(3);
        1:   30-block 5
call    0 returned 1
branch  1 taken 1 (fallthrough)
branch  2 taken 0 (throw)
        -:   31:
        1:   32:    stack.pop();
        1:   32-block 6
call    0 returned 1
branch  1 taken 1 (fallthrough)
branch  2 taken 0 (throw)
       1*:   33:    EXPECT_EQ(stack.size(), 2);
        1:   33-block 7
call    0 returned 1
branch  1 taken 1 (fallthrough)
branch  2 taken 0 (throw)
        1:   33-block 8
call    3 returned 1
branch  4 taken 1 (fallthrough)
branch  5 taken 0 (throw)
        1:   33-block 9
call    6 returned 1
branch  7 taken 0 (fallthrough)
branch  8 taken 1
    %%%%%:   33-block 11
call    9 never executed
branch 10 never executed (fallthrough)
branch 11 never executed (throw)
    %%%%%:   33-block 12
call   12 never executed
call   13 never executed
branch 14 never executed (fallthrough)
branch 15 never executed (throw)
    %%%%%:   33-block 14
call   16 never executed
branch 17 never executed (fallthrough)
branch 18 never executed (throw)
    %%%%%:   33-block 15
call   19 never executed
call   20 never executed
        1:   33-block 18
call   21 returned 1
    $$$$$:   33-block 85
    $$$$$:   33-block 86
    $$$$$:   33-block 87
call   22 never executed
    $$$$$:   33-block 89
    $$$$$:   33-block 90
call   23 never executed
    $$$$$:   33-block 92
    $$$$$:   33-block 93
call   24 never executed
       1*:   34:    EXPECT_EQ(stack.top(), 2);
call    0 returned 1
branch  1 taken 1 (fallthrough)
branch  2 taken 0 (throw)
        1:   34-block 20
call    3 returned 1
branch  4 taken 1 (fallthrough)
branch  5 taken 0 (throw)
        1:   34-block 21
call    6 returned 1
branch  7 taken 0 (fallthrough)
branch  8 taken 1
    %%%%%:   34-block 23
call    9 never executed
branch 10 never executed (fallthrough)
branch 11 never executed (throw)
    %%%%%:   34-block 24
call   12 never executed
call   13 never executed
branch 14 never executed (fallthrough)
branch 15 never executed (throw)
    %%%%%:   34-block 26
call   16 never executed
branch 17 never executed (fallthrough)
branch 18 never executed (throw)
    %%%%%:   34-block 27
call   19 never executed
call   20 never executed
        1:   34-block 30
call   21 returned 1
    $$$$$:   34-block 96
    $$$$$:   34-block 97
call   22 never executed
    $$$$$:   34-block 99
    $$$$$:   34-block 100
call   23 never executed
    $$$$$:   34-block 102
    $$$$$:   34-block 103
call   24 never executed
        -:   35:
        1:   36:    stack.pop();
call    0 returned 1
branch  1 taken 1 (fallthrough)
branch  2 taken 0 (throw)
       1*:   37:    EXPECT_EQ(stack.size(), 1);
        1:   37-block 32
call    0 returned 1
branch  1 taken 1 (fallthrough)
branch  2 taken 0 (throw)
        1:   37-block 33
call    3 returned 1
branch  4 taken 1 (fallthrough)
branch  5 taken 0 (throw)
        1:   37-block 34
call    6 returned 1
branch  7 taken 0 (fallthrough)
branch  8 taken 1
    %%%%%:   37-block 36
call    9 never executed
branch 10 never executed (fallthrough)
branch 11 never executed (throw)
    %%%%%:   37-block 37
call   12 never executed
call   13 never executed
branch 14 never executed (fallthrough)
branch 15 never executed (throw)
    %%%%%:   37-block 39
call   16 never executed
branch 17 never executed (fallthrough)
branch 18 never executed (throw)
    %%%%%:   37-block 40
call   19 never executed
call   20 never executed
        1:   37-block 43
call   21 returned 1
    $$$$$:   37-block 106
    $$$$$:   37-block 107
    $$$$$:   37-block 108
call   22 never executed
    $$$$$:   37-block 110
    $$$$$:   37-block 111
call   23 never executed
    $$$$$:   37-block 113
    $$$$$:   37-block 114
call   24 never executed
       1*:   38:    EXPECT_EQ(stack.top(), 1);
call    0 returned 1
branch  1 taken 1 (fallthrough)
branch  2 taken 0 (throw)
        1:   38-block 45
call    3 returned 1
branch  4 taken 1 (fallthrough)
branch  5 taken 0 (throw)
        1:   38-block 46
call    6 returned 1
branch  7 taken 0 (fallthrough)
branch  8 taken 1
    %%%%%:   38-block 48
call    9 never executed
branch 10 never executed (fallthrough)
branch 11 never executed (throw)
    %%%%%:   38-block 49
call   12 never executed
call   13 never executed
branch 14 never executed (fallthrough)
branch 15 never executed (throw)
    %%%%%:   38-block 51
call   16 never executed
branch 17 never executed (fallthrough)
branch 18 never executed (throw)
    %%%%%:   38-block 52
call   19 never executed
call   20 never executed
        1:   38-block 55
call   21 returned 1
    $$$$$:   38-block 117
    $$$$$:   38-block 118
call   22 never executed
    $$$$$:   38-block 120
    $$$$$:   38-block 121
call   23 never executed
    $$$$$:   38-block 123
    $$$$$:   38-block 124
call   24 never executed
        -:   39:
        1:   40:    stack.pop();
call    0 returned 1
branch  1 taken 1 (fallthrough)
branch  2 taken 0 (throw)
       1*:   41:    EXPECT_EQ(stack.size(), 0);
        1:   41-block 57
call    0 returned 1
branch  1 taken 1 (fallthrough)
branch  2 taken 0 (throw)
        1:   41-block 58
call    3 returned 1
branch  4 taken 1 (fallthrough)
branch  5 taken 0 (throw)
        1:   41-block 59
call    6 returned 1
branch  7 taken 0 (fallthrough)
branch  8 taken 1
    %%%%%:   41-block 61
call    9 never executed
branch 10 never executed (fallthrough)
branch 11 never executed (throw)
    %%%%%:   41-block 62
call   12 never executed
call   13 never executed
branch 14 never executed (fallthrough)
branch 15 never executed (throw)
    %%%%%:   41-block 64
call   16 never executed
branch 17 never executed (fallthrough)
branch 18 never executed (throw)
    %%%%%:   41-block 65
call   19 never executed
call   20 never executed
        1:   41-block 68
call   21 returned 1
    $$$$$:   41-block 127
    $$$$$:   41-block 128
    $$$$$:   41-block 129
call   22 never executed
    $$$$$:   41-block 131
    $$$$$:   41-block 132
call   23 never executed
    $$$$$:   41-block 134
    $$$$$:   41-block 135
call   24 never executed
       1*:   42:    EXPECT_TRUE(stack.empty());
call    0 returned 1
branch  1 taken 1 (fallthrough)
branch  2 taken 0 (throw)
        1:   42-block 70
call    3 returned 1
call    4 returned 1
branch  5 taken 0 (fallthrough)
branch  6 taken 1
    %%%%%:   42-block 73
call    7 never executed
branch  8 never executed (fallthrough)
branch  9 never executed (throw)
    %%%%%:   42-block 74
call   10 never executed
branch 11 never executed (fallthrough)
branch 12 never executed (throw)
    %%%%%:   42-block 75
call   13 never executed
call   14 never executed
branch 15 never executed (fallthrough)
branch 16 never executed (throw)
    %%%%%:   42-block 77
call   17 never executed
branch 18 never executed (fallthrough)
branch 19 never executed (throw)
    %%%%%:   42-block 78
call   20 never executed
call   21 never executed
call   22 never executed
        1:   42-block 82
call   23 returned 1
    $$$$$:   42-block 138
    $$$$$:   42-block 139
call   24 never executed
    $$$$$:   42-block 141
call   25 never executed
    $$$$$:   42-block 143
    $$$$$:   42-block 144
    $$$$$:   42-block 145
call   26 never executed
    $$$$$:   42-block 147
    $$$$$:   42-block 148
call   27 never executed
        1:   43:}
call    0 returned 1
    $$$$$:   43-block 151
call    1 never executed
------------------
        -:   44:
        4:   45:TEST(StackTest, Top) {
        1:   46:    Stack<int> stack(3);
        1:   47:    stack.push(1);
        1:   48:    stack.push(2);
        1:   49:    stack.push(3);
        -:   50:
       1*:   51:    EXPECT_EQ(stack.top(), 3);
        -:   52:
        1:   53:    stack.pop();
       1*:   54:    EXPECT_EQ(stack.top(), 2);
        -:   55:
        1:   56:    stack.pop();
       1*:   57:    EXPECT_EQ(stack.top(), 1);
        1:   58:}
------------------
_ZN18StackTest_Top_TestC2Ev:
function _ZN18StackTest_Top_TestC2Ev called 1 returned 100% blocks executed 100%
        1:   45:TEST(StackTest, Top) {
        1:   45-block 2
call    0 returned 1
------------------
_ZN18StackTest_Top_TestD0Ev:
function _ZN18StackTest_Top_TestD0Ev called 1 returned 100% blocks executed 100%
        1:   45:TEST(StackTest, Top) {
        1:   45-block 2
call    0 returned 1
call    1 returned 1
------------------
_ZN18StackTest_Top_TestD2Ev:
function _ZN18StackTest_Top_TestD2Ev called 1 returned 100% blocks executed 100%
        1:   45:TEST(StackTest, Top) {
        1:   45-block 2
call    0 returned 1
------------------
_ZN18StackTest_Top_Test8TestBodyEv:
function _ZN18StackTest_Top_Test8TestBodyEv called 1 returned 100% blocks executed 31%
        1:   45:TEST(StackTest, Top) {
        1:   46:    Stack<int> stack(3);
        1:   46-block 2
call    0 returned 1
branch  1 taken 1 (fallthrough)
branch  2 taken 0 (throw)
        1:   47:    stack.push(1);
        1:   47-block 3
call    0 returned 1
branch  1 taken 1 (fallthrough)
branch  2 taken 0 (throw)
        1:   48:    stack.push(2);
        1:   48-block 4
call    0 returned 1
branch  1 taken 1 (fallthrough)
branch  2 taken 0 (throw)
        1:   49:    stack.push(3);
        1:   49-block 5
call    0 returned 1
branch  1 taken 1 (fallthrough)
branch  2 taken 0 (throw)
        -:   50:
       1*:   51:    EXPECT_EQ(stack.top(), 3);
        1:   51-block 6
call    0 returned 1
branch  1 taken 1 (fallthrough)
branch  2 taken 0 (throw)
        1:   51-block 7
call    3 returned 1
branch  4 taken 1 (fallthrough)
branch  5 taken 0 (throw)
        1:   51-block 8
call    6 returned 1
branch  7 taken 0 (fallthrough)
branch  8 taken 1
    %%%%%:   51-block 10
call    9 never executed
branch 10 never executed (fallthrough)
branch 11 never executed (throw)
    %%%%%:   51-block 11
call   12 never executed
call   13 never executed
branch 14 never executed (fallthrough)
branch 15 never executed (throw)
    %%%%%:   51-block 13
call   16 never executed
branch 17 never executed (fallthrough)
branch 18 never executed (throw)
    %%%%%:   51-block 14
call   19 never executed
call   20 never executed
        1:   51-block 17
call   21 returned 1
    $$$$$:   51-block 46
    $$$$$:   51-block 47
call   22 never executed
    $$$$$:   51-block 49
    $$$$$:   51-block 50
call   23 never executed
    $$$$$:   51-block 52
    $$$$$:   51-block 53
call   24 never executed
        -:   52:
        1:   53:    stack.pop();
call    0 returned 1
branch  1 taken 1 (fallthrough)
branch  2 taken 0 (throw)
       1*:   54:    EXPECT_EQ(stack.top(), 2);
        1:   54-block 19
call    0 returned 1
branch  1 taken 1 (fallthrough)
branch  2 taken 0 (throw)
        1:   54-block 20
call    3 returned 1
branch  4 taken 1 (fallthrough)
branch  5 taken 0 (throw)
        1:   54-block 21
call    6 returned 1
branch  7 taken 0 (fallthrough)
branch  8 taken 1
    %%%%%:   54-block 23
call    9 never executed
branch 10 never executed (fallthrough)
branch 11 never executed (throw)
    %%%%%:   54-block 24
call   12 never executed
call   13 never executed
branch 14 never executed (fallthrough)
branch 15 never executed (throw)
    %%%%%:   54-block 26
call   16 never executed
branch 17 never executed (fallthrough)
branch 18 never executed (throw)
    %%%%%:   54-block 27
call   19 never executed
call   20 never executed
        1:   54-block 30
call   21 returned 1
    $$$$$:   54-block 56
    $$$$$:   54-block 57
call   22 never executed
    $$$$$:   54-block 59
    $$$$$:   54-block 60
call   23 never executed
    $$$$$:   54-block 62
    $$$$$:   54-block 63
call   24 never executed
        -:   55:
        1:   56:    stack.pop();
call    0 returned 1
branch  1 taken 1 (fallthrough)
branch  2 taken 0 (throw)
       1*:   57:    EXPECT_EQ(stack.top(), 1);
        1:   57-block 32
call    0 returned 1
branch  1 taken 1 (fallthrough)
branch  2 taken 0 (throw)
        1:   57-block 33
call    3 returned 1
branch  4 taken 1 (fallthrough)
branch  5 taken 0 (throw)
        1:   57-block 34
call    6 returned 1
branch  7 taken 0 (fallthrough)
branch  8 taken 1
    %%%%%:   57-block 36
call    9 never executed
branch 10 never executed (fallthrough)
branch 11 never executed (throw)
    %%%%%:   57-block 37
call   12 never executed
call   13 never executed
branch 14 never executed (fallthrough)
branch 15 never executed (throw)
    %%%%%:   57-block 39
call   16 never executed
branch 17 never executed (fallthrough)
branch 18 never executed (throw)
    %%%%%:   57-block 40
call   19 never executed
call   20 never executed
        1:   57-block 43
call   21 returned 1
    $$$$$:   57-block 66
    $$$$$:   57-block 67
call   22 never executed
    $$$$$:   57-block 69
    $$$$$:   57-block 70
call   23 never executed
    $$$$$:   57-block 72
    $$$$$:   57-block 73
call   24 never executed
        1:   58:}
call    0 returned 1
    $$$$$:   58-block 76
call    1 never executed
------------------
        -:   59:
        4:   60:TEST(StackTest, Empty) {
        1:   61:    Stack<int> stack(3);
       1*:   62:    EXPECT_TRUE(stack.empty());
        -:   63:
        1:   64:    stack.push(1);
       1*:   65:    EXPECT_FALSE(stack.empty());
        -:   66:
        1:   67:    stack.pop();
       1*:   68:    EXPECT_TRUE(stack.empty());
        1:   69:}
------------------
_ZN20StackTest_Empty_TestC2Ev:
function _ZN20StackTest_Empty_TestC2Ev called 1 returned 100% blocks executed 100%
        1:   60:TEST(StackTest, Empty) {
        1:   60-block 2
call    0 returned 1
------------------
_ZN20StackTest_Empty_TestD0Ev:
function _ZN20StackTest_Empty_TestD0Ev called 1 returned 100% blocks executed 100%
        1:   60:TEST(StackTest, Empty) {
        1:   60-block 2
call    0 returned 1
call    1 returned 1
------------------
_ZN20StackTest_Empty_TestD2Ev:
function _ZN20StackTest_Empty_TestD2Ev called 1 returned 100% blocks executed 100%
        1:   60:TEST(StackTest, Empty) {
        1:   60-block 2
call    0 returned 1
------------------
_ZN20StackTest_Empty_Test8TestBodyEv:
function _ZN20StackTest_Empty_Test8TestBodyEv called 1 returned 100% blocks executed 24%
        1:   60:TEST(StackTest, Empty) {
        1:   61:    Stack<int> stack(3);
        1:   61-block 2
call    0 returned 1
branch  1 taken 1 (fallthrough)
branch  2 taken 0 (throw)
       1*:   62:    EXPECT_TRUE(stack.empty());
        1:   62-block 3
call    0 returned 1
branch  1 taken 1 (fallthrough)
branch  2 taken 0 (throw)
        1:   62-block 4
call    3 returned 1
call    4 returned 1
branch  5 taken 0 (fallthrough)
branch  6 taken 1
    %%%%%:   62-block 7
call    7 never executed
branch  8 never executed (fallthrough)
branch  9 never executed (throw)
    %%%%%:   62-block 8
call   10 never executed
branch 11 never executed (fallthrough)
branch 12 never executed (throw)
    %%%%%:   62-block 9
call   13 never executed
call   14 never executed
branch 15 never executed (fallthrough)
branch 16 never executed (throw)
    %%%%%:   62-block 11
call   17 never executed
branch 18 never executed (fallthrough)
branch 19 never executed (throw)
    %%%%%:   62-block 12
call   20 never executed
call   21 never executed
call   22 never executed
        1:   62-block 16
call   23 returned 1
    $$$$$:   62-block 49
    $$$$$:   62-block 50
call   24 never executed
    $$$$$:   62-block 52
call   25 never executed
    $$$$$:   62-block 54
    $$$$$:   62-block 55
    $$$$$:   62-block 56
call   26 never executed
    $$$$$:   62-block 58
    $$$$$:   62-block 59
call   27 never executed
        -:   63:
        1:   64:    stack.push(1);
call    0 returned 1
branch  1 taken 1 (fallthrough)
branch  2 taken 0 (throw)
       1*:   65:    EXPECT_FALSE(stack.empty());
        1:   65-block 18
call    0 returned 1
branch  1 taken 1 (fallthrough)
branch  2 taken 0 (throw)
        1:   65-block 19
call    3 returned 1
call    4 returned 1
branch  5 taken 0 (fallthrough)
branch  6 taken 1
    %%%%%:   65-block 22
call    7 never executed
branch  8 never executed (fallthrough)
branch  9 never executed (throw)
    %%%%%:   65-block 23
call   10 never executed
branch 11 never executed (fallthrough)
branch 12 never executed (throw)
    %%%%%:   65-block 24
call   13 never executed
call   14 never executed
branch 15 never executed (fallthrough)
branch 16 never executed (throw)
    %%%%%:   65-block 26
call   17 never executed
branch 18 never executed (fallthrough)
branch 19 never executed (throw)
    %%%%%:   65-block 27
call   20 never executed
call   21 never executed
call   22 never executed
        1:   65-block 31
call   23 returned 1
    $$$$$:   65-block 62
    $$$$$:   65-block 63
call   24 never executed
    $$$$$:   65-block 65
call   25 never executed
    $$$$$:   65-block 67
    $$$$$:   65-block 68
    $$$$$:   65-block 69
call   26 never executed
    $$$$$:   65-block 71
    $$$$$:   65-block 72
call   27 never executed
        -:   66:
        1:   67:    stack.pop();
call    0 returned 1
branch  1 taken 1 (fallthrough)
branch  2 taken 0 (throw)
       1*:   68:    EXPECT_TRUE(stack.empty());
        1:   68-block 33
call    0 returned 1
branch  1 taken 1 (fallthrough)
branch  2 taken 0 (throw)
        1:   68-block 34
call    3 returned 1
call    4 returned 1
branch  5 taken 0 (fallthrough)
branch  6 taken 1
    %%%%%:   68-block 37
call    7 never executed
branch  8 never executed (fallthrough)
branch  9 never executed (throw)
    %%%%%:   68-block 38
call   10 never executed
branch 11 never executed (fallthrough)
branch 12 never executed (throw)
    %%%%%:   68-block 39
call   13 never executed
call   14 never executed
branch 15 never executed (fallthrough)
branch 16 never executed (throw)
    %%%%%:   68-block 41
call   17 never executed
branch 18 never executed (fallthrough)
branch 19 never executed (throw)
    %%%%%:   68-block 42
call   20 never executed
call   21 never executed
call   22 never executed
        1:   68-block 46
call   23 returned 1
    $$$$$:   68-block 75
    $$$$$:   68-block 76
call   24 never executed
    $$$$$:   68-block 78
call   25 never executed
    $$$$$:   68-block 80
    $$$$$:   68-block 81
    $$$$$:   68-block 82
call   26 never executed
    $$$$$:   68-block 84
    $$$$$:   68-block 85
call   27 never executed
        1:   69:}
call    0 returned 1
    $$$$$:   69-block 88
call    1 never executed
------------------
        -:   70:
        4:   71:TEST(StackTest, Size) {
        1:   72:    Stack<int> stack(3);
       1*:   73:    EXPECT_EQ(stack.size(), 0);
        -:   74:
        1:   75:    stack.push(1);
       1*:   76:    EXPECT_EQ(stack.size(), 1);
        -:   77:
        1:   78:    stack.push(2);
       1*:   79:    EXPECT_EQ(stack.size(), 2);
        -:   80:
        1:   81:    stack.push(3);
       1*:   82:    EXPECT_EQ(stack.size(), 3);
        -:   83:
        1:   84:    stack.pop();
       1*:   85:    EXPECT_EQ(stack.size(), 2);
        -:   86:
        1:   87:    stack.pop();
       1*:   88:    EXPECT_EQ(stack.size(), 1);
        -:   89:
        1:   90:    stack.pop();
       1*:   91:    EXPECT_EQ(stack.size(), 0);
        1:   92:}
------------------
_ZN19StackTest_Size_TestC2Ev:
function _ZN19StackTest_Size_TestC2Ev called 1 returned 100% blocks executed 100%
        1:   71:TEST(StackTest, Size) {
        1:   71-block 2
call    0 returned 1
------------------
_ZN19StackTest_Size_TestD0Ev:
function _ZN19StackTest_Size_TestD0Ev called 1 returned 100% blocks executed 100%
        1:   71:TEST(StackTest, Size) {
        1:   71-block 2
call    0 returned 1
call    1 returned 1
------------------
_ZN19StackTest_Size_TestD2Ev:
function _ZN19StackTest_Size_TestD2Ev called 1 returned 100% blocks executed 100%
        1:   71:TEST(StackTest, Size) {
        1:   71-block 2
call    0 returned 1
------------------
_ZN19StackTest_Size_Test8TestBodyEv:
function _ZN19StackTest_Size_Test8TestBodyEv called 1 returned 100% blocks executed 26%
        1:   71:TEST(StackTest, Size) {
        1:   72:    Stack<int> stack(3);
        1:   72-block 2
call    0 returned 1
branch  1 taken 1 (fallthrough)
branch  2 taken 0 (throw)
       1*:   73:    EXPECT_EQ(stack.size(), 0);
        1:   73-block 3
call    0 returned 1
branch  1 taken 1 (fallthrough)
branch  2 taken 0 (throw)
        1:   73-block 4
call    3 returned 1
branch  4 taken 1 (fallthrough)
branch  5 taken 0 (throw)
        1:   73-block 5
call    6 returned 1
branch  7 taken 0 (fallthrough)
branch  8 taken 1
    %%%%%:   73-block 7
call    9 never executed
branch 10 never executed (fallthrough)
branch 11 never executed (throw)
    %%%%%:   73-block 8
call   12 never executed
call   13 never executed
branch 14 never executed (fallthrough)
branch 15 never executed (throw)
    %%%%%:   73-block 10
call   16 never executed
branch 17 never executed (fallthrough)
branch 18 never executed (throw)
    %%%%%:   73-block 11
call   19 never executed
call   20 never executed
        1:   73-block 14
call   21 returned 1
    $$$$$:   73-block 95
    $$$$$:   73-block 96
    $$$$$:   73-block 97
call   22 never executed
    $$$$$:   73-block 99
    $$$$$:   73-block 100
call   23 never executed
    $$$$$:   73-block 102
    $$$$$:   73-block 103
call   24 never executed
        -:   74:
        1:   75:    stack.push(1);
call    0 returned 1
branch  1 taken 1 (fallthrough)
branch  2 taken 0 (throw)
       1*:   76:    EXPECT_EQ(stack.size(), 1);
        1:   76-block 16
call    0 returned 1
branch  1 taken 1 (fallthrough)
branch  2 taken 0 (throw)
        1:   76-block 17
call    3 returned 1
branch  4 taken 1 (fallthrough)
branch  5 taken 0 (throw)
        1:   76-block 18
call    6 returned 1
branch  7 taken 0 (fallthrough)
branch  8 taken 1
    %%%%%:   76-block 20
call    9 never executed
branch 10 never executed (fallthrough)
branch 11 never executed (throw)
    %%%%%:   76-block 21
call   12 never executed
call   13 never executed
branch 14 never executed (fallthrough)
branch 15 never executed (throw)
    %%%%%:   76-block 23
call   16 never executed
branch 17 never executed (fallthrough)
branch 18 never executed (throw)
    %%%%%:   76-block 24
call   19 never executed
call   20 never executed
        1:   76-block 27
call   21 returned 1
    $$$$$:   76-block 106
    $$$$$:   76-block 107
    $$$$$:   76-block 108
call   22 never executed
    $$$$$:   76-block 110
    $$$$$:   76-block 111
call   23 never executed
    $$$$$:   76-block 113
    $$$$$:   76-block 114
call   24 never executed
        -:   77:
        1:   78:    stack.push(2);
call    0 returned 1
branch  1 taken 1 (fallthrough)
branch  2 taken 0 (throw)
       1*:   79:    EXPECT_EQ(stack.size(), 2);
        1:   79-block 29
call    0 returned 1
branch  1 taken 1 (fallthrough)
branch  2 taken 0 (throw)
        1:   79-block 30
call    3 returned 1
branch  4 taken 1 (fallthrough)
branch  5 taken 0 (throw)
        1:   79-block 31
call    6 returned 1
branch  7 taken 0 (fallthrough)
branch  8 taken 1
    %%%%%:   79-block 33
call    9 never executed
branch 10 never executed (fallthrough)
branch 11 never executed (throw)
    %%%%%:   79-block 34
call   12 never executed
call   13 never executed
branch 14 never executed (fallthrough)
branch 15 never executed (throw)
    %%%%%:   79-block 36
call   16 never executed
branch 17 never executed (fallthrough)
branch 18 never executed (throw)
    %%%%%:   79-block 37
call   19 never executed
call   20 never executed
        1:   79-block 40
call   21 returned 1
    $$$$$:   79-block 117
    $$$$$:   79-block 118
    $$$$$:   79-block 119
call   22 never executed
    $$$$$:   79-block 121
    $$$$$:   79-block 122
call   23 never executed
    $$$$$:   79-block 124
    $$$$$:   79-block 125
call   24 never executed
        -:   80:
        1:   81:    stack.push(3);
call    0 returned 1
branch  1 taken 1 (fallthrough)
branch  2 taken 0 (throw)
       1*:   82:    EXPECT_EQ(stack.size(), 3);
        1:   82-block 42
call    0 returned 1
branch  1 taken 1 (fallthrough)
branch  2 taken 0 (throw)
        1:   82-block 43
call    3 returned 1
branch  4 taken 1 (fallthrough)
branch  5 taken 0 (throw)
        1:   82-block 44
call    6 returned 1
branch  7 taken 0 (fallthrough)
branch  8 taken 1
    %%%%%:   82-block 46
call    9 never executed
branch 10 never executed (fallthrough)
branch 11 never executed (throw)
    %%%%%:   82-block 47
call   12 never executed
call   13 never executed
branch 14 never executed (fallthrough)
branch 15 never executed (throw)
    %%%%%:   82-block 49
call   16 never executed
branch 17 never executed (fallthrough)
branch 18 never executed (throw)
    %%%%%:   82-block 50
call   19 never executed
call   20 never executed
        1:   82-block 53
call   21 returned 1
    $$$$$:   82-block 128
    $$$$$:   82-block 129
    $$$$$:   82-block 130
call   22 never executed
    $$$$$:   82-block 132
    $$$$$:   82-block 133
call   23 never executed
    $$$$$:   82-block 135
    $$$$$:   82-block 136
call   24 never executed
        -:   83:
        1:   84:    stack.pop();
call    0 returned 1
branch  1 taken 1 (fallthrough)
branch  2 taken 0 (throw)
       1*:   85:    EXPECT_EQ(stack.size(), 2);
        1:   85-block 55
call    0 returned 1
branch  1 taken 1 (fallthrough)
branch  2 taken 0 (throw)
        1:   85-block 56
call    3 returned 1
branch  4 taken 1 (fallthrough)
branch  5 taken 0 (throw)
        1:   85-block 57
call    6 returned 1
branch  7 taken 0 (fallthrough)
branch  8 taken 1
    %%%%%:   85-block 59
call    9 never executed
branch 10 never executed (fallthrough)
branch 11 never executed (throw)
    %%%%%:   85-block 60
call   12 never executed
call   13 never executed
branch 14 never executed (fallthrough)
branch 15 never executed (throw)
    %%%%%:   85-block 62
call   16 never executed
branch 17 never executed (fallthrough)
branch 18 never executed (throw)
    %%%%%:   85-block 63
call   19 never executed
call   20 never executed
        1:   85-block 66
call   21 returned 1
    $$$$$:   85-block 139
    $$$$$:   85-block 140
    $$$$$:   85-block 141
call   22 never executed
    $$$$$:   85-block 143
    $$$$$:   85-block 144
call   23 never executed
    $$$$$:   85-block 146
    $$$$$:   85-block 147
call   24 never executed
        -:   86:
        1:   87:    stack.pop();
call    0 returned 1
branch  1 taken 1 (fallthrough)
branch  2 taken 0 (throw)
       1*:   88:    EXPECT_EQ(stack.size(), 1);
        1:   88-block 68
call    0 returned 1
branch  1 taken 1 (fallthrough)
branch  2 taken 0 (throw)
        1:   88-block 69
call    3 returned 1
branch  4 taken 1 (fallthrough)
branch  5 taken 0 (throw)
        1:   88-block 70
call    6 returned 1
branch  7 taken 0 (fallthrough)
branch  8 taken 1
    %%%%%:   88-block 72
call    9 never executed
branch 10 never executed (fallthrough)
branch 11 never executed (throw)
    %%%%%:   88-block 73
call   12 never executed
call   13 never executed
branch 14 never executed (fallthrough)
branch 15 never executed (throw)
    %%%%%:   88-block 75
call   16 never executed
branch 17 never executed (fallthrough)
branch 18 never executed (throw)
    %%%%%:   88-block 76
call   19 never executed
call   20 never executed
        1:   88-block 79
call   21 returned 1
    $$$$$:   88-block 150
    $$$$$:   88-block 151
    $$$$$:   88-block 152
call   22 never executed
    $$$$$:   88-block 154
    $$$$$:   88-block 155
call   23 never executed
    $$$$$:   88-block 157
    $$$$$:   88-block 158
call   24 never executed
        -:   89:
        1:   90:    stack.pop();
call    0 returned 1
branch  1 taken 1 (fallthrough)
branch  2 taken 0 (throw)
       1*:   91:    EXPECT_EQ(stack.size(), 0);
        1:   91-block 81
call    0 returned 1
branch  1 taken 1 (fallthrough)
branch  2 taken 0 (throw)
        1:   91-block 82
call    3 returned 1
branch  4 taken 1 (fallthrough)
branch  5 taken 0 (throw)
        1:   91-block 83
call    6 returned 1
branch  7 taken 0 (fallthrough)
branch  8 taken 1
    %%%%%:   91-block 85
call    9 never executed
branch 10 never executed (fallthrough)
branch 11 never executed (throw)
    %%%%%:   91-block 86
call   12 never executed
call   13 never executed
branch 14 never executed (fallthrough)
branch 15 never executed (throw)
    %%%%%:   91-block 88
call   16 never executed
branch 17 never executed (fallthrough)
branch 18 never executed (throw)
    %%%%%:   91-block 89
call   19 never executed
call   20 never executed
        1:   91-block 92
call   21 returned 1
    $$$$$:   91-block 161
    $$$$$:   91-block 162
    $$$$$:   91-block 163
call   22 never executed
    $$$$$:   91-block 165
    $$$$$:   91-block 166
call   23 never executed
    $$$$$:   91-block 168
    $$$$$:   91-block 169
call   24 never executed
        1:   92:}
call    0 returned 1
    $$$$$:   92-block 172
call    1 never executed
------------------
        -:   93:
        4:   94:TEST(StackTest, CopyConstructor) {
        1:   95:    Stack<int> original(3);
        1:   96:    original.push(1);
        1:   97:    original.push(2);
        1:   98:    original.push(3);
        -:   99:
        1:  100:    Stack<int> copy(original);
       1*:  101:    EXPECT_EQ(copy.size(), original.size());
       1*:  102:    EXPECT_EQ(copy.top(), original.top());
        -:  103:
        4:  104:    while (!original.empty()) {
       3*:  105:        EXPECT_EQ(copy.top(), original.top());
        3:  106:        copy.pop();
        3:  107:        original.pop();
        -:  108:    }
        1:  109:}
------------------
_ZN30StackTest_CopyConstructor_TestC2Ev:
function _ZN30StackTest_CopyConstructor_TestC2Ev called 1 returned 100% blocks executed 100%
        1:   94:TEST(StackTest, CopyConstructor) {
        1:   94-block 2
call    0 returned 1
------------------
_ZN30StackTest_CopyConstructor_TestD0Ev:
function _ZN30StackTest_CopyConstructor_TestD0Ev called 1 returned 100% blocks executed 100%
        1:   94:TEST(StackTest, CopyConstructor) {
        1:   94-block 2
call    0 returned 1
call    1 returned 1
------------------
_ZN30StackTest_CopyConstructor_TestD2Ev:
function _ZN30StackTest_CopyConstructor_TestD2Ev called 1 returned 100% blocks executed 100%
        1:   94:TEST(StackTest, CopyConstructor) {
        1:   94-block 2
call    0 returned 1
------------------
_ZN30StackTest_CopyConstructor_Test8TestBodyEv:
function _ZN30StackTest_CopyConstructor_Test8TestBodyEv called 1 returned 100% blocks executed 37%
        1:   94:TEST(StackTest, CopyConstructor) {
        1:   95:    Stack<int> original(3);
        1:   95-block 2
call    0 returned 1
branch  1 taken 1 (fallthrough)
branch  2 taken 0 (throw)
        1:   96:    original.push(1);
        1:   96-block 3
call    0 returned 1
branch  1 taken 1 (fallthrough)
branch  2 taken 0 (throw)
        1:   97:    original.push(2);
        1:   97-block 4
call    0 returned 1
branch  1 taken 1 (fallthrough)
branch  2 taken 0 (throw)
        1:   98:    original.push(3);
        1:   98-block 5
call    0 returned 1
branch  1 taken 1 (fallthrough)
branch  2 taken 0 (throw)
        -:   99:
        1:  100:    Stack<int> copy(original);
        1:  100-block 6
call    0 returned 1
branch  1 taken 1 (fallthrough)
branch  2 taken 0 (throw)
       1*:  101:    EXPECT_EQ(copy.size(), original.size());
        1:  101-block 7
call    0 returned 1
branch  1 taken 1 (fallthrough)
branch  2 taken 0 (throw)
        1:  101-block 8
call    3 returned 1
branch  4 taken 1 (fallthrough)
branch  5 taken 0 (throw)
        1:  101-block 9
call    6 returned 1
branch  7 taken 1 (fallthrough)
branch  8 taken 0 (throw)
        1:  101-block 10
call    9 returned 1
branch 10 taken 0 (fallthrough)
branch 11 taken 1
    %%%%%:  101-block 12
call   12 never executed
branch 13 never executed (fallthrough)
branch 14 never executed (throw)
    %%%%%:  101-block 13
call   15 never executed
call   16 never executed
branch 17 never executed (fallthrough)
branch 18 never executed (throw)
    %%%%%:  101-block 15
call   19 never executed
branch 20 never executed (fallthrough)
branch 21 never executed (throw)
    %%%%%:  101-block 16
call   22 never executed
call   23 never executed
        1:  101-block 19
call   24 returned 1
    $$$$$:  101-block 54
    $$$$$:  101-block 55
    $$$$$:  101-block 56
call   25 never executed
    $$$$$:  101-block 58
    $$$$$:  101-block 59
call   26 never executed
    $$$$$:  101-block 61
    $$$$$:  101-block 62
call   27 never executed
       1*:  102:    EXPECT_EQ(copy.top(), original.top());
call    0 returned 1
branch  1 taken 1 (fallthrough)
branch  2 taken 0 (throw)
        1:  102-block 21
call    3 returned 1
branch  4 taken 1 (fallthrough)
branch  5 taken 0 (throw)
        1:  102-block 22
call    6 returned 1
branch  7 taken 1 (fallthrough)
branch  8 taken 0 (throw)
        1:  102-block 23
call    9 returned 1
branch 10 taken 0 (fallthrough)
branch 11 taken 1
    %%%%%:  102-block 25
call   12 never executed
branch 13 never executed (fallthrough)
branch 14 never executed (throw)
    %%%%%:  102-block 26
call   15 never executed
call   16 never executed
branch 17 never executed (fallthrough)
branch 18 never executed (throw)
    %%%%%:  102-block 28
call   19 never executed
branch 20 never executed (fallthrough)
branch 21 never executed (throw)
    %%%%%:  102-block 29
call   22 never executed
call   23 never executed
        1:  102-block 32
call   24 returned 1
    $$$$$:  102-block 65
call   25 never executed
    $$$$$:  102-block 67
    $$$$$:  102-block 68
call   26 never executed
    $$$$$:  102-block 70
    $$$$$:  102-block 71
call   27 never executed
        -:  103:
        4:  104:    while (!original.empty()) {
        4:  104-block 49
call    0 returned 4
branch  1 taken 4 (fallthrough)
branch  2 taken 0 (throw)
        4:  104-block 50
branch  3 taken 3
branch  4 taken 1 (fallthrough)
       3*:  105:        EXPECT_EQ(copy.top(), original.top());
        3:  105-block 34
call    0 returned 3
branch  1 taken 3 (fallthrough)
branch  2 taken 0 (throw)
        3:  105-block 35
call    3 returned 3
branch  4 taken 3 (fallthrough)
branch  5 taken 0 (throw)
        3:  105-block 36
call    6 returned 3
branch  7 taken 3 (fallthrough)
branch  8 taken 0 (throw)
        3:  105-block 37
call    9 returned 3
branch 10 taken 0 (fallthrough)
branch 11 taken 3
    %%%%%:  105-block 39
call   12 never executed
branch 13 never executed (fallthrough)
branch 14 never executed (throw)
    %%%%%:  105-block 40
call   15 never executed
call   16 never executed
branch 17 never executed (fallthrough)
branch 18 never executed (throw)
    %%%%%:  105-block 42
call   19 never executed
branch 20 never executed (fallthrough)
branch 21 never executed (throw)
    %%%%%:  105-block 43
call   22 never executed
call   23 never executed
        3:  105-block 46
call   24 returned 3
    $$$$$:  105-block 74
call   25 never executed
    $$$$$:  105-block 76
    $$$$$:  105-block 77
call   26 never executed
    $$$$$:  105-block 79
    $$$$$:  105-block 80
call   27 never executed
        3:  106:        copy.pop();
call    0 returned 3
branch  1 taken 3 (fallthrough)
branch  2 taken 0 (throw)
        3:  107:        original.pop();
        3:  107-block 48
call    0 returned 3
branch  1 taken 3 (fallthrough)
branch  2 taken 0 (throw)
        -:  108:    }
        1:  109:}
        1:  109-block 51
call    0 returned 1
call    1 returned 1
    $$$$$:  109-block 83
call    2 never executed
    $$$$$:  109-block 85
call    3 never executed
------------------
        -:  110:
        4:  111:TEST(StackTest, CopyAssignment) {
        1:  112:    Stack<int> original(3);
        1:  113:    original.push(1);
        1:  114:    original.push(2);
        1:  115:    original.push(3);
        -:  116:
        1:  117:    Stack<int> assigned = original;
       1*:  118:    EXPECT_EQ(assigned.size(), original.size());
       1*:  119:    EXPECT_EQ(assigned.top(), original.top());
        -:  120:
        4:  121:    while (!original.empty()) {
       3*:  122:        EXPECT_EQ(assigned.top(), original.top());
        3:  123:        assigned.pop();
        3:  124:        original.pop();
        -:  125:    }
        1:  126:}
------------------
_ZN29StackTest_CopyAssignment_TestC2Ev:
function _ZN29StackTest_CopyAssignment_TestC2Ev called 1 returned 100% blocks executed 100%
        1:  111:TEST(StackTest, CopyAssignment) {
        1:  111-block 2
call    0 returned 1
------------------
_ZN29StackTest_CopyAssignment_TestD0Ev:
function _ZN29StackTest_CopyAssignment_TestD0Ev called 1 returned 100% blocks executed 100%
        1:  111:TEST(StackTest, CopyAssignment) {
        1:  111-block 2
call    0 returned 1
call    1 returned 1
------------------
_ZN29StackTest_CopyAssignment_TestD2Ev:
function _ZN29StackTest_CopyAssignment_TestD2Ev called 1 returned 100% blocks executed 100%
        1:  111:TEST(StackTest, CopyAssignment) {
        1:  111-block 2
call    0 returned 1
------------------
_ZN29StackTest_CopyAssignment_Test8TestBodyEv:
function _ZN29StackTest_CopyAssignment_Test8TestBodyEv called 1 returned 100% blocks executed 37%
        1:  111:TEST(StackTest, CopyAssignment) {
        1:  112:    Stack<int> original(3);
        1:  112-block 2
call    0 returned 1
branch  1 taken 1 (fallthrough)
branch  2 taken 0 (throw)
        1:  113:    original.push(1);
        1:  113-block 3
call    0 returned 1
branch  1 taken 1 (fallthrough)
branch  2 taken 0 (throw)
        1:  114:    original.push(2);
        1:  114-block 4
call    0 returned 1
branch  1 taken 1 (fallthrough)
branch  2 taken 0 (throw)
        1:  115:    original.push(3);
        1:  115-block 5
call    0 returned 1
branch  1 taken 1 (fallthrough)
branch  2 taken 0 (throw)
        -:  116:
        1:  117:    Stack<int> assigned = original;
        1:  117-block 6
call    0 returned 1
branch  1 taken 1 (fallthrough)
branch  2 taken 0 (throw)
       1*:  118:    EXPECT_EQ(assigned.size(), original.size());
        1:  118-block 7
call    0 returned 1
branch  1 taken 1 (fallthrough)
branch  2 taken 0 (throw)
        1:  118-block 8
call    3 returned 1
branch  4 taken 1 (fallthrough)
branch  5 taken 0 (throw)
        1:  118-block 9
call    6 returned 1
branch  7 taken 1 (fallthrough)
branch  8 taken 0 (throw)
        1:  118-block 10
call    9 returned 1
branch 10 taken 0 (fallthrough)
branch 11 taken 1
    %%%%%:  118-block 12
call   12 never executed
branch 13 never executed (fallthrough)
branch 14 never executed (throw)
    %%%%%:  118-block 13
call   15 never executed
call   16 never executed
branch 17 never executed (fallthrough)
branch 18 never executed (throw)
    %%%%%:  118-block 15
call   19 never executed
branch 20 never executed (fallthrough)
branch 21 never executed (throw)
    %%%%%:  118-block 16
call   22 never executed
call   23 never executed
        1:  118-block 19
call   24 returned 1
    $$$$$:  118-block 54
    $$$$$:  118-block 55
    $$$$$:  118-block 56
call   25 never executed
    $$$$$:  118-block 58
    $$$$$:  118-block 59
call   26 never executed
    $$$$$:  118-block 61
    $$$$$:  118-block 62
call   27 never executed
       1*:  119:    EXPECT_EQ(assigned.top(), original.top());
call    0 returned 1
branch  1 taken 1 (fallthrough)
branch  2 taken 0 (throw)
        1:  119-block 21
call    3 returned 1
branch  4 taken 1 (fallthrough)
branch  5 taken 0 (throw)
        1:  119-block 22
call    6 returned 1
branch  7 taken 1 (fallthrough)
branch  8 taken 0 (throw)
        1:  119-block 23
call    9 returned 1
branch 10 taken 0 (fallthrough)
branch 11 taken 1
    %%%%%:  119-block 25
call   12 never executed
branch 13 never executed (fallthrough)
branch 14 never executed (throw)
    %%%%%:  119-block 26
call   15 never executed
call   16 never executed
branch 17 never executed (fallthrough)
branch 18 never executed (throw)
    %%%%%:  119-block 28
call   19 never executed
branch 20 never executed (fallthrough)
branch 21 never executed (throw)
    %%%%%:  119-block 29
call   22 never executed
call   23 never executed
        1:  119-block 32
call   24 returned 1
    $$$$$:  119-block 65
call   25 never executed
    $$$$$:  119-block 67
    $$$$$:  119-block 68
call   26 never executed
    $$$$$:  119-block 70
    $$$$$:  119-block 71
call   27 never executed
        -:  120:
        4:  121:    while (!original.empty()) {
        4:  121-block 49
call    0 returned 4
branch  1 taken 4 (fallthrough)
branch  2 taken 0 (throw)
        4:  121-block 50
branch  3 taken 3
branch  4 taken 1 (fallthrough)
       3*:  122:        EXPECT_EQ(assigned.top(), original.top());
        3:  122-block 34
call    0 returned 3
branch  1 taken 3 (fallthrough)
branch  2 taken 0 (throw)
        3:  122-block 35
call    3 returned 3
branch  4 taken 3 (fallthrough)
branch  5 taken 0 (throw)
        3:  122-block 36
call    6 returned 3
branch  7 taken 3 (fallthrough)
branch  8 taken 0 (throw)
        3:  122-block 37
call    9 returned 3
branch 10 taken 0 (fallthrough)
branch 11 taken 3
    %%%%%:  122-block 39
call   12 never executed
branch 13 never executed (fallthrough)
branch 14 never executed (throw)
    %%%%%:  122-block 40
call   15 never executed
call   16 never executed
branch 17 never executed (fallthrough)
branch 18 never executed (throw)
    %%%%%:  122-block 42
call   19 never executed
branch 20 never executed (fallthrough)
branch 21 never executed (throw)
    %%%%%:  122-block 43
call   22 never executed
call   23 never executed
        3:  122-block 46
call   24 returned 3
    $$$$$:  122-block 74
call   25 never executed
    $$$$$:  122-block 76
    $$$$$:  122-block 77
call   26 never executed
    $$$$$:  122-block 79
    $$$$$:  122-block 80
call   27 never executed
        3:  123:        assigned.pop();
call    0 returned 3
branch  1 taken 3 (fallthrough)
branch  2 taken 0 (throw)
        3:  124:        original.pop();
        3:  124-block 48
call    0 returned 3
branch  1 taken 3 (fallthrough)
branch  2 taken 0 (throw)
        -:  125:    }
        1:  126:}
        1:  126-block 51
call    0 returned 1
call    1 returned 1
    $$$$$:  126-block 83
call    2 never executed
    $$$$$:  126-block 85
call    3 never executed
------------------
        -:  127:
        4:  128:TEST(StackTest, MoveConstructor) {
        1:  129:    Stack<int> original(3);
        1:  130:    original.push(1);
        1:  131:    original.push(2);
        1:  132:    original.push(3);
        -:  133:
        1:  134:    Stack<int> moved(std::move(original));
       1*:  135:    EXPECT_EQ(moved.size(), 3);
       1*:  136:    EXPECT_EQ(moved.top(), 3);
        -:  137:
        1:  138:    moved.pop();
       1*:  139:    EXPECT_EQ(moved.top(), 2);
        -:  140:
        1:  141:    moved.pop();
       1*:  142:    EXPECT_EQ(moved.top(), 1);
        1:  143:}
------------------
_ZN30StackTest_MoveConstructor_TestC2Ev:
function _ZN30StackTest_MoveConstructor_TestC2Ev called 1 returned 100% blocks executed 100%
        1:  128:TEST(StackTest, MoveConstructor) {
        1:  128-block 2
call    0 returned 1
------------------
_ZN30StackTest_MoveConstructor_TestD0Ev:
function _ZN30StackTest_MoveConstructor_TestD0Ev called 1 returned 100% blocks executed 100%
        1:  128:TEST(StackTest, MoveConstructor) {
        1:  128-block 2
call    0 returned 1
call    1 returned 1
------------------
_ZN30StackTest_MoveConstructor_TestD2Ev:
function _ZN30StackTest_MoveConstructor_TestD2Ev called 1 returned 100% blocks executed 100%
        1:  128:TEST(StackTest, MoveConstructor) {
        1:  128-block 2
call    0 returned 1
------------------
_ZN30StackTest_MoveConstructor_Test8TestBodyEv:
function _ZN30StackTest_MoveConstructor_Test8TestBodyEv called 1 returned 100% blocks executed 30%
        1:  128:TEST(StackTest, MoveConstructor) {
        1:  129:    Stack<int> original(3);
        1:  129-block 2
call    0 returned 1
branch  1 taken 1 (fallthrough)
branch  2 taken 0 (throw)
        1:  130:    original.push(1);
        1:  130-block 3
call    0 returned 1
branch  1 taken 1 (fallthrough)
branch  2 taken 0 (throw)
        1:  131:    original.push(2);
        1:  131-block 4
call    0 returned 1
branch  1 taken 1 (fallthrough)
branch  2 taken 0 (throw)
        1:  132:    original.push(3);
        1:  132-block 5
call    0 returned 1
branch  1 taken 1 (fallthrough)
branch  2 taken 0 (throw)
        -:  133:
        1:  134:    Stack<int> moved(std::move(original));
        1:  134-block 6
call    0 returned 1
call    1 returned 1
       1*:  135:    EXPECT_EQ(moved.size(), 3);
call    0 returned 1
branch  1 taken 1 (fallthrough)
branch  2 taken 0 (throw)
        1:  135-block 9
call    3 returned 1
branch  4 taken 1 (fallthrough)
branch  5 taken 0 (throw)
        1:  135-block 10
call    6 returned 1
branch  7 taken 0 (fallthrough)
branch  8 taken 1
    %%%%%:  135-block 12
call    9 never executed
branch 10 never executed (fallthrough)
branch 11 never executed (throw)
    %%%%%:  135-block 13
call   12 never executed
call   13 never executed
branch 14 never executed (fallthrough)
branch 15 never executed (throw)
    %%%%%:  135-block 15
call   16 never executed
branch 17 never executed (fallthrough)
branch 18 never executed (throw)
    %%%%%:  135-block 16
call   19 never executed
call   20 never executed
        1:  135-block 19
call   21 returned 1
    $$$$$:  135-block 61
    $$$$$:  135-block 62
    $$$$$:  135-block 63
call   22 never executed
    $$$$$:  135-block 65
    $$$$$:  135-block 66
call   23 never executed
    $$$$$:  135-block 68
    $$$$$:  135-block 69
call   24 never executed
       1*:  136:    EXPECT_EQ(moved.top(), 3);
call    0 returned 1
branch  1 taken 1 (fallthrough)
branch  2 taken 0 (throw)
        1:  136-block 21
call    3 returned 1
branch  4 taken 1 (fallthrough)
branch  5 taken 0 (throw)
        1:  136-block 22
call    6 returned 1
branch  7 taken 0 (fallthrough)
branch  8 taken 1
    %%%%%:  136-block 24
call    9 never executed
branch 10 never executed (fallthrough)
branch 11 never executed (throw)
    %%%%%:  136-block 25
call   12 never executed
call   13 never executed
branch 14 never executed (fallthrough)
branch 15 never executed (throw)
    %%%%%:  136-block 27
call   16 never executed
branch 17 never executed (fallthrough)
branch 18 never executed (throw)
    %%%%%:  136-block 28
call   19 never executed
call   20 never executed
        1:  136-block 31
call   21 returned 1
    $$$$$:  136-block 72
    $$$$$:  136-block 73
call   22 never executed
    $$$$$:  136-block 75
    $$$$$:  136-block 76
call   23 never executed
    $$$$$:  136-block 78
    $$$$$:  136-block 79
call   24 never executed
        -:  137:
        1:  138:    moved.pop();
call    0 returned 1
branch  1 taken 1 (fallthrough)
branch  2 taken 0 (throw)
       1*:  139:    EXPECT_EQ(moved.top(), 2);
        1:  139-block 33
call    0 returned 1
branch  1 taken 1 (fallthrough)
branch  2 taken 0 (throw)
        1:  139-block 34
call    3 returned 1
branch  4 taken 1 (fallthrough)
branch  5 taken 0 (throw)
        1:  139-block 35
call    6 returned 1
branch  7 taken 0 (fallthrough)
branch  8 taken 1
    %%%%%:  139-block 37
call    9 never executed
branch 10 never executed (fallthrough)
branch 11 never executed (throw)
    %%%%%:  139-block 38
call   12 never executed
call   13 never executed
branch 14 never executed (fallthrough)
branch 15 never executed (throw)
    %%%%%:  139-block 40
call   16 never executed
branch 17 never executed (fallthrough)
branch 18 never executed (throw)
    %%%%%:  139-block 41
call   19 never executed
call   20 never executed
        1:  139-block 44
call   21 returned 1
    $$$$$:  139-block 82
    $$$$$:  139-block 83
call   22 never executed
    $$$$$:  139-block 85
    $$$$$:  139-block 86
call   23 never executed
    $$$$$:  139-block 88
    $$$$$:  139-block 89
call   24 never executed
        -:  140:
        1:  141:    moved.pop();
call    0 returned 1
branch  1 taken 1 (fallthrough)
branch  2 taken 0 (throw)
       1*:  142:    EXPECT_EQ(moved.top(), 1);
        1:  142-block 46
call    0 returned 1
branch  1 taken 1 (fallthrough)
branch  2 taken 0 (throw)
        1:  142-block 47
call    3 returned 1
branch  4 taken 1 (fallthrough)
branch  5 taken 0 (throw)
        1:  142-block 48
call    6 returned 1
branch  7 taken 0 (fallthrough)
branch  8 taken 1
    %%%%%:  142-block 50
call    9 never executed
branch 10 never executed (fallthrough)
branch 11 never executed (throw)
    %%%%%:  142-block 51
call   12 never executed
call   13 never executed
branch 14 never executed (fallthrough)
branch 15 never executed (throw)
    %%%%%:  142-block 53
call   16 never executed
branch 17 never executed (fallthrough)
branch 18 never executed (throw)
    %%%%%:  142-block 54
call   19 never executed
call   20 never executed
        1:  142-block 57
call   21 returned 1
    $$$$$:  142-block 92
    $$$$$:  142-block 93
call   22 never executed
    $$$$$:  142-block 95
    $$$$$:  142-block 96
call   23 never executed
    $$$$$:  142-block 98
    $$$$$:  142-block 99
call   24 never executed
        1:  143:}
call    0 returned 1
call    1 returned 1
    $$$$$:  143-block 102
call    2 never executed
    $$$$$:  143-block 104
call    3 never executed
------------------
        -:  144:
        4:  145:TEST(StackTest, MoveAssignmentOperator) {
        1:  146:    Stack<int> original(3);
        1:  147:    original.push(1);
        1:  148:    original.push(2);
        1:  149:    original.push(3);
        -:  150:
        1:  151:    Stack<int> moved = std::move(original);
       1*:  152:    EXPECT_EQ(moved.size(), 3);
       1*:  153:    EXPECT_EQ(moved.top(), 3);
        -:  154:
        1:  155:    moved.pop();
       1*:  156:    EXPECT_EQ(moved.top(), 2);
        -:  157:
        1:  158:    moved.pop();
       1*:  159:    EXPECT_EQ(moved.top(), 1);
        1:  160:}
------------------
_ZN37StackTest_MoveAssignmentOperator_TestC2Ev:
function _ZN37StackTest_MoveAssignmentOperator_TestC2Ev called 1 returned 100% blocks executed 100%
        1:  145:TEST(StackTest, MoveAssignmentOperator) {
        1:  145-block 2
call    0 returned 1
------------------
_ZN37StackTest_MoveAssignmentOperator_TestD0Ev:
function _ZN37StackTest_MoveAssignmentOperator_TestD0Ev called 1 returned 100% blocks executed 100%
        1:  145:TEST(StackTest, MoveAssignmentOperator) {
        1:  145-block 2
call    0 returned 1
call    1 returned 1
------------------
_ZN37StackTest_MoveAssignmentOperator_TestD2Ev:
function _ZN37StackTest_MoveAssignmentOperator_TestD2Ev called 1 returned 100% blocks executed 100%
        1:  145:TEST(StackTest, MoveAssignmentOperator) {
        1:  145-block 2
call    0 returned 1
------------------
_ZN37StackTest_MoveAssignmentOperator_Test8TestBodyEv:
function _ZN37StackTest_MoveAssignmentOperator_Test8TestBodyEv called 1 returned 100% blocks executed 30%
        1:  145:TEST(StackTest, MoveAssignmentOperator) {
        1:  146:    Stack<int> original(3);
        1:  146-block 2
call    0 returned 1
branch  1 taken 1 (fallthrough)
branch  2 taken 0 (throw)
        1:  147:    original.push(1);
        1:  147-block 3
call    0 returned 1
branch  1 taken 1 (fallthrough)
branch  2 taken 0 (throw)
        1:  148:    original.push(2);
        1:  148-block 4
call    0 returned 1
branch  1 taken 1 (fallthrough)
branch  2 taken 0 (throw)
        1:  149:    original.push(3);
        1:  149-block 5
call    0 returned 1
branch  1 taken 1 (fallthrough)
branch  2 taken 0 (throw)
        -:  150:
        1:  151:    Stack<int> moved = std::move(original);
        1:  151-block 6
call    0 returned 1
call    1 returned 1
       1*:  152:    EXPECT_EQ(moved.size(), 3);
call    0 returned 1
branch  1 taken 1 (fallthrough)
branch  2 taken 0 (throw)
        1:  152-block 9
call    3 returned 1
branch  4 taken 1 (fallthrough)
branch  5 taken 0 (throw)
        1:  152-block 10
call    6 returned 1
branch  7 taken 0 (fallthrough)
branch  8 taken 1
    %%%%%:  152-block 12
call    9 never executed
branch 10 never executed (fallthrough)
branch 11 never executed (throw)
    %%%%%:  152-block 13
call   12 never executed
call   13 never executed
branch 14 never executed (fallthrough)
branch 15 never executed (throw)
    %%%%%:  152-block 15
call   16 never executed
branch 17 never executed (fallthrough)
branch 18 never executed (throw)
    %%%%%:  152-block 16
call   19 never executed
call   20 never executed
        1:  152-block 19
call   21 returned 1
    $$$$$:  152-block 61
    $$$$$:  152-block 62
    $$$$$:  152-block 63
call   22 never executed
    $$$$$:  152-block 65
    $$$$$:  152-block 66
call   23 never executed
    $$$$$:  152-block 68
    $$$$$:  152-block 69
call   24 never executed
       1*:  153:    EXPECT_EQ(moved.top(), 3);
call    0 returned 1
branch  1 taken 1 (fallthrough)
branch  2 taken 0 (throw)
        1:  153-block 21
call    3 returned 1
branch  4 taken 1 (fallthrough)
branch  5 taken 0 (throw)
        1:  153-block 22
call    6 returned 1
branch  7 taken 0 (fallthrough)
branch  8 taken 1
    %%%%%:  153-block 24
call    9 never executed
branch 10 never executed (fallthrough)
branch 11 never executed (throw)
    %%%%%:  153-block 25
call   12 never executed
call   13 never executed
branch 14 never executed (fallthrough)
branch 15 never executed (throw)
    %%%%%:  153-block 27
call   16 never executed
branch 17 never executed (fallthrough)
branch 18 never executed (throw)
    %%%%%:  153-block 28
call   19 never executed
call   20 never executed
        1:  153-block 31
call   21 returned 1
    $$$$$:  153-block 72
    $$$$$:  153-block 73
call   22 never executed
    $$$$$:  153-block 75
    $$$$$:  153-block 76
call   23 never executed
    $$$$$:  153-block 78
    $$$$$:  153-block 79
call   24 never executed
        -:  154:
        1:  155:    moved.pop();
call    0 returned 1
branch  1 taken 1 (fallthrough)
branch  2 taken 0 (throw)
       1*:  156:    EXPECT_EQ(moved.top(), 2);
        1:  156-block 33
call    0 returned 1
branch  1 taken 1 (fallthrough)
branch  2 taken 0 (throw)
        1:  156-block 34
call    3 returned 1
branch  4 taken 1 (fallthrough)
branch  5 taken 0 (throw)
        1:  156-block 35
call    6 returned 1
branch  7 taken 0 (fallthrough)
branch  8 taken 1
    %%%%%:  156-block 37
call    9 never executed
branch 10 never executed (fallthrough)
branch 11 never executed (throw)
    %%%%%:  156-block 38
call   12 never executed
call   13 never executed
branch 14 never executed (fallthrough)
branch 15 never executed (throw)
    %%%%%:  156-block 40
call   16 never executed
branch 17 never executed (fallthrough)
branch 18 never executed (throw)
    %%%%%:  156-block 41
call   19 never executed
call   20 never executed
        1:  156-block 44
call   21 returned 1
    $$$$$:  156-block 82
    $$$$$:  156-block 83
call   22 never executed
    $$$$$:  156-block 85
    $$$$$:  156-block 86
call   23 never executed
    $$$$$:  156-block 88
    $$$$$:  156-block 89
call   24 never executed
        -:  157:
        1:  158:    moved.pop();
call    0 returned 1
branch  1 taken 1 (fallthrough)
branch  2 taken 0 (throw)
       1*:  159:    EXPECT_EQ(moved.top(), 1);
        1:  159-block 46
call    0 returned 1
branch  1 taken 1 (fallthrough)
branch  2 taken 0 (throw)
        1:  159-block 47
call    3 returned 1
branch  4 taken 1 (fallthrough)
branch  5 taken 0 (throw)
        1:  159-block 48
call    6 returned 1
branch  7 taken 0 (fallthrough)
branch  8 taken 1
    %%%%%:  159-block 50
call    9 never executed
branch 10 never executed (fallthrough)
branch 11 never executed (throw)
    %%%%%:  159-block 51
call   12 never executed
call   13 never executed
branch 14 never executed (fallthrough)
branch 15 never executed (throw)
    %%%%%:  159-block 53
call   16 never executed
branch 17 never executed (fallthrough)
branch 18 never executed (throw)
    %%%%%:  159-block 54
call   19 never executed
call   20 never executed
        1:  159-block 57
call   21 returned 1
    $$$$$:  159-block 92
    $$$$$:  159-block 93
call   22 never executed
    $$$$$:  159-block 95
    $$$$$:  159-block 96
call   23 never executed
    $$$$$:  159-block 98
    $$$$$:  159-block 99
call   24 never executed
        1:  160:}
call    0 returned 1
call    1 returned 1
    $$$$$:  160-block 102
call    2 never executed
    $$$$$:  160-block 104
call    3 never executed
------------------
